{"C:\\Users\\pacoy\\Desktop\\Nouveau dossier (3)\\Nouveau dossier\\my-react-router-app\\server\\config\\database.js": {"path":"C:\\Users\\pacoy\\Desktop\\Nouveau dossier (3)\\Nouveau dossier\\my-react-router-app\\server\\config\\database.js","statementMap":{"0":{"start":{"line":5,"column":29},"end":{"line":27,"column":1}},"1":{"start":{"line":6,"column":15},"end":{"line":25,"column":3}},"2":{"start":{"line":22,"column":32},"end":{"line":22,"column":40}},"3":{"start":{"line":26,"column":2},"end":{"line":26,"column":14}},"4":{"start":{"line":30,"column":26},"end":{"line":30,"column":32}},"5":{"start":{"line":32,"column":2},"end":{"line":43,"column":3}},"6":{"start":{"line":33,"column":4},"end":{"line":39,"column":34}},"7":{"start":{"line":41,"column":4},"end":{"line":41,"column":64}},"8":{"start":{"line":42,"column":4},"end":{"line":42,"column":16}},"9":{"start":{"line":45,"column":2},"end":{"line":47,"column":3}},"10":{"start":{"line":46,"column":4},"end":{"line":46,"column":36}},"11":{"start":{"line":48,"column":2},"end":{"line":48,"column":16}},"12":{"start":{"line":51,"column":15},"end":{"line":51,"column":98}}},"fnMap":{"0":{"name":"(anonymous_0)","decl":{"start":{"line":5,"column":29},"end":{"line":5,"column":30}},"loc":{"start":{"line":5,"column":35},"end":{"line":27,"column":1}},"line":5},"1":{"name":"(anonymous_1)","decl":{"start":{"line":22,"column":18},"end":{"line":22,"column":19}},"loc":{"start":{"line":22,"column":32},"end":{"line":22,"column":40}},"line":22},"2":{"name":"(anonymous_2)","decl":{"start":{"line":23,"column":14},"end":{"line":23,"column":15}},"loc":{"start":{"line":23,"column":26},"end":{"line":23,"column":28}},"line":23},"3":{"name":"(anonymous_3)","decl":{"start":{"line":24,"column":17},"end":{"line":24,"column":18}},"loc":{"start":{"line":24,"column":29},"end":{"line":24,"column":31}},"line":24},"4":{"name":"createRealPrismaClient","decl":{"start":{"line":29,"column":9},"end":{"line":29,"column":31}},"loc":{"start":{"line":29,"column":34},"end":{"line":49,"column":1}},"line":29}},"branchMap":{"0":{"loc":{"start":{"line":33,"column":13},"end":{"line":39,"column":33}},"type":"binary-expr","locations":[{"start":{"line":33,"column":13},"end":{"line":33,"column":35}},{"start":{"line":33,"column":39},"end":{"line":39,"column":33}}],"line":33},"1":{"loc":{"start":{"line":45,"column":2},"end":{"line":47,"column":3}},"type":"if","locations":[{"start":{"line":45,"column":2},"end":{"line":47,"column":3}},{"start":{},"end":{}}],"line":45},"2":{"loc":{"start":{"line":51,"column":15},"end":{"line":51,"column":98}},"type":"cond-expr","locations":[{"start":{"line":51,"column":49},"end":{"line":51,"column":71}},{"start":{"line":51,"column":74},"end":{"line":51,"column":98}}],"line":51}},"s":{"0":2,"1":2,"2":2,"3":2,"4":0,"5":0,"6":0,"7":0,"8":0,"9":0,"10":0,"11":0,"12":2},"f":{"0":2,"1":2,"2":0,"3":0,"4":0},"b":{"0":[0,0],"1":[0,0],"2":[2,0]},"inputSourceMap":null,"_coverageSchema":"1a1c01bbd47fc00a2c39e90264f33305004495a9","hash":"37fc28d12653fc13045d6f30834f5bcf74c4bef2"}
,"C:\\Users\\pacoy\\Desktop\\Nouveau dossier (3)\\Nouveau dossier\\my-react-router-app\\server\\controllers\\user.controller.js": {"path":"C:\\Users\\pacoy\\Desktop\\Nouveau dossier (3)\\Nouveau dossier\\my-react-router-app\\server\\controllers\\user.controller.js","statementMap":{"0":{"start":{"line":14,"column":2},"end":{"line":14,"column":25}},"1":{"start":{"line":14,"column":13},"end":{"line":14,"column":25}},"2":{"start":{"line":15,"column":32},"end":{"line":15,"column":36}},"3":{"start":{"line":16,"column":2},"end":{"line":16,"column":99}},"4":{"start":{"line":16,"column":67},"end":{"line":16,"column":96}},"5":{"start":{"line":19,"column":21},"end":{"line":30,"column":1}},"6":{"start":{"line":20,"column":2},"end":{"line":29,"column":3}},"7":{"start":{"line":21,"column":4},"end":{"line":23,"column":5}},"8":{"start":{"line":22,"column":6},"end":{"line":22,"column":67}},"9":{"start":{"line":24,"column":17},"end":{"line":24,"column":88}},"10":{"start":{"line":25,"column":4},"end":{"line":25,"column":85}},"11":{"start":{"line":27,"column":4},"end":{"line":27,"column":92}},"12":{"start":{"line":28,"column":4},"end":{"line":28,"column":76}},"13":{"start":{"line":32,"column":24},"end":{"line":46,"column":1}},"14":{"start":{"line":33,"column":2},"end":{"line":45,"column":3}},"15":{"start":{"line":34,"column":4},"end":{"line":36,"column":5}},"16":{"start":{"line":35,"column":6},"end":{"line":35,"column":67}},"17":{"start":{"line":37,"column":28},"end":{"line":37,"column":42}},"18":{"start":{"line":38,"column":20},"end":{"line":38,"column":86}},"19":{"start":{"line":40,"column":4},"end":{"line":40,"column":107}},"20":{"start":{"line":41,"column":4},"end":{"line":41,"column":88}},"21":{"start":{"line":43,"column":4},"end":{"line":43,"column":95}},"22":{"start":{"line":44,"column":4},"end":{"line":44,"column":77}},"23":{"start":{"line":48,"column":30},"end":{"line":71,"column":1}},"24":{"start":{"line":49,"column":2},"end":{"line":70,"column":3}},"25":{"start":{"line":50,"column":4},"end":{"line":52,"column":5}},"26":{"start":{"line":51,"column":6},"end":{"line":51,"column":67}},"27":{"start":{"line":53,"column":45},"end":{"line":53,"column":59}},"28":{"start":{"line":54,"column":17},"end":{"line":54,"column":87}},"29":{"start":{"line":56,"column":20},"end":{"line":56,"column":78}},"30":{"start":{"line":57,"column":4},"end":{"line":60,"column":5}},"31":{"start":{"line":58,"column":6},"end":{"line":58,"column":138}},"32":{"start":{"line":59,"column":6},"end":{"line":59,"column":83}},"33":{"start":{"line":62,"column":19},"end":{"line":62,"column":103}},"34":{"start":{"line":63,"column":4},"end":{"line":63,"column":76}},"35":{"start":{"line":65,"column":4},"end":{"line":65,"column":95}},"36":{"start":{"line":66,"column":4},"end":{"line":66,"column":73}},"37":{"start":{"line":68,"column":4},"end":{"line":68,"column":101}},"38":{"start":{"line":69,"column":4},"end":{"line":69,"column":78}},"39":{"start":{"line":79,"column":31},"end":{"line":181,"column":1}},"40":{"start":{"line":80,"column":21},"end":{"line":80,"column":67}},"41":{"start":{"line":81,"column":19},"end":{"line":81,"column":33}},"42":{"start":{"line":82,"column":20},"end":{"line":82,"column":74}},"43":{"start":{"line":83,"column":15},"end":{"line":92,"column":3}},"44":{"start":{"line":93,"column":15},"end":{"line":93,"column":17}},"45":{"start":{"line":95,"column":2},"end":{"line":180,"column":3}},"46":{"start":{"line":96,"column":4},"end":{"line":173,"column":7}},"47":{"start":{"line":97,"column":6},"end":{"line":97,"column":103}},"48":{"start":{"line":98,"column":21},"end":{"line":98,"column":64}},"49":{"start":{"line":99,"column":6},"end":{"line":103,"column":7}},"50":{"start":{"line":100,"column":8},"end":{"line":100,"column":124}},"51":{"start":{"line":101,"column":8},"end":{"line":101,"column":122}},"52":{"start":{"line":102,"column":8},"end":{"line":102,"column":15}},"53":{"start":{"line":105,"column":6},"end":{"line":172,"column":7}},"54":{"start":{"line":106,"column":23},"end":{"line":106,"column":87}},"55":{"start":{"line":109,"column":18},"end":{"line":109,"column":91}},"56":{"start":{"line":110,"column":18},"end":{"line":110,"column":88}},"57":{"start":{"line":111,"column":18},"end":{"line":111,"column":95}},"58":{"start":{"line":112,"column":18},"end":{"line":112,"column":88}},"59":{"start":{"line":113,"column":18},"end":{"line":113,"column":89}},"60":{"start":{"line":114,"column":19},"end":{"line":114,"column":89}},"61":{"start":{"line":116,"column":8},"end":{"line":116,"column":38}},"62":{"start":{"line":117,"column":8},"end":{"line":117,"column":35}},"63":{"start":{"line":118,"column":8},"end":{"line":118,"column":42}},"64":{"start":{"line":119,"column":8},"end":{"line":119,"column":35}},"65":{"start":{"line":120,"column":8},"end":{"line":120,"column":36}},"66":{"start":{"line":121,"column":8},"end":{"line":121,"column":36}},"67":{"start":{"line":124,"column":29},"end":{"line":130,"column":10}},"68":{"start":{"line":131,"column":8},"end":{"line":131,"column":52}},"69":{"start":{"line":135,"column":25},"end":{"line":138,"column":10}},"70":{"start":{"line":140,"column":8},"end":{"line":147,"column":9}},"71":{"start":{"line":141,"column":30},"end":{"line":141,"column":79}},"72":{"start":{"line":142,"column":36},"end":{"line":142,"column":91}},"73":{"start":{"line":143,"column":10},"end":{"line":146,"column":11}},"74":{"start":{"line":144,"column":12},"end":{"line":144,"column":58}},"75":{"start":{"line":145,"column":12},"end":{"line":145,"column":41}},"76":{"start":{"line":150,"column":10},"end":{"line":157,"column":33}},"77":{"start":{"line":159,"column":24},"end":{"line":159,"column":102}},"78":{"start":{"line":161,"column":8},"end":{"line":161,"column":82}},"79":{"start":{"line":162,"column":8},"end":{"line":162,"column":142}},"80":{"start":{"line":163,"column":8},"end":{"line":163,"column":59}},"81":{"start":{"line":164,"column":8},"end":{"line":164,"column":69}},"82":{"start":{"line":166,"column":8},"end":{"line":166,"column":91}},"83":{"start":{"line":167,"column":8},"end":{"line":167,"column":111}},"84":{"start":{"line":168,"column":8},"end":{"line":168,"column":131}},"85":{"start":{"line":170,"column":8},"end":{"line":170,"column":40}},"86":{"start":{"line":171,"column":8},"end":{"line":171,"column":106}},"87":{"start":{"line":175,"column":4},"end":{"line":175,"column":107}},"88":{"start":{"line":176,"column":4},"end":{"line":176,"column":107}},"89":{"start":{"line":177,"column":4},"end":{"line":177,"column":105}},"90":{"start":{"line":178,"column":4},"end":{"line":178,"column":151}},"91":{"start":{"line":179,"column":4},"end":{"line":179,"column":122}}},"fnMap":{"0":{"name":"sanitizeUser","decl":{"start":{"line":13,"column":9},"end":{"line":13,"column":21}},"loc":{"start":{"line":13,"column":28},"end":{"line":17,"column":1}},"line":13},"1":{"name":"(anonymous_1)","decl":{"start":{"line":16,"column":56},"end":{"line":16,"column":57}},"loc":{"start":{"line":16,"column":67},"end":{"line":16,"column":96}},"line":16},"2":{"name":"(anonymous_2)","decl":{"start":{"line":19,"column":21},"end":{"line":19,"column":22}},"loc":{"start":{"line":19,"column":41},"end":{"line":30,"column":1}},"line":19},"3":{"name":"(anonymous_3)","decl":{"start":{"line":32,"column":24},"end":{"line":32,"column":25}},"loc":{"start":{"line":32,"column":44},"end":{"line":46,"column":1}},"line":32},"4":{"name":"(anonymous_4)","decl":{"start":{"line":48,"column":30},"end":{"line":48,"column":31}},"loc":{"start":{"line":48,"column":50},"end":{"line":71,"column":1}},"line":48},"5":{"name":"(anonymous_5)","decl":{"start":{"line":79,"column":31},"end":{"line":79,"column":32}},"loc":{"start":{"line":79,"column":61},"end":{"line":181,"column":1}},"line":79},"6":{"name":"(anonymous_6)","decl":{"start":{"line":96,"column":30},"end":{"line":96,"column":31}},"loc":{"start":{"line":96,"column":44},"end":{"line":173,"column":5}},"line":96}},"branchMap":{"0":{"loc":{"start":{"line":14,"column":2},"end":{"line":14,"column":25}},"type":"if","locations":[{"start":{"line":14,"column":2},"end":{"line":14,"column":25}},{"start":{},"end":{}}],"line":14},"1":{"loc":{"start":{"line":16,"column":67},"end":{"line":16,"column":96}},"type":"binary-expr","locations":[{"start":{"line":16,"column":67},"end":{"line":16,"column":82}},{"start":{"line":16,"column":86},"end":{"line":16,"column":96}}],"line":16},"2":{"loc":{"start":{"line":21,"column":4},"end":{"line":23,"column":5}},"type":"if","locations":[{"start":{"line":21,"column":4},"end":{"line":23,"column":5}},{"start":{},"end":{}}],"line":21},"3":{"loc":{"start":{"line":34,"column":4},"end":{"line":36,"column":5}},"type":"if","locations":[{"start":{"line":34,"column":4},"end":{"line":36,"column":5}},{"start":{},"end":{}}],"line":34},"4":{"loc":{"start":{"line":37,"column":28},"end":{"line":37,"column":42}},"type":"binary-expr","locations":[{"start":{"line":37,"column":28},"end":{"line":37,"column":36}},{"start":{"line":37,"column":40},"end":{"line":37,"column":42}}],"line":37},"5":{"loc":{"start":{"line":50,"column":4},"end":{"line":52,"column":5}},"type":"if","locations":[{"start":{"line":50,"column":4},"end":{"line":52,"column":5}},{"start":{},"end":{}}],"line":50},"6":{"loc":{"start":{"line":53,"column":45},"end":{"line":53,"column":59}},"type":"binary-expr","locations":[{"start":{"line":53,"column":45},"end":{"line":53,"column":53}},{"start":{"line":53,"column":57},"end":{"line":53,"column":59}}],"line":53},"7":{"loc":{"start":{"line":56,"column":41},"end":{"line":56,"column":62}},"type":"binary-expr","locations":[{"start":{"line":56,"column":41},"end":{"line":56,"column":56}},{"start":{"line":56,"column":60},"end":{"line":56,"column":62}}],"line":56},"8":{"loc":{"start":{"line":57,"column":4},"end":{"line":60,"column":5}},"type":"if","locations":[{"start":{"line":57,"column":4},"end":{"line":60,"column":5}},{"start":{},"end":{}}],"line":57},"9":{"loc":{"start":{"line":62,"column":59},"end":{"line":62,"column":97}},"type":"binary-expr","locations":[{"start":{"line":62,"column":59},"end":{"line":62,"column":89}},{"start":{"line":62,"column":93},"end":{"line":62,"column":97}}],"line":62},"10":{"loc":{"start":{"line":79,"column":38},"end":{"line":79,"column":56}},"type":"default-arg","locations":[{"start":{"line":79,"column":54},"end":{"line":79,"column":56}}],"line":79},"11":{"loc":{"start":{"line":80,"column":21},"end":{"line":80,"column":67}},"type":"binary-expr","locations":[{"start":{"line":80,"column":21},"end":{"line":80,"column":44}},{"start":{"line":80,"column":48},"end":{"line":80,"column":67}}],"line":80},"12":{"loc":{"start":{"line":99,"column":6},"end":{"line":103,"column":7}},"type":"if","locations":[{"start":{"line":99,"column":6},"end":{"line":103,"column":7}},{"start":{},"end":{}}],"line":99},"13":{"loc":{"start":{"line":143,"column":10},"end":{"line":146,"column":11}},"type":"if","locations":[{"start":{"line":143,"column":10},"end":{"line":146,"column":11}},{"start":{},"end":{}}],"line":143},"14":{"loc":{"start":{"line":143,"column":14},"end":{"line":143,"column":58}},"type":"binary-expr","locations":[{"start":{"line":143,"column":14},"end":{"line":143,"column":31}},{"start":{"line":143,"column":35},"end":{"line":143,"column":58}}],"line":143}},"s":{"0":2,"1":0,"2":2,"3":2,"4":10,"5":1,"6":1,"7":1,"8":0,"9":1,"10":1,"11":0,"12":0,"13":1,"14":1,"15":1,"16":0,"17":1,"18":1,"19":1,"20":1,"21":0,"22":0,"23":1,"24":2,"25":2,"26":0,"27":2,"28":2,"29":2,"30":2,"31":1,"32":1,"33":1,"34":1,"35":1,"36":1,"37":0,"38":0,"39":1,"40":0,"41":0,"42":0,"43":0,"44":0,"45":0,"46":0,"47":0,"48":0,"49":0,"50":0,"51":0,"52":0,"53":0,"54":0,"55":0,"56":0,"57":0,"58":0,"59":0,"60":0,"61":0,"62":0,"63":0,"64":0,"65":0,"66":0,"67":0,"68":0,"69":0,"70":0,"71":0,"72":0,"73":0,"74":0,"75":0,"76":0,"77":0,"78":0,"79":0,"80":0,"81":0,"82":0,"83":0,"84":0,"85":0,"86":0,"87":0,"88":0,"89":0,"90":0,"91":0},"f":{"0":2,"1":10,"2":1,"3":1,"4":2,"5":0,"6":0},"b":{"0":[0,2],"1":[10,10],"2":[0,1],"3":[0,1],"4":[1,0],"5":[0,2],"6":[2,0],"7":[2,0],"8":[1,1],"9":[1,0],"10":[0],"11":[0,0],"12":[0,0],"13":[0,0],"14":[0,0]},"inputSourceMap":null,"_coverageSchema":"1a1c01bbd47fc00a2c39e90264f33305004495a9","hash":"d5a8bc89359cdfe18dec878747a5d6c2e00b1674"}
,"C:\\Users\\pacoy\\Desktop\\Nouveau dossier (3)\\Nouveau dossier\\my-react-router-app\\server\\controllers\\webhook.controller.js": {"path":"C:\\Users\\pacoy\\Desktop\\Nouveau dossier (3)\\Nouveau dossier\\my-react-router-app\\server\\controllers\\webhook.controller.js","statementMap":{"0":{"start":{"line":7,"column":30},"end":{"line":68,"column":1}},"1":{"start":{"line":8,"column":29},"end":{"line":8,"column":37}},"2":{"start":{"line":10,"column":2},"end":{"line":67,"column":3}},"3":{"start":{"line":11,"column":27},"end":{"line":11,"column":68}},"4":{"start":{"line":13,"column":4},"end":{"line":15,"column":5}},"5":{"start":{"line":14,"column":6},"end":{"line":14,"column":85}},"6":{"start":{"line":17,"column":18},"end":{"line":17,"column":20}},"7":{"start":{"line":19,"column":4},"end":{"line":59,"column":5}},"8":{"start":{"line":20,"column":6},"end":{"line":58,"column":7}},"9":{"start":{"line":21,"column":25},"end":{"line":24,"column":10}},"10":{"start":{"line":26,"column":8},"end":{"line":32,"column":11}},"11":{"start":{"line":34,"column":8},"end":{"line":38,"column":11}},"12":{"start":{"line":40,"column":8},"end":{"line":40,"column":67}},"13":{"start":{"line":42,"column":8},"end":{"line":49,"column":11}},"14":{"start":{"line":51,"column":8},"end":{"line":55,"column":11}},"15":{"start":{"line":57,"column":8},"end":{"line":57,"column":86}},"16":{"start":{"line":61,"column":4},"end":{"line":61,"column":81}},"17":{"start":{"line":63,"column":4},"end":{"line":63,"column":99}},"18":{"start":{"line":64,"column":4},"end":{"line":66,"column":7}},"19":{"start":{"line":70,"column":27},"end":{"line":109,"column":1}},"20":{"start":{"line":71,"column":2},"end":{"line":108,"column":3}},"21":{"start":{"line":72,"column":27},"end":{"line":72,"column":68}},"22":{"start":{"line":73,"column":4},"end":{"line":75,"column":5}},"23":{"start":{"line":74,"column":6},"end":{"line":74,"column":63}},"24":{"start":{"line":77,"column":4},"end":{"line":102,"column":5}},"25":{"start":{"line":78,"column":6},"end":{"line":101,"column":7}},"26":{"start":{"line":79,"column":8},"end":{"line":82,"column":11}},"27":{"start":{"line":84,"column":8},"end":{"line":90,"column":11}},"28":{"start":{"line":92,"column":8},"end":{"line":99,"column":11}},"29":{"start":{"line":100,"column":8},"end":{"line":100,"column":86}},"30":{"start":{"line":104,"column":4},"end":{"line":104,"column":29}},"31":{"start":{"line":106,"column":4},"end":{"line":106,"column":94}},"32":{"start":{"line":107,"column":4},"end":{"line":107,"column":52}},"33":{"start":{"line":111,"column":38},"end":{"line":118,"column":1}},"34":{"start":{"line":112,"column":2},"end":{"line":117,"column":3}},"35":{"start":{"line":113,"column":20},"end":{"line":113,"column":67}},"36":{"start":{"line":114,"column":4},"end":{"line":114,"column":91}},"37":{"start":{"line":116,"column":4},"end":{"line":116,"column":105}}},"fnMap":{"0":{"name":"(anonymous_0)","decl":{"start":{"line":7,"column":30},"end":{"line":7,"column":31}},"loc":{"start":{"line":7,"column":50},"end":{"line":68,"column":1}},"line":7},"1":{"name":"(anonymous_1)","decl":{"start":{"line":70,"column":27},"end":{"line":70,"column":28}},"loc":{"start":{"line":70,"column":53},"end":{"line":109,"column":1}},"line":70},"2":{"name":"(anonymous_2)","decl":{"start":{"line":111,"column":38},"end":{"line":111,"column":39}},"loc":{"start":{"line":111,"column":50},"end":{"line":118,"column":1}},"line":111}},"branchMap":{"0":{"loc":{"start":{"line":13,"column":4},"end":{"line":15,"column":5}},"type":"if","locations":[{"start":{"line":13,"column":4},"end":{"line":15,"column":5}},{"start":{},"end":{}}],"line":13},"1":{"loc":{"start":{"line":21,"column":42},"end":{"line":21,"column":59}},"type":"binary-expr","locations":[{"start":{"line":21,"column":42},"end":{"line":21,"column":53}},{"start":{"line":21,"column":55},"end":{"line":21,"column":59}}],"line":21},"2":{"loc":{"start":{"line":73,"column":4},"end":{"line":75,"column":5}},"type":"if","locations":[{"start":{"line":73,"column":4},"end":{"line":75,"column":5}},{"start":{},"end":{}}],"line":73},"3":{"loc":{"start":{"line":79,"column":25},"end":{"line":79,"column":42}},"type":"binary-expr","locations":[{"start":{"line":79,"column":25},"end":{"line":79,"column":36}},{"start":{"line":79,"column":38},"end":{"line":79,"column":42}}],"line":79}},"s":{"0":1,"1":0,"2":0,"3":0,"4":0,"5":0,"6":0,"7":0,"8":0,"9":0,"10":0,"11":0,"12":0,"13":0,"14":0,"15":0,"16":0,"17":0,"18":0,"19":1,"20":0,"21":0,"22":0,"23":0,"24":0,"25":0,"26":0,"27":0,"28":0,"29":0,"30":0,"31":0,"32":0,"33":1,"34":0,"35":0,"36":0,"37":0},"f":{"0":0,"1":0,"2":0},"b":{"0":[0,0],"1":[0,0],"2":[0,0],"3":[0,0]},"inputSourceMap":null,"_coverageSchema":"1a1c01bbd47fc00a2c39e90264f33305004495a9","hash":"af9fc9575c3ec84e64dfafcff3e464f8d2644bd9"}
,"C:\\Users\\pacoy\\Desktop\\Nouveau dossier (3)\\Nouveau dossier\\my-react-router-app\\server\\cron\\cleanupOrphans.js": {"path":"C:\\Users\\pacoy\\Desktop\\Nouveau dossier (3)\\Nouveau dossier\\my-react-router-app\\server\\cron\\cleanupOrphans.js","statementMap":{"0":{"start":{"line":8,"column":19},"end":{"line":8,"column":47}},"1":{"start":{"line":9,"column":21},"end":{"line":9,"column":67}},"2":{"start":{"line":10,"column":20},"end":{"line":10,"column":74}},"3":{"start":{"line":12,"column":2},"end":{"line":69,"column":3}},"4":{"start":{"line":13,"column":4},"end":{"line":57,"column":7}},"5":{"start":{"line":14,"column":21},"end":{"line":14,"column":64}},"6":{"start":{"line":15,"column":6},"end":{"line":26,"column":7}},"7":{"start":{"line":16,"column":8},"end":{"line":19,"column":11}},"8":{"start":{"line":20,"column":8},"end":{"line":24,"column":11}},"9":{"start":{"line":25,"column":8},"end":{"line":25,"column":15}},"10":{"start":{"line":28,"column":6},"end":{"line":56,"column":7}},"11":{"start":{"line":29,"column":8},"end":{"line":29,"column":103}},"12":{"start":{"line":31,"column":28},"end":{"line":36,"column":10}},"13":{"start":{"line":38,"column":24},"end":{"line":40,"column":10}},"14":{"start":{"line":39,"column":50},"end":{"line":39,"column":54}},"15":{"start":{"line":42,"column":29},"end":{"line":42,"column":42}},"16":{"start":{"line":44,"column":8},"end":{"line":48,"column":11}},"17":{"start":{"line":46,"column":41},"end":{"line":46,"column":45}},"18":{"start":{"line":50,"column":8},"end":{"line":53,"column":11}},"19":{"start":{"line":55,"column":8},"end":{"line":55,"column":40}},"20":{"start":{"line":59,"column":4},"end":{"line":63,"column":7}},"21":{"start":{"line":64,"column":4},"end":{"line":67,"column":7}},"22":{"start":{"line":68,"column":4},"end":{"line":68,"column":16}}},"fnMap":{"0":{"name":"cleanupOrphanedAssignments","decl":{"start":{"line":7,"column":22},"end":{"line":7,"column":48}},"loc":{"start":{"line":7,"column":51},"end":{"line":70,"column":1}},"line":7},"1":{"name":"(anonymous_1)","decl":{"start":{"line":13,"column":30},"end":{"line":13,"column":31}},"loc":{"start":{"line":13,"column":44},"end":{"line":57,"column":5}},"line":13},"2":{"name":"(anonymous_2)","decl":{"start":{"line":39,"column":45},"end":{"line":39,"column":46}},"loc":{"start":{"line":39,"column":50},"end":{"line":39,"column":54}},"line":39},"3":{"name":"(anonymous_3)","decl":{"start":{"line":46,"column":36},"end":{"line":46,"column":37}},"loc":{"start":{"line":46,"column":41},"end":{"line":46,"column":45}},"line":46}},"branchMap":{"0":{"loc":{"start":{"line":9,"column":21},"end":{"line":9,"column":67}},"type":"binary-expr","locations":[{"start":{"line":9,"column":21},"end":{"line":9,"column":44}},{"start":{"line":9,"column":48},"end":{"line":9,"column":67}}],"line":9},"1":{"loc":{"start":{"line":15,"column":6},"end":{"line":26,"column":7}},"type":"if","locations":[{"start":{"line":15,"column":6},"end":{"line":26,"column":7}},{"start":{},"end":{}}],"line":15}},"s":{"0":3,"1":3,"2":3,"3":3,"4":3,"5":3,"6":3,"7":1,"8":1,"9":1,"10":2,"11":2,"12":2,"13":1,"14":1,"15":1,"16":1,"17":1,"18":1,"19":2,"20":1,"21":1,"22":1},"f":{"0":3,"1":3,"2":1,"3":1},"b":{"0":[3,3],"1":[1,2]},"inputSourceMap":null,"_coverageSchema":"1a1c01bbd47fc00a2c39e90264f33305004495a9","hash":"545f7f32f811d1e86cfb14d385aa527b84554afa"}
,"C:\\Users\\pacoy\\Desktop\\Nouveau dossier (3)\\Nouveau dossier\\my-react-router-app\\server\\cron\\flushLogs.js": {"path":"C:\\Users\\pacoy\\Desktop\\Nouveau dossier (3)\\Nouveau dossier\\my-react-router-app\\server\\cron\\flushLogs.js","statementMap":{"0":{"start":{"line":7,"column":25},"end":{"line":40,"column":1}},"1":{"start":{"line":8,"column":19},"end":{"line":8,"column":31}},"2":{"start":{"line":9,"column":21},"end":{"line":9,"column":67}},"3":{"start":{"line":10,"column":20},"end":{"line":10,"column":74}},"4":{"start":{"line":12,"column":2},"end":{"line":39,"column":3}},"5":{"start":{"line":13,"column":4},"end":{"line":34,"column":7}},"6":{"start":{"line":14,"column":21},"end":{"line":14,"column":64}},"7":{"start":{"line":15,"column":6},"end":{"line":26,"column":7}},"8":{"start":{"line":16,"column":8},"end":{"line":20,"column":11}},"9":{"start":{"line":21,"column":8},"end":{"line":24,"column":11}},"10":{"start":{"line":25,"column":8},"end":{"line":25,"column":15}},"11":{"start":{"line":28,"column":6},"end":{"line":28,"column":39}},"12":{"start":{"line":30,"column":6},"end":{"line":30,"column":73}},"13":{"start":{"line":31,"column":6},"end":{"line":31,"column":98}},"14":{"start":{"line":33,"column":6},"end":{"line":33,"column":38}},"15":{"start":{"line":36,"column":4},"end":{"line":36,"column":113}},"16":{"start":{"line":37,"column":4},"end":{"line":37,"column":92}},"17":{"start":{"line":38,"column":4},"end":{"line":38,"column":16}}},"fnMap":{"0":{"name":"(anonymous_0)","decl":{"start":{"line":7,"column":25},"end":{"line":7,"column":26}},"loc":{"start":{"line":7,"column":37},"end":{"line":40,"column":1}},"line":7},"1":{"name":"(anonymous_1)","decl":{"start":{"line":13,"column":30},"end":{"line":13,"column":31}},"loc":{"start":{"line":13,"column":44},"end":{"line":34,"column":5}},"line":13}},"branchMap":{"0":{"loc":{"start":{"line":9,"column":21},"end":{"line":9,"column":67}},"type":"binary-expr","locations":[{"start":{"line":9,"column":21},"end":{"line":9,"column":44}},{"start":{"line":9,"column":48},"end":{"line":9,"column":67}}],"line":9},"1":{"loc":{"start":{"line":15,"column":6},"end":{"line":26,"column":7}},"type":"if","locations":[{"start":{"line":15,"column":6},"end":{"line":26,"column":7}},{"start":{},"end":{}}],"line":15}},"s":{"0":1,"1":2,"2":2,"3":2,"4":2,"5":2,"6":2,"7":2,"8":1,"9":1,"10":1,"11":1,"12":1,"13":1,"14":1,"15":0,"16":0,"17":0},"f":{"0":2,"1":2},"b":{"0":[2,2],"1":[1,1]},"inputSourceMap":null,"_coverageSchema":"1a1c01bbd47fc00a2c39e90264f33305004495a9","hash":"a63f8c93d7adb1b083b2602ae9cc3ef9292945a1"}
,"C:\\Users\\pacoy\\Desktop\\Nouveau dossier (3)\\Nouveau dossier\\my-react-router-app\\server\\cron\\lockCleanup.js": {"path":"C:\\Users\\pacoy\\Desktop\\Nouveau dossier (3)\\Nouveau dossier\\my-react-router-app\\server\\cron\\lockCleanup.js","statementMap":{"0":{"start":{"line":8,"column":19},"end":{"line":8,"column":32}},"1":{"start":{"line":9,"column":21},"end":{"line":9,"column":67}},"2":{"start":{"line":10,"column":20},"end":{"line":10,"column":74}},"3":{"start":{"line":12,"column":2},"end":{"line":82,"column":3}},"4":{"start":{"line":13,"column":4},"end":{"line":73,"column":7}},"5":{"start":{"line":14,"column":21},"end":{"line":14,"column":64}},"6":{"start":{"line":15,"column":6},"end":{"line":26,"column":7}},"7":{"start":{"line":16,"column":8},"end":{"line":20,"column":11}},"8":{"start":{"line":21,"column":8},"end":{"line":24,"column":11}},"9":{"start":{"line":25,"column":8},"end":{"line":25,"column":15}},"10":{"start":{"line":28,"column":6},"end":{"line":72,"column":7}},"11":{"start":{"line":29,"column":20},"end":{"line":29,"column":60}},"12":{"start":{"line":30,"column":31},"end":{"line":30,"column":71}},"13":{"start":{"line":32,"column":30},"end":{"line":34,"column":10}},"14":{"start":{"line":36,"column":8},"end":{"line":44,"column":9}},"15":{"start":{"line":37,"column":10},"end":{"line":37,"column":87}},"16":{"start":{"line":38,"column":10},"end":{"line":42,"column":13}},"17":{"start":{"line":43,"column":10},"end":{"line":43,"column":17}},"18":{"start":{"line":46,"column":8},"end":{"line":54,"column":9}},"19":{"start":{"line":47,"column":10},"end":{"line":47,"column":75}},"20":{"start":{"line":48,"column":10},"end":{"line":53,"column":13}},"21":{"start":{"line":56,"column":8},"end":{"line":60,"column":11}},"22":{"start":{"line":58,"column":42},"end":{"line":58,"column":46}},"23":{"start":{"line":61,"column":8},"end":{"line":65,"column":11}},"24":{"start":{"line":67,"column":8},"end":{"line":67,"column":40}},"25":{"start":{"line":68,"column":8},"end":{"line":71,"column":11}},"26":{"start":{"line":75,"column":4},"end":{"line":79,"column":7}},"27":{"start":{"line":80,"column":4},"end":{"line":80,"column":92}},"28":{"start":{"line":81,"column":4},"end":{"line":81,"column":16}}},"fnMap":{"0":{"name":"cleanupOrphanedLocks","decl":{"start":{"line":7,"column":22},"end":{"line":7,"column":42}},"loc":{"start":{"line":7,"column":45},"end":{"line":83,"column":1}},"line":7},"1":{"name":"(anonymous_1)","decl":{"start":{"line":13,"column":30},"end":{"line":13,"column":31}},"loc":{"start":{"line":13,"column":44},"end":{"line":73,"column":5}},"line":13},"2":{"name":"(anonymous_2)","decl":{"start":{"line":58,"column":37},"end":{"line":58,"column":38}},"loc":{"start":{"line":58,"column":42},"end":{"line":58,"column":46}},"line":58}},"branchMap":{"0":{"loc":{"start":{"line":9,"column":21},"end":{"line":9,"column":67}},"type":"binary-expr","locations":[{"start":{"line":9,"column":21},"end":{"line":9,"column":44}},{"start":{"line":9,"column":48},"end":{"line":9,"column":67}}],"line":9},"1":{"loc":{"start":{"line":15,"column":6},"end":{"line":26,"column":7}},"type":"if","locations":[{"start":{"line":15,"column":6},"end":{"line":26,"column":7}},{"start":{},"end":{}}],"line":15},"2":{"loc":{"start":{"line":36,"column":8},"end":{"line":44,"column":9}},"type":"if","locations":[{"start":{"line":36,"column":8},"end":{"line":44,"column":9}},{"start":{},"end":{}}],"line":36}},"s":{"0":2,"1":2,"2":2,"3":2,"4":2,"5":2,"6":2,"7":0,"8":0,"9":0,"10":2,"11":2,"12":2,"13":2,"14":2,"15":1,"16":1,"17":1,"18":1,"19":1,"20":1,"21":1,"22":1,"23":1,"24":2,"25":2,"26":0,"27":0,"28":0},"f":{"0":2,"1":2,"2":1},"b":{"0":[2,2],"1":[0,2],"2":[1,1]},"inputSourceMap":null,"_coverageSchema":"1a1c01bbd47fc00a2c39e90264f33305004495a9","hash":"b5b5361ffc7ab04d4a218a3d38872a627c8fc9bd"}
,"C:\\Users\\pacoy\\Desktop\\Nouveau dossier (3)\\Nouveau dossier\\my-react-router-app\\server\\cron\\retryFailedLogs.js": {"path":"C:\\Users\\pacoy\\Desktop\\Nouveau dossier (3)\\Nouveau dossier\\my-react-router-app\\server\\cron\\retryFailedLogs.js","statementMap":{"0":{"start":{"line":9,"column":31},"end":{"line":58,"column":1}},"1":{"start":{"line":10,"column":19},"end":{"line":10,"column":38}},"2":{"start":{"line":11,"column":21},"end":{"line":11,"column":67}},"3":{"start":{"line":12,"column":20},"end":{"line":12,"column":74}},"4":{"start":{"line":14,"column":2},"end":{"line":57,"column":3}},"5":{"start":{"line":15,"column":4},"end":{"line":52,"column":7}},"6":{"start":{"line":16,"column":21},"end":{"line":16,"column":64}},"7":{"start":{"line":17,"column":6},"end":{"line":28,"column":7}},"8":{"start":{"line":18,"column":8},"end":{"line":22,"column":11}},"9":{"start":{"line":23,"column":8},"end":{"line":26,"column":11}},"10":{"start":{"line":27,"column":8},"end":{"line":27,"column":15}},"11":{"start":{"line":30,"column":21},"end":{"line":30,"column":27}},"12":{"start":{"line":31,"column":20},"end":{"line":31,"column":44}},"13":{"start":{"line":32,"column":25},"end":{"line":32,"column":26}},"14":{"start":{"line":34,"column":6},"end":{"line":46,"column":7}},"15":{"start":{"line":35,"column":8},"end":{"line":45,"column":9}},"16":{"start":{"line":36,"column":24},"end":{"line":36,"column":42}},"17":{"start":{"line":37,"column":26},"end":{"line":37,"column":77}},"18":{"start":{"line":38,"column":24},"end":{"line":38,"column":59}},"19":{"start":{"line":39,"column":10},"end":{"line":43,"column":11}},"20":{"start":{"line":40,"column":29},"end":{"line":40,"column":45}},"21":{"start":{"line":41,"column":12},"end":{"line":41,"column":56}},"22":{"start":{"line":42,"column":12},"end":{"line":42,"column":27}},"23":{"start":{"line":44,"column":10},"end":{"line":44,"column":51}},"24":{"start":{"line":48,"column":6},"end":{"line":48,"column":101}},"25":{"start":{"line":49,"column":6},"end":{"line":49,"column":133}},"26":{"start":{"line":51,"column":6},"end":{"line":51,"column":38}},"27":{"start":{"line":54,"column":4},"end":{"line":54,"column":119}},"28":{"start":{"line":55,"column":4},"end":{"line":55,"column":92}},"29":{"start":{"line":56,"column":4},"end":{"line":56,"column":16}}},"fnMap":{"0":{"name":"(anonymous_0)","decl":{"start":{"line":9,"column":31},"end":{"line":9,"column":32}},"loc":{"start":{"line":9,"column":43},"end":{"line":58,"column":1}},"line":9},"1":{"name":"(anonymous_1)","decl":{"start":{"line":15,"column":30},"end":{"line":15,"column":31}},"loc":{"start":{"line":15,"column":44},"end":{"line":52,"column":5}},"line":15}},"branchMap":{"0":{"loc":{"start":{"line":11,"column":21},"end":{"line":11,"column":67}},"type":"binary-expr","locations":[{"start":{"line":11,"column":21},"end":{"line":11,"column":44}},{"start":{"line":11,"column":48},"end":{"line":11,"column":67}}],"line":11},"1":{"loc":{"start":{"line":17,"column":6},"end":{"line":28,"column":7}},"type":"if","locations":[{"start":{"line":17,"column":6},"end":{"line":28,"column":7}},{"start":{},"end":{}}],"line":17},"2":{"loc":{"start":{"line":35,"column":8},"end":{"line":45,"column":9}},"type":"if","locations":[{"start":{"line":35,"column":8},"end":{"line":45,"column":9}},{"start":{},"end":{}}],"line":35}},"s":{"0":1,"1":2,"2":2,"3":2,"4":2,"5":2,"6":2,"7":2,"8":0,"9":0,"10":0,"11":2,"12":2,"13":2,"14":2,"15":2,"16":2,"17":2,"18":2,"19":2,"20":2,"21":1,"22":1,"23":1,"24":1,"25":1,"26":1,"27":1,"28":1,"29":1},"f":{"0":2,"1":2},"b":{"0":[2,2],"1":[0,2],"2":[2,0]},"inputSourceMap":null,"_coverageSchema":"1a1c01bbd47fc00a2c39e90264f33305004495a9","hash":"aba07aadba8dc509a9465f8d0d265e99bf5a9bbb"}
,"C:\\Users\\pacoy\\Desktop\\Nouveau dossier (3)\\Nouveau dossier\\my-react-router-app\\server\\middleware\\rbac.middleware.js": {"path":"C:\\Users\\pacoy\\Desktop\\Nouveau dossier (3)\\Nouveau dossier\\my-react-router-app\\server\\middleware\\rbac.middleware.js","statementMap":{"0":{"start":{"line":5,"column":27},"end":{"line":41,"column":1}},"1":{"start":{"line":5,"column":48},"end":{"line":41,"column":1}},"2":{"start":{"line":6,"column":2},"end":{"line":40,"column":3}},"3":{"start":{"line":7,"column":4},"end":{"line":14,"column":5}},"4":{"start":{"line":8,"column":6},"end":{"line":12,"column":9}},"5":{"start":{"line":13,"column":6},"end":{"line":13,"column":67}},"6":{"start":{"line":16,"column":21},"end":{"line":16,"column":62}},"7":{"start":{"line":17,"column":20},"end":{"line":17,"column":74}},"8":{"start":{"line":17,"column":44},"end":{"line":17,"column":73}},"9":{"start":{"line":19,"column":4},"end":{"line":21,"column":5}},"10":{"start":{"line":20,"column":6},"end":{"line":20,"column":20}},"11":{"start":{"line":23,"column":4},"end":{"line":29,"column":7}},"12":{"start":{"line":30,"column":4},"end":{"line":33,"column":7}},"13":{"start":{"line":35,"column":4},"end":{"line":38,"column":7}},"14":{"start":{"line":39,"column":4},"end":{"line":39,"column":72}},"15":{"start":{"line":43,"column":33},"end":{"line":67,"column":1}},"16":{"start":{"line":43,"column":72},"end":{"line":67,"column":1}},"17":{"start":{"line":44,"column":2},"end":{"line":66,"column":3}},"18":{"start":{"line":45,"column":4},"end":{"line":52,"column":5}},"19":{"start":{"line":46,"column":6},"end":{"line":50,"column":9}},"20":{"start":{"line":51,"column":6},"end":{"line":51,"column":67}},"21":{"start":{"line":54,"column":21},"end":{"line":54,"column":110}},"22":{"start":{"line":55,"column":4},"end":{"line":57,"column":5}},"23":{"start":{"line":56,"column":6},"end":{"line":56,"column":20}},"24":{"start":{"line":59,"column":4},"end":{"line":59,"column":49}},"25":{"start":{"line":61,"column":4},"end":{"line":64,"column":7}},"26":{"start":{"line":65,"column":4},"end":{"line":65,"column":72}}},"fnMap":{"0":{"name":"(anonymous_0)","decl":{"start":{"line":5,"column":27},"end":{"line":5,"column":28}},"loc":{"start":{"line":5,"column":48},"end":{"line":41,"column":1}},"line":5},"1":{"name":"(anonymous_1)","decl":{"start":{"line":5,"column":48},"end":{"line":5,"column":49}},"loc":{"start":{"line":5,"column":74},"end":{"line":41,"column":1}},"line":5},"2":{"name":"(anonymous_2)","decl":{"start":{"line":17,"column":37},"end":{"line":17,"column":38}},"loc":{"start":{"line":17,"column":44},"end":{"line":17,"column":73}},"line":17},"3":{"name":"(anonymous_3)","decl":{"start":{"line":43,"column":33},"end":{"line":43,"column":34}},"loc":{"start":{"line":43,"column":72},"end":{"line":67,"column":1}},"line":43},"4":{"name":"(anonymous_4)","decl":{"start":{"line":43,"column":72},"end":{"line":43,"column":73}},"loc":{"start":{"line":43,"column":98},"end":{"line":67,"column":1}},"line":43}},"branchMap":{"0":{"loc":{"start":{"line":7,"column":4},"end":{"line":14,"column":5}},"type":"if","locations":[{"start":{"line":7,"column":4},"end":{"line":14,"column":5}},{"start":{},"end":{}}],"line":7},"1":{"loc":{"start":{"line":16,"column":28},"end":{"line":16,"column":47}},"type":"binary-expr","locations":[{"start":{"line":16,"column":28},"end":{"line":16,"column":41}},{"start":{"line":16,"column":45},"end":{"line":16,"column":47}}],"line":16},"2":{"loc":{"start":{"line":17,"column":51},"end":{"line":17,"column":58}},"type":"binary-expr","locations":[{"start":{"line":17,"column":51},"end":{"line":17,"column":52}},{"start":{"line":17,"column":56},"end":{"line":17,"column":58}}],"line":17},"3":{"loc":{"start":{"line":19,"column":4},"end":{"line":21,"column":5}},"type":"if","locations":[{"start":{"line":19,"column":4},"end":{"line":21,"column":5}},{"start":{},"end":{}}],"line":19},"4":{"loc":{"start":{"line":19,"column":8},"end":{"line":19,"column":53}},"type":"binary-expr","locations":[{"start":{"line":19,"column":8},"end":{"line":19,"column":23}},{"start":{"line":19,"column":27},"end":{"line":19,"column":53}}],"line":19},"5":{"loc":{"start":{"line":23,"column":33},"end":{"line":23,"column":56}},"type":"binary-expr","locations":[{"start":{"line":23,"column":33},"end":{"line":23,"column":48}},{"start":{"line":23,"column":52},"end":{"line":23,"column":56}}],"line":23},"6":{"loc":{"start":{"line":43,"column":34},"end":{"line":43,"column":55}},"type":"default-arg","locations":[{"start":{"line":43,"column":51},"end":{"line":43,"column":55}}],"line":43},"7":{"loc":{"start":{"line":43,"column":57},"end":{"line":43,"column":67}},"type":"default-arg","locations":[{"start":{"line":43,"column":65},"end":{"line":43,"column":67}}],"line":43},"8":{"loc":{"start":{"line":45,"column":4},"end":{"line":52,"column":5}},"type":"if","locations":[{"start":{"line":45,"column":4},"end":{"line":52,"column":5}},{"start":{},"end":{}}],"line":45},"9":{"loc":{"start":{"line":54,"column":21},"end":{"line":54,"column":110}},"type":"binary-expr","locations":[{"start":{"line":54,"column":21},"end":{"line":54,"column":49}},{"start":{"line":54,"column":53},"end":{"line":54,"column":79}},{"start":{"line":54,"column":83},"end":{"line":54,"column":110}}],"line":54},"10":{"loc":{"start":{"line":55,"column":4},"end":{"line":57,"column":5}},"type":"if","locations":[{"start":{"line":55,"column":4},"end":{"line":57,"column":5}},{"start":{},"end":{}}],"line":55},"11":{"loc":{"start":{"line":55,"column":8},"end":{"line":55,"column":64}},"type":"binary-expr","locations":[{"start":{"line":55,"column":8},"end":{"line":55,"column":16}},{"start":{"line":55,"column":20},"end":{"line":55,"column":64}}],"line":55}},"s":{"0":1,"1":3,"2":4,"3":4,"4":0,"5":0,"6":4,"7":4,"8":28,"9":4,"10":4,"11":0,"12":0,"13":0,"14":0,"15":1,"16":0,"17":0,"18":0,"19":0,"20":0,"21":0,"22":0,"23":0,"24":0,"25":0,"26":0},"f":{"0":3,"1":4,"2":28,"3":0,"4":0},"b":{"0":[0,4],"1":[4,0],"2":[28,0],"3":[4,0],"4":[4,4],"5":[0,0],"6":[0],"7":[0],"8":[0,0],"9":[0,0,0],"10":[0,0],"11":[0,0]},"inputSourceMap":null,"_coverageSchema":"1a1c01bbd47fc00a2c39e90264f33305004495a9","hash":"b39927c9efaeb7346a022b1c14a95eb3f8705738"}
,"C:\\Users\\pacoy\\Desktop\\Nouveau dossier (3)\\Nouveau dossier\\my-react-router-app\\server\\middleware\\validation.middleware.js": {"path":"C:\\Users\\pacoy\\Desktop\\Nouveau dossier (3)\\Nouveau dossier\\my-react-router-app\\server\\middleware\\validation.middleware.js","statementMap":{"0":{"start":{"line":7,"column":32},"end":{"line":7,"column":34}},"1":{"start":{"line":8,"column":31},"end":{"line":8,"column":33}},"2":{"start":{"line":10,"column":27},"end":{"line":86,"column":1}},"3":{"start":{"line":10,"column":51},"end":{"line":86,"column":1}},"4":{"start":{"line":11,"column":15},"end":{"line":11,"column":30}},"5":{"start":{"line":12,"column":20},"end":{"line":12,"column":47}},"6":{"start":{"line":13,"column":13},"end":{"line":13,"column":19}},"7":{"start":{"line":15,"column":2},"end":{"line":17,"column":3}},"8":{"start":{"line":16,"column":4},"end":{"line":16,"column":68}},"9":{"start":{"line":19,"column":2},"end":{"line":26,"column":3}},"10":{"start":{"line":20,"column":4},"end":{"line":24,"column":7}},"11":{"start":{"line":25,"column":4},"end":{"line":25,"column":85}},"12":{"start":{"line":29,"column":24},"end":{"line":29,"column":64}},"13":{"start":{"line":30,"column":2},"end":{"line":43,"column":3}},"14":{"start":{"line":31,"column":21},"end":{"line":31,"column":65}},"15":{"start":{"line":32,"column":4},"end":{"line":40,"column":5}},"16":{"start":{"line":33,"column":6},"end":{"line":36,"column":9}},"17":{"start":{"line":37,"column":6},"end":{"line":39,"column":9}},"18":{"start":{"line":42,"column":4},"end":{"line":42,"column":85}},"19":{"start":{"line":45,"column":2},"end":{"line":85,"column":3}},"20":{"start":{"line":46,"column":4},"end":{"line":46,"column":23}},"21":{"start":{"line":47,"column":4},"end":{"line":47,"column":11}},"22":{"start":{"line":49,"column":4},"end":{"line":49,"column":25}},"23":{"start":{"line":51,"column":4},"end":{"line":73,"column":5}},"24":{"start":{"line":52,"column":21},"end":{"line":52,"column":84}},"25":{"start":{"line":53,"column":27},"end":{"line":56,"column":9}},"26":{"start":{"line":53,"column":48},"end":{"line":56,"column":7}},"27":{"start":{"line":58,"column":6},"end":{"line":68,"column":7}},"28":{"start":{"line":59,"column":8},"end":{"line":59,"column":84}},"29":{"start":{"line":60,"column":8},"end":{"line":65,"column":11}},"30":{"start":{"line":67,"column":8},"end":{"line":67,"column":82}},"31":{"start":{"line":70,"column":6},"end":{"line":72,"column":9}},"32":{"start":{"line":76,"column":4},"end":{"line":80,"column":7}},"33":{"start":{"line":82,"column":4},"end":{"line":84,"column":7}},"34":{"start":{"line":88,"column":17},"end":{"line":88,"column":72}},"35":{"start":{"line":88,"column":29},"end":{"line":88,"column":72}},"36":{"start":{"line":88,"column":63},"end":{"line":88,"column":71}},"37":{"start":{"line":89,"column":30},"end":{"line":89,"column":87}},"38":{"start":{"line":89,"column":42},"end":{"line":89,"column":87}},"39":{"start":{"line":89,"column":76},"end":{"line":89,"column":86}},"40":{"start":{"line":90,"column":29},"end":{"line":90,"column":85}},"41":{"start":{"line":90,"column":41},"end":{"line":90,"column":85}},"42":{"start":{"line":90,"column":75},"end":{"line":90,"column":84}}},"fnMap":{"0":{"name":"(anonymous_0)","decl":{"start":{"line":10,"column":27},"end":{"line":10,"column":28}},"loc":{"start":{"line":10,"column":51},"end":{"line":86,"column":1}},"line":10},"1":{"name":"(anonymous_1)","decl":{"start":{"line":10,"column":51},"end":{"line":10,"column":52}},"loc":{"start":{"line":10,"column":77},"end":{"line":86,"column":1}},"line":10},"2":{"name":"(anonymous_2)","decl":{"start":{"line":53,"column":38},"end":{"line":53,"column":39}},"loc":{"start":{"line":53,"column":48},"end":{"line":56,"column":7}},"line":53},"3":{"name":"(anonymous_3)","decl":{"start":{"line":88,"column":17},"end":{"line":88,"column":18}},"loc":{"start":{"line":88,"column":29},"end":{"line":88,"column":72}},"line":88},"4":{"name":"(anonymous_4)","decl":{"start":{"line":88,"column":56},"end":{"line":88,"column":57}},"loc":{"start":{"line":88,"column":63},"end":{"line":88,"column":71}},"line":88},"5":{"name":"(anonymous_5)","decl":{"start":{"line":89,"column":30},"end":{"line":89,"column":31}},"loc":{"start":{"line":89,"column":42},"end":{"line":89,"column":87}},"line":89},"6":{"name":"(anonymous_6)","decl":{"start":{"line":89,"column":69},"end":{"line":89,"column":70}},"loc":{"start":{"line":89,"column":76},"end":{"line":89,"column":86}},"line":89},"7":{"name":"(anonymous_7)","decl":{"start":{"line":90,"column":29},"end":{"line":90,"column":30}},"loc":{"start":{"line":90,"column":41},"end":{"line":90,"column":85}},"line":90},"8":{"name":"(anonymous_8)","decl":{"start":{"line":90,"column":68},"end":{"line":90,"column":69}},"loc":{"start":{"line":90,"column":75},"end":{"line":90,"column":84}},"line":90}},"branchMap":{"0":{"loc":{"start":{"line":12,"column":20},"end":{"line":12,"column":47}},"type":"binary-expr","locations":[{"start":{"line":12,"column":20},"end":{"line":12,"column":35}},{"start":{"line":12,"column":39},"end":{"line":12,"column":47}}],"line":12},"1":{"loc":{"start":{"line":15,"column":2},"end":{"line":17,"column":3}},"type":"if","locations":[{"start":{"line":15,"column":2},"end":{"line":17,"column":3}},{"start":{},"end":{}}],"line":15},"2":{"loc":{"start":{"line":19,"column":2},"end":{"line":26,"column":3}},"type":"if","locations":[{"start":{"line":19,"column":2},"end":{"line":26,"column":3}},{"start":{},"end":{}}],"line":19},"3":{"loc":{"start":{"line":31,"column":21},"end":{"line":31,"column":65}},"type":"binary-expr","locations":[{"start":{"line":31,"column":22},"end":{"line":31,"column":59}},{"start":{"line":31,"column":64},"end":{"line":31,"column":65}}],"line":31},"4":{"loc":{"start":{"line":32,"column":4},"end":{"line":40,"column":5}},"type":"if","locations":[{"start":{"line":32,"column":4},"end":{"line":40,"column":5}},{"start":{},"end":{}}],"line":32},"5":{"loc":{"start":{"line":51,"column":4},"end":{"line":73,"column":5}},"type":"if","locations":[{"start":{"line":51,"column":4},"end":{"line":73,"column":5}},{"start":{},"end":{}}],"line":51},"6":{"loc":{"start":{"line":52,"column":21},"end":{"line":52,"column":84}},"type":"cond-expr","locations":[{"start":{"line":52,"column":51},"end":{"line":52,"column":63}},{"start":{"line":52,"column":66},"end":{"line":52,"column":84}}],"line":52},"7":{"loc":{"start":{"line":52,"column":66},"end":{"line":52,"column":84}},"type":"binary-expr","locations":[{"start":{"line":52,"column":66},"end":{"line":52,"column":78}},{"start":{"line":52,"column":82},"end":{"line":52,"column":84}}],"line":52},"8":{"loc":{"start":{"line":54,"column":14},"end":{"line":54,"column":82}},"type":"cond-expr","locations":[{"start":{"line":54,"column":40},"end":{"line":54,"column":58}},{"start":{"line":54,"column":61},"end":{"line":54,"column":82}}],"line":54},"9":{"loc":{"start":{"line":54,"column":61},"end":{"line":54,"column":82}},"type":"binary-expr","locations":[{"start":{"line":54,"column":61},"end":{"line":54,"column":69}},{"start":{"line":54,"column":73},"end":{"line":54,"column":82}}],"line":54},"10":{"loc":{"start":{"line":55,"column":17},"end":{"line":55,"column":47}},"type":"binary-expr","locations":[{"start":{"line":55,"column":17},"end":{"line":55,"column":28}},{"start":{"line":55,"column":32},"end":{"line":55,"column":47}}],"line":55},"11":{"loc":{"start":{"line":71,"column":16},"end":{"line":71,"column":32}},"type":"binary-expr","locations":[{"start":{"line":71,"column":16},"end":{"line":71,"column":28}},{"start":{"line":71,"column":30},"end":{"line":71,"column":32}}],"line":71},"12":{"loc":{"start":{"line":83,"column":15},"end":{"line":83,"column":48}},"type":"binary-expr","locations":[{"start":{"line":83,"column":15},"end":{"line":83,"column":29}},{"start":{"line":83,"column":33},"end":{"line":83,"column":48}}],"line":83}},"s":{"0":1,"1":1,"2":1,"3":2,"4":3,"5":3,"6":3,"7":3,"8":3,"9":3,"10":0,"11":0,"12":3,"13":3,"14":3,"15":3,"16":0,"17":0,"18":0,"19":3,"20":3,"21":3,"22":0,"23":0,"24":0,"25":0,"26":0,"27":0,"28":0,"29":0,"30":0,"31":0,"32":0,"33":0,"34":1,"35":2,"36":3,"37":1,"38":0,"39":0,"40":1,"41":0,"42":0},"f":{"0":2,"1":3,"2":0,"3":2,"4":3,"5":0,"6":0,"7":0,"8":0},"b":{"0":[3,0],"1":[3,0],"2":[0,3],"3":[3,3],"4":[0,3],"5":[0,0],"6":[0,0],"7":[0,0],"8":[0,0],"9":[0,0],"10":[0,0],"11":[0,0],"12":[0,0]},"inputSourceMap":null,"_coverageSchema":"1a1c01bbd47fc00a2c39e90264f33305004495a9","hash":"8cec1bdc99b0c6f6d5b41920235f0427b4d1fe72"}
,"C:\\Users\\pacoy\\Desktop\\Nouveau dossier (3)\\Nouveau dossier\\my-react-router-app\\server\\routes\\user.routes.js": {"path":"C:\\Users\\pacoy\\Desktop\\Nouveau dossier (3)\\Nouveau dossier\\my-react-router-app\\server\\routes\\user.routes.js","statementMap":{"0":{"start":{"line":8,"column":15},"end":{"line":8,"column":31}},"1":{"start":{"line":11,"column":0},"end":{"line":11,"column":117}},"2":{"start":{"line":12,"column":0},"end":{"line":12,"column":146}},"3":{"start":{"line":13,"column":0},"end":{"line":13,"column":167}}},"fnMap":{},"branchMap":{},"s":{"0":1,"1":1,"2":1,"3":1},"f":{},"b":{},"inputSourceMap":null,"_coverageSchema":"1a1c01bbd47fc00a2c39e90264f33305004495a9","hash":"e31ca0757f7b3b80dd605a967785c915a8411ec3"}
,"C:\\Users\\pacoy\\Desktop\\Nouveau dossier (3)\\Nouveau dossier\\my-react-router-app\\server\\services\\cacheService.js": {"path":"C:\\Users\\pacoy\\Desktop\\Nouveau dossier (3)\\Nouveau dossier\\my-react-router-app\\server\\services\\cacheService.js","statementMap":{"0":{"start":{"line":6,"column":17},"end":{"line":6,"column":22}},"1":{"start":{"line":9,"column":4},"end":{"line":11,"column":7}},"2":{"start":{"line":13,"column":4},"end":{"line":22,"column":7}},"3":{"start":{"line":14,"column":6},"end":{"line":14,"column":32}},"4":{"start":{"line":15,"column":27},"end":{"line":15,"column":107}},"5":{"start":{"line":16,"column":25},"end":{"line":16,"column":54}},"6":{"start":{"line":17,"column":6},"end":{"line":21,"column":7}},"7":{"start":{"line":18,"column":8},"end":{"line":18,"column":121}},"8":{"start":{"line":20,"column":8},"end":{"line":20,"column":80}},"9":{"start":{"line":24,"column":4},"end":{"line":27,"column":7}},"10":{"start":{"line":25,"column":6},"end":{"line":25,"column":31}},"11":{"start":{"line":26,"column":6},"end":{"line":26,"column":37}},"12":{"start":{"line":29,"column":4},"end":{"line":32,"column":7}},"13":{"start":{"line":30,"column":27},"end":{"line":30,"column":101}},"14":{"start":{"line":31,"column":6},"end":{"line":31,"column":62}},"15":{"start":{"line":36,"column":4},"end":{"line":44,"column":5}},"16":{"start":{"line":37,"column":6},"end":{"line":37,"column":58}},"17":{"start":{"line":38,"column":6},"end":{"line":42,"column":7}},"18":{"start":{"line":39,"column":8},"end":{"line":39,"column":90}},"19":{"start":{"line":41,"column":8},"end":{"line":41,"column":70}},"20":{"start":{"line":43,"column":6},"end":{"line":43,"column":18}},"21":{"start":{"line":45,"column":4},"end":{"line":58,"column":5}},"22":{"start":{"line":46,"column":19},"end":{"line":46,"column":46}},"23":{"start":{"line":47,"column":6},"end":{"line":47,"column":101}},"24":{"start":{"line":48,"column":6},"end":{"line":48,"column":46}},"25":{"start":{"line":50,"column":27},"end":{"line":50,"column":113}},"26":{"start":{"line":51,"column":25},"end":{"line":51,"column":56}},"27":{"start":{"line":52,"column":6},"end":{"line":56,"column":7}},"28":{"start":{"line":53,"column":8},"end":{"line":53,"column":118}},"29":{"start":{"line":55,"column":8},"end":{"line":55,"column":70}},"30":{"start":{"line":57,"column":6},"end":{"line":57,"column":18}},"31":{"start":{"line":63,"column":4},"end":{"line":71,"column":5}},"32":{"start":{"line":64,"column":6},"end":{"line":64,"column":58}},"33":{"start":{"line":65,"column":6},"end":{"line":69,"column":7}},"34":{"start":{"line":66,"column":8},"end":{"line":66,"column":90}},"35":{"start":{"line":68,"column":8},"end":{"line":68,"column":70}},"36":{"start":{"line":70,"column":6},"end":{"line":70,"column":18}},"37":{"start":{"line":72,"column":4},"end":{"line":83,"column":5}},"38":{"start":{"line":73,"column":19},"end":{"line":73,"column":46}},"39":{"start":{"line":74,"column":6},"end":{"line":77,"column":7}},"40":{"start":{"line":75,"column":8},"end":{"line":75,"column":81}},"41":{"start":{"line":76,"column":8},"end":{"line":76,"column":32}},"42":{"start":{"line":78,"column":6},"end":{"line":78,"column":80}},"43":{"start":{"line":79,"column":6},"end":{"line":79,"column":18}},"44":{"start":{"line":81,"column":6},"end":{"line":81,"column":112}},"45":{"start":{"line":82,"column":6},"end":{"line":82,"column":18}},"46":{"start":{"line":87,"column":4},"end":{"line":95,"column":5}},"47":{"start":{"line":88,"column":6},"end":{"line":88,"column":56}},"48":{"start":{"line":89,"column":6},"end":{"line":93,"column":7}},"49":{"start":{"line":90,"column":8},"end":{"line":90,"column":90}},"50":{"start":{"line":92,"column":8},"end":{"line":92,"column":70}},"51":{"start":{"line":94,"column":6},"end":{"line":94,"column":13}},"52":{"start":{"line":96,"column":4},"end":{"line":110,"column":5}},"53":{"start":{"line":97,"column":6},"end":{"line":97,"column":50}},"54":{"start":{"line":98,"column":6},"end":{"line":98,"column":96}},"55":{"start":{"line":100,"column":6},"end":{"line":100,"column":26}},"56":{"start":{"line":102,"column":27},"end":{"line":102,"column":113}},"57":{"start":{"line":103,"column":25},"end":{"line":103,"column":56}},"58":{"start":{"line":104,"column":6},"end":{"line":108,"column":7}},"59":{"start":{"line":105,"column":8},"end":{"line":105,"column":135}},"60":{"start":{"line":107,"column":8},"end":{"line":107,"column":70}},"61":{"start":{"line":109,"column":6},"end":{"line":109,"column":18}},"62":{"start":{"line":114,"column":4},"end":{"line":122,"column":5}},"63":{"start":{"line":115,"column":6},"end":{"line":115,"column":61}},"64":{"start":{"line":116,"column":6},"end":{"line":120,"column":7}},"65":{"start":{"line":117,"column":8},"end":{"line":117,"column":90}},"66":{"start":{"line":119,"column":8},"end":{"line":119,"column":70}},"67":{"start":{"line":121,"column":6},"end":{"line":121,"column":13}},"68":{"start":{"line":123,"column":4},"end":{"line":129,"column":5}},"69":{"start":{"line":124,"column":6},"end":{"line":124,"column":64}},"70":{"start":{"line":125,"column":6},"end":{"line":125,"column":84}},"71":{"start":{"line":127,"column":6},"end":{"line":127,"column":117}},"72":{"start":{"line":128,"column":6},"end":{"line":128,"column":18}},"73":{"start":{"line":133,"column":4},"end":{"line":141,"column":5}},"74":{"start":{"line":134,"column":6},"end":{"line":134,"column":62}},"75":{"start":{"line":135,"column":6},"end":{"line":139,"column":7}},"76":{"start":{"line":136,"column":8},"end":{"line":136,"column":90}},"77":{"start":{"line":138,"column":8},"end":{"line":138,"column":70}},"78":{"start":{"line":140,"column":6},"end":{"line":140,"column":15}},"79":{"start":{"line":142,"column":4},"end":{"line":158,"column":5}},"80":{"start":{"line":143,"column":20},"end":{"line":143,"column":48}},"81":{"start":{"line":144,"column":6},"end":{"line":144,"column":65}},"82":{"start":{"line":144,"column":22},"end":{"line":144,"column":65}},"83":{"start":{"line":145,"column":6},"end":{"line":145,"column":92}},"84":{"start":{"line":146,"column":6},"end":{"line":146,"column":19}},"85":{"start":{"line":148,"column":6},"end":{"line":148,"column":26}},"86":{"start":{"line":150,"column":27},"end":{"line":150,"column":119}},"87":{"start":{"line":151,"column":25},"end":{"line":151,"column":56}},"88":{"start":{"line":152,"column":6},"end":{"line":156,"column":7}},"89":{"start":{"line":153,"column":8},"end":{"line":153,"column":124}},"90":{"start":{"line":155,"column":8},"end":{"line":155,"column":70}},"91":{"start":{"line":157,"column":6},"end":{"line":157,"column":18}},"92":{"start":{"line":162,"column":4},"end":{"line":170,"column":5}},"93":{"start":{"line":163,"column":6},"end":{"line":163,"column":63}},"94":{"start":{"line":164,"column":6},"end":{"line":168,"column":7}},"95":{"start":{"line":165,"column":8},"end":{"line":165,"column":90}},"96":{"start":{"line":167,"column":8},"end":{"line":167,"column":70}},"97":{"start":{"line":169,"column":6},"end":{"line":169,"column":13}},"98":{"start":{"line":171,"column":4},"end":{"line":185,"column":5}},"99":{"start":{"line":172,"column":6},"end":{"line":172,"column":34}},"100":{"start":{"line":173,"column":6},"end":{"line":173,"column":86}},"101":{"start":{"line":175,"column":6},"end":{"line":175,"column":26}},"102":{"start":{"line":177,"column":27},"end":{"line":177,"column":120}},"103":{"start":{"line":178,"column":25},"end":{"line":178,"column":56}},"104":{"start":{"line":179,"column":6},"end":{"line":183,"column":7}},"105":{"start":{"line":180,"column":8},"end":{"line":180,"column":130}},"106":{"start":{"line":182,"column":8},"end":{"line":182,"column":70}},"107":{"start":{"line":184,"column":6},"end":{"line":184,"column":18}},"108":{"start":{"line":189,"column":4},"end":{"line":197,"column":5}},"109":{"start":{"line":190,"column":6},"end":{"line":190,"column":71}},"110":{"start":{"line":191,"column":6},"end":{"line":195,"column":7}},"111":{"start":{"line":192,"column":8},"end":{"line":192,"column":93}},"112":{"start":{"line":194,"column":8},"end":{"line":194,"column":70}},"113":{"start":{"line":196,"column":6},"end":{"line":196,"column":13}},"114":{"start":{"line":198,"column":4},"end":{"line":215,"column":5}},"115":{"start":{"line":199,"column":19},"end":{"line":199,"column":57}},"116":{"start":{"line":200,"column":6},"end":{"line":203,"column":7}},"117":{"start":{"line":201,"column":8},"end":{"line":201,"column":37}},"118":{"start":{"line":202,"column":8},"end":{"line":202,"column":118}},"119":{"start":{"line":205,"column":6},"end":{"line":205,"column":26}},"120":{"start":{"line":207,"column":27},"end":{"line":207,"column":128}},"121":{"start":{"line":208,"column":25},"end":{"line":208,"column":56}},"122":{"start":{"line":209,"column":6},"end":{"line":213,"column":7}},"123":{"start":{"line":210,"column":8},"end":{"line":210,"column":136}},"124":{"start":{"line":212,"column":8},"end":{"line":212,"column":70}},"125":{"start":{"line":214,"column":6},"end":{"line":214,"column":18}},"126":{"start":{"line":219,"column":4},"end":{"line":227,"column":5}},"127":{"start":{"line":220,"column":6},"end":{"line":220,"column":32}},"128":{"start":{"line":221,"column":6},"end":{"line":221,"column":32}},"129":{"start":{"line":222,"column":6},"end":{"line":226,"column":7}},"130":{"start":{"line":223,"column":8},"end":{"line":223,"column":83}},"131":{"start":{"line":225,"column":8},"end":{"line":225,"column":70}}},"fnMap":{"0":{"name":"(anonymous_0)","decl":{"start":{"line":8,"column":2},"end":{"line":8,"column":3}},"loc":{"start":{"line":8,"column":16},"end":{"line":33,"column":3}},"line":8},"1":{"name":"(anonymous_1)","decl":{"start":{"line":13,"column":29},"end":{"line":13,"column":30}},"loc":{"start":{"line":13,"column":44},"end":{"line":22,"column":5}},"line":13},"2":{"name":"(anonymous_2)","decl":{"start":{"line":24,"column":31},"end":{"line":24,"column":32}},"loc":{"start":{"line":24,"column":37},"end":{"line":27,"column":5}},"line":24},"3":{"name":"(anonymous_3)","decl":{"start":{"line":29,"column":33},"end":{"line":29,"column":34}},"loc":{"start":{"line":29,"column":42},"end":{"line":32,"column":5}},"line":29},"4":{"name":"(anonymous_4)","decl":{"start":{"line":35,"column":2},"end":{"line":35,"column":3}},"loc":{"start":{"line":35,"column":17},"end":{"line":59,"column":3}},"line":35},"5":{"name":"(anonymous_5)","decl":{"start":{"line":62,"column":2},"end":{"line":62,"column":3}},"loc":{"start":{"line":62,"column":22},"end":{"line":84,"column":3}},"line":62},"6":{"name":"(anonymous_6)","decl":{"start":{"line":86,"column":2},"end":{"line":86,"column":3}},"loc":{"start":{"line":86,"column":38},"end":{"line":111,"column":3}},"line":86},"7":{"name":"(anonymous_7)","decl":{"start":{"line":113,"column":2},"end":{"line":113,"column":3}},"loc":{"start":{"line":113,"column":40},"end":{"line":130,"column":3}},"line":113},"8":{"name":"(anonymous_8)","decl":{"start":{"line":132,"column":2},"end":{"line":132,"column":3}},"loc":{"start":{"line":132,"column":37},"end":{"line":159,"column":3}},"line":132},"9":{"name":"(anonymous_9)","decl":{"start":{"line":161,"column":2},"end":{"line":161,"column":3}},"loc":{"start":{"line":161,"column":29},"end":{"line":186,"column":3}},"line":161},"10":{"name":"(anonymous_10)","decl":{"start":{"line":188,"column":2},"end":{"line":188,"column":3}},"loc":{"start":{"line":188,"column":35},"end":{"line":216,"column":3}},"line":188},"11":{"name":"(anonymous_11)","decl":{"start":{"line":218,"column":2},"end":{"line":218,"column":3}},"loc":{"start":{"line":218,"column":21},"end":{"line":228,"column":3}},"line":218}},"branchMap":{"0":{"loc":{"start":{"line":10,"column":11},"end":{"line":10,"column":60}},"type":"binary-expr","locations":[{"start":{"line":10,"column":11},"end":{"line":10,"column":32}},{"start":{"line":10,"column":36},"end":{"line":10,"column":60}}],"line":10},"1":{"loc":{"start":{"line":15,"column":27},"end":{"line":15,"column":107}},"type":"cond-expr","locations":[{"start":{"line":15,"column":53},"end":{"line":15,"column":56}},{"start":{"line":15,"column":59},"end":{"line":15,"column":107}}],"line":15},"2":{"loc":{"start":{"line":15,"column":59},"end":{"line":15,"column":107}},"type":"binary-expr","locations":[{"start":{"line":15,"column":59},"end":{"line":15,"column":70}},{"start":{"line":15,"column":74},"end":{"line":15,"column":82}},{"start":{"line":15,"column":86},"end":{"line":15,"column":107}}],"line":15},"3":{"loc":{"start":{"line":16,"column":25},"end":{"line":16,"column":54}},"type":"binary-expr","locations":[{"start":{"line":16,"column":25},"end":{"line":16,"column":34}},{"start":{"line":16,"column":38},"end":{"line":16,"column":54}}],"line":16},"4":{"loc":{"start":{"line":18,"column":101},"end":{"line":18,"column":117}},"type":"binary-expr","locations":[{"start":{"line":18,"column":101},"end":{"line":18,"column":109}},{"start":{"line":18,"column":113},"end":{"line":18,"column":117}}],"line":18},"5":{"loc":{"start":{"line":30,"column":27},"end":{"line":30,"column":101}},"type":"cond-expr","locations":[{"start":{"line":30,"column":53},"end":{"line":30,"column":56}},{"start":{"line":30,"column":59},"end":{"line":30,"column":101}}],"line":30},"6":{"loc":{"start":{"line":30,"column":59},"end":{"line":30,"column":101}},"type":"binary-expr","locations":[{"start":{"line":30,"column":59},"end":{"line":30,"column":70}},{"start":{"line":30,"column":74},"end":{"line":30,"column":82}},{"start":{"line":30,"column":86},"end":{"line":30,"column":101}}],"line":30},"7":{"loc":{"start":{"line":36,"column":4},"end":{"line":44,"column":5}},"type":"if","locations":[{"start":{"line":36,"column":4},"end":{"line":44,"column":5}},{"start":{},"end":{}}],"line":36},"8":{"loc":{"start":{"line":47,"column":57},"end":{"line":47,"column":90}},"type":"cond-expr","locations":[{"start":{"line":47,"column":64},"end":{"line":47,"column":75}},{"start":{"line":47,"column":78},"end":{"line":47,"column":90}}],"line":47},"9":{"loc":{"start":{"line":48,"column":13},"end":{"line":48,"column":45}},"type":"cond-expr","locations":[{"start":{"line":48,"column":20},"end":{"line":48,"column":38}},{"start":{"line":48,"column":41},"end":{"line":48,"column":45}}],"line":48},"10":{"loc":{"start":{"line":50,"column":27},"end":{"line":50,"column":113}},"type":"cond-expr","locations":[{"start":{"line":50,"column":55},"end":{"line":50,"column":60}},{"start":{"line":50,"column":63},"end":{"line":50,"column":113}}],"line":50},"11":{"loc":{"start":{"line":50,"column":63},"end":{"line":50,"column":113}},"type":"binary-expr","locations":[{"start":{"line":50,"column":63},"end":{"line":50,"column":76}},{"start":{"line":50,"column":80},"end":{"line":50,"column":90}},{"start":{"line":50,"column":94},"end":{"line":50,"column":113}}],"line":50},"12":{"loc":{"start":{"line":51,"column":25},"end":{"line":51,"column":56}},"type":"binary-expr","locations":[{"start":{"line":51,"column":25},"end":{"line":51,"column":36}},{"start":{"line":51,"column":40},"end":{"line":51,"column":56}}],"line":51},"13":{"loc":{"start":{"line":53,"column":96},"end":{"line":53,"column":114}},"type":"binary-expr","locations":[{"start":{"line":53,"column":96},"end":{"line":53,"column":106}},{"start":{"line":53,"column":110},"end":{"line":53,"column":114}}],"line":53},"14":{"loc":{"start":{"line":63,"column":4},"end":{"line":71,"column":5}},"type":"if","locations":[{"start":{"line":63,"column":4},"end":{"line":71,"column":5}},{"start":{},"end":{}}],"line":63},"15":{"loc":{"start":{"line":74,"column":6},"end":{"line":77,"column":7}},"type":"if","locations":[{"start":{"line":74,"column":6},"end":{"line":77,"column":7}},{"start":{},"end":{}}],"line":74},"16":{"loc":{"start":{"line":81,"column":35},"end":{"line":81,"column":68}},"type":"binary-expr","locations":[{"start":{"line":81,"column":35},"end":{"line":81,"column":48}},{"start":{"line":81,"column":52},"end":{"line":81,"column":68}}],"line":81},"17":{"loc":{"start":{"line":86,"column":24},"end":{"line":86,"column":36}},"type":"default-arg","locations":[{"start":{"line":86,"column":34},"end":{"line":86,"column":36}}],"line":86},"18":{"loc":{"start":{"line":87,"column":4},"end":{"line":95,"column":5}},"type":"if","locations":[{"start":{"line":87,"column":4},"end":{"line":95,"column":5}},{"start":{},"end":{}}],"line":87},"19":{"loc":{"start":{"line":102,"column":27},"end":{"line":102,"column":113}},"type":"cond-expr","locations":[{"start":{"line":102,"column":55},"end":{"line":102,"column":60}},{"start":{"line":102,"column":63},"end":{"line":102,"column":113}}],"line":102},"20":{"loc":{"start":{"line":102,"column":63},"end":{"line":102,"column":113}},"type":"binary-expr","locations":[{"start":{"line":102,"column":63},"end":{"line":102,"column":76}},{"start":{"line":102,"column":80},"end":{"line":102,"column":90}},{"start":{"line":102,"column":94},"end":{"line":102,"column":113}}],"line":102},"21":{"loc":{"start":{"line":103,"column":25},"end":{"line":103,"column":56}},"type":"binary-expr","locations":[{"start":{"line":103,"column":25},"end":{"line":103,"column":36}},{"start":{"line":103,"column":40},"end":{"line":103,"column":56}}],"line":103},"22":{"loc":{"start":{"line":105,"column":113},"end":{"line":105,"column":131}},"type":"binary-expr","locations":[{"start":{"line":105,"column":113},"end":{"line":105,"column":123}},{"start":{"line":105,"column":127},"end":{"line":105,"column":131}}],"line":105},"23":{"loc":{"start":{"line":113,"column":29},"end":{"line":113,"column":38}},"type":"default-arg","locations":[{"start":{"line":113,"column":35},"end":{"line":113,"column":38}}],"line":113},"24":{"loc":{"start":{"line":114,"column":4},"end":{"line":122,"column":5}},"type":"if","locations":[{"start":{"line":114,"column":4},"end":{"line":122,"column":5}},{"start":{},"end":{}}],"line":114},"25":{"loc":{"start":{"line":127,"column":35},"end":{"line":127,"column":68}},"type":"binary-expr","locations":[{"start":{"line":127,"column":35},"end":{"line":127,"column":48}},{"start":{"line":127,"column":52},"end":{"line":127,"column":68}}],"line":127},"26":{"loc":{"start":{"line":132,"column":23},"end":{"line":132,"column":35}},"type":"default-arg","locations":[{"start":{"line":132,"column":33},"end":{"line":132,"column":35}}],"line":132},"27":{"loc":{"start":{"line":133,"column":4},"end":{"line":141,"column":5}},"type":"if","locations":[{"start":{"line":133,"column":4},"end":{"line":141,"column":5}},{"start":{},"end":{}}],"line":133},"28":{"loc":{"start":{"line":144,"column":6},"end":{"line":144,"column":65}},"type":"if","locations":[{"start":{"line":144,"column":6},"end":{"line":144,"column":65}},{"start":{},"end":{}}],"line":144},"29":{"loc":{"start":{"line":150,"column":27},"end":{"line":150,"column":119}},"type":"cond-expr","locations":[{"start":{"line":150,"column":55},"end":{"line":150,"column":60}},{"start":{"line":150,"column":63},"end":{"line":150,"column":119}}],"line":150},"30":{"loc":{"start":{"line":150,"column":63},"end":{"line":150,"column":119}},"type":"binary-expr","locations":[{"start":{"line":150,"column":63},"end":{"line":150,"column":76}},{"start":{"line":150,"column":80},"end":{"line":150,"column":90}},{"start":{"line":150,"column":94},"end":{"line":150,"column":119}}],"line":150},"31":{"loc":{"start":{"line":151,"column":25},"end":{"line":151,"column":56}},"type":"binary-expr","locations":[{"start":{"line":151,"column":25},"end":{"line":151,"column":36}},{"start":{"line":151,"column":40},"end":{"line":151,"column":56}}],"line":151},"32":{"loc":{"start":{"line":153,"column":102},"end":{"line":153,"column":120}},"type":"binary-expr","locations":[{"start":{"line":153,"column":102},"end":{"line":153,"column":112}},{"start":{"line":153,"column":116},"end":{"line":153,"column":120}}],"line":153},"33":{"loc":{"start":{"line":162,"column":4},"end":{"line":170,"column":5}},"type":"if","locations":[{"start":{"line":162,"column":4},"end":{"line":170,"column":5}},{"start":{},"end":{}}],"line":162},"34":{"loc":{"start":{"line":177,"column":27},"end":{"line":177,"column":120}},"type":"cond-expr","locations":[{"start":{"line":177,"column":55},"end":{"line":177,"column":60}},{"start":{"line":177,"column":63},"end":{"line":177,"column":120}}],"line":177},"35":{"loc":{"start":{"line":177,"column":63},"end":{"line":177,"column":120}},"type":"binary-expr","locations":[{"start":{"line":177,"column":63},"end":{"line":177,"column":76}},{"start":{"line":177,"column":80},"end":{"line":177,"column":90}},{"start":{"line":177,"column":94},"end":{"line":177,"column":120}}],"line":177},"36":{"loc":{"start":{"line":178,"column":25},"end":{"line":178,"column":56}},"type":"binary-expr","locations":[{"start":{"line":178,"column":25},"end":{"line":178,"column":36}},{"start":{"line":178,"column":40},"end":{"line":178,"column":56}}],"line":178},"37":{"loc":{"start":{"line":180,"column":108},"end":{"line":180,"column":126}},"type":"binary-expr","locations":[{"start":{"line":180,"column":108},"end":{"line":180,"column":118}},{"start":{"line":180,"column":122},"end":{"line":180,"column":126}}],"line":180},"38":{"loc":{"start":{"line":189,"column":4},"end":{"line":197,"column":5}},"type":"if","locations":[{"start":{"line":189,"column":4},"end":{"line":197,"column":5}},{"start":{},"end":{}}],"line":189},"39":{"loc":{"start":{"line":200,"column":6},"end":{"line":203,"column":7}},"type":"if","locations":[{"start":{"line":200,"column":6},"end":{"line":203,"column":7}},{"start":{},"end":{}}],"line":200},"40":{"loc":{"start":{"line":207,"column":27},"end":{"line":207,"column":128}},"type":"cond-expr","locations":[{"start":{"line":207,"column":55},"end":{"line":207,"column":60}},{"start":{"line":207,"column":63},"end":{"line":207,"column":128}}],"line":207},"41":{"loc":{"start":{"line":207,"column":63},"end":{"line":207,"column":128}},"type":"binary-expr","locations":[{"start":{"line":207,"column":63},"end":{"line":207,"column":76}},{"start":{"line":207,"column":80},"end":{"line":207,"column":90}},{"start":{"line":207,"column":94},"end":{"line":207,"column":128}}],"line":207},"42":{"loc":{"start":{"line":208,"column":25},"end":{"line":208,"column":56}},"type":"binary-expr","locations":[{"start":{"line":208,"column":25},"end":{"line":208,"column":36}},{"start":{"line":208,"column":40},"end":{"line":208,"column":56}}],"line":208},"43":{"loc":{"start":{"line":210,"column":114},"end":{"line":210,"column":132}},"type":"binary-expr","locations":[{"start":{"line":210,"column":114},"end":{"line":210,"column":124}},{"start":{"line":210,"column":128},"end":{"line":210,"column":132}}],"line":210},"44":{"loc":{"start":{"line":219,"column":4},"end":{"line":227,"column":5}},"type":"if","locations":[{"start":{"line":219,"column":4},"end":{"line":227,"column":5}},{"start":{},"end":{}}],"line":219}},"s":{"0":1,"1":1,"2":1,"3":0,"4":0,"5":0,"6":0,"7":0,"8":0,"9":1,"10":1,"11":1,"12":1,"13":0,"14":0,"15":0,"16":0,"17":0,"18":0,"19":0,"20":0,"21":0,"22":0,"23":0,"24":0,"25":0,"26":0,"27":0,"28":0,"29":0,"30":0,"31":3,"32":0,"33":0,"34":0,"35":0,"36":0,"37":3,"38":3,"39":2,"40":1,"41":1,"42":1,"43":1,"44":1,"45":1,"46":0,"47":0,"48":0,"49":0,"50":0,"51":0,"52":0,"53":0,"54":0,"55":0,"56":0,"57":0,"58":0,"59":0,"60":0,"61":0,"62":1,"63":0,"64":0,"65":0,"66":0,"67":0,"68":1,"69":1,"70":1,"71":0,"72":0,"73":0,"74":0,"75":0,"76":0,"77":0,"78":0,"79":0,"80":0,"81":0,"82":0,"83":0,"84":0,"85":0,"86":0,"87":0,"88":0,"89":0,"90":0,"91":0,"92":1,"93":0,"94":0,"95":0,"96":0,"97":0,"98":1,"99":1,"100":1,"101":0,"102":0,"103":0,"104":0,"105":0,"106":0,"107":0,"108":1,"109":0,"110":0,"111":0,"112":0,"113":0,"114":1,"115":1,"116":1,"117":1,"118":1,"119":0,"120":0,"121":0,"122":0,"123":0,"124":0,"125":0,"126":1,"127":1,"128":1,"129":1,"130":1,"131":0},"f":{"0":1,"1":0,"2":1,"3":0,"4":0,"5":3,"6":0,"7":1,"8":0,"9":1,"10":1,"11":1},"b":{"0":[1,1],"1":[0,0],"2":[0,0,0],"3":[0,0],"4":[0,0],"5":[0,0],"6":[0,0,0],"7":[0,0],"8":[0,0],"9":[0,0],"10":[0,0],"11":[0,0,0],"12":[0,0],"13":[0,0],"14":[0,3],"15":[1,1],"16":[1,0],"17":[0],"18":[0,0],"19":[0,0],"20":[0,0,0],"21":[0,0],"22":[0,0],"23":[0],"24":[0,1],"25":[0,0],"26":[0],"27":[0,0],"28":[0,0],"29":[0,0],"30":[0,0,0],"31":[0,0],"32":[0,0],"33":[0,1],"34":[0,0],"35":[0,0,0],"36":[0,0],"37":[0,0],"38":[0,1],"39":[1,0],"40":[0,0],"41":[0,0,0],"42":[0,0],"43":[0,0],"44":[1,0]},"inputSourceMap":null,"_coverageSchema":"1a1c01bbd47fc00a2c39e90264f33305004495a9","hash":"1c1713e557d5a5cf0ae5c31e61fb813e183fccd4"}
,"C:\\Users\\pacoy\\Desktop\\Nouveau dossier (3)\\Nouveau dossier\\my-react-router-app\\server\\services\\databaseService.js": {"path":"C:\\Users\\pacoy\\Desktop\\Nouveau dossier (3)\\Nouveau dossier\\my-react-router-app\\server\\services\\databaseService.js","statementMap":{"0":{"start":{"line":4,"column":15},"end":{"line":4,"column":35}},"1":{"start":{"line":4,"column":23},"end":{"line":4,"column":35}},"2":{"start":{"line":6,"column":31},"end":{"line":294,"column":1}},"3":{"start":{"line":8,"column":4},"end":{"line":14,"column":5}},"4":{"start":{"line":9,"column":6},"end":{"line":9,"column":30}},"5":{"start":{"line":10,"column":6},"end":{"line":10,"column":55}},"6":{"start":{"line":12,"column":6},"end":{"line":12,"column":69}},"7":{"start":{"line":13,"column":6},"end":{"line":13,"column":52}},"8":{"start":{"line":18,"column":4},"end":{"line":18,"column":31}},"9":{"start":{"line":19,"column":4},"end":{"line":19,"column":43}},"10":{"start":{"line":23,"column":15},"end":{"line":23,"column":25}},"11":{"start":{"line":24,"column":17},"end":{"line":36,"column":6}},"12":{"start":{"line":37,"column":4},"end":{"line":37,"column":49}},"13":{"start":{"line":37,"column":15},"end":{"line":37,"column":49}},"14":{"start":{"line":38,"column":4},"end":{"line":38,"column":16}},"15":{"start":{"line":42,"column":15},"end":{"line":42,"column":25}},"16":{"start":{"line":43,"column":17},"end":{"line":55,"column":6}},"17":{"start":{"line":56,"column":4},"end":{"line":56,"column":49}},"18":{"start":{"line":56,"column":15},"end":{"line":56,"column":49}},"19":{"start":{"line":57,"column":4},"end":{"line":57,"column":16}},"20":{"start":{"line":61,"column":15},"end":{"line":61,"column":25}},"21":{"start":{"line":62,"column":21},"end":{"line":62,"column":95}},"22":{"start":{"line":63,"column":4},"end":{"line":63,"column":73}},"23":{"start":{"line":63,"column":18},"end":{"line":63,"column":73}},"24":{"start":{"line":64,"column":17},"end":{"line":64,"column":47}},"25":{"start":{"line":65,"column":4},"end":{"line":65,"column":94}},"26":{"start":{"line":66,"column":4},"end":{"line":66,"column":16}},"27":{"start":{"line":70,"column":15},"end":{"line":70,"column":25}},"28":{"start":{"line":71,"column":4},"end":{"line":71,"column":60}},"29":{"start":{"line":72,"column":18},"end":{"line":74,"column":6}},"30":{"start":{"line":75,"column":4},"end":{"line":75,"column":133}},"31":{"start":{"line":76,"column":4},"end":{"line":76,"column":17}},"32":{"start":{"line":80,"column":15},"end":{"line":80,"column":25}},"33":{"start":{"line":81,"column":4},"end":{"line":81,"column":77}},"34":{"start":{"line":85,"column":15},"end":{"line":85,"column":25}},"35":{"start":{"line":86,"column":20},"end":{"line":86,"column":99}},"36":{"start":{"line":87,"column":4},"end":{"line":87,"column":110}},"37":{"start":{"line":88,"column":4},"end":{"line":88,"column":25}},"38":{"start":{"line":93,"column":15},"end":{"line":93,"column":25}},"39":{"start":{"line":94,"column":4},"end":{"line":94,"column":93}},"40":{"start":{"line":98,"column":15},"end":{"line":98,"column":25}},"41":{"start":{"line":99,"column":4},"end":{"line":99,"column":80}},"42":{"start":{"line":103,"column":15},"end":{"line":103,"column":25}},"43":{"start":{"line":104,"column":4},"end":{"line":104,"column":105}},"44":{"start":{"line":109,"column":15},"end":{"line":109,"column":25}},"45":{"start":{"line":110,"column":21},"end":{"line":113,"column":6}},"46":{"start":{"line":115,"column":4},"end":{"line":117,"column":7}},"47":{"start":{"line":119,"column":4},"end":{"line":119,"column":20}},"48":{"start":{"line":123,"column":15},"end":{"line":123,"column":25}},"49":{"start":{"line":124,"column":19},"end":{"line":124,"column":29}},"50":{"start":{"line":125,"column":4},"end":{"line":125,"column":47}},"51":{"start":{"line":126,"column":20},"end":{"line":128,"column":6}},"52":{"start":{"line":129,"column":4},"end":{"line":129,"column":111}},"53":{"start":{"line":130,"column":4},"end":{"line":130,"column":25}},"54":{"start":{"line":134,"column":15},"end":{"line":134,"column":25}},"55":{"start":{"line":136,"column":19},"end":{"line":145,"column":6}},"56":{"start":{"line":147,"column":4},"end":{"line":152,"column":7}},"57":{"start":{"line":154,"column":4},"end":{"line":154,"column":18}},"58":{"start":{"line":159,"column":15},"end":{"line":159,"column":25}},"59":{"start":{"line":160,"column":4},"end":{"line":169,"column":7}},"60":{"start":{"line":161,"column":20},"end":{"line":161,"column":63}},"61":{"start":{"line":162,"column":6},"end":{"line":164,"column":7}},"62":{"start":{"line":163,"column":8},"end":{"line":163,"column":61}},"63":{"start":{"line":165,"column":6},"end":{"line":167,"column":7}},"64":{"start":{"line":166,"column":8},"end":{"line":166,"column":63}},"65":{"start":{"line":168,"column":6},"end":{"line":168,"column":19}},"66":{"start":{"line":173,"column":15},"end":{"line":173,"column":25}},"67":{"start":{"line":174,"column":4},"end":{"line":174,"column":56}},"68":{"start":{"line":178,"column":15},"end":{"line":178,"column":25}},"69":{"start":{"line":179,"column":4},"end":{"line":182,"column":7}},"70":{"start":{"line":180,"column":22},"end":{"line":180,"column":91}},"71":{"start":{"line":181,"column":6},"end":{"line":181,"column":21}},"72":{"start":{"line":186,"column":15},"end":{"line":186,"column":25}},"73":{"start":{"line":187,"column":4},"end":{"line":187,"column":40}},"74":{"start":{"line":191,"column":15},"end":{"line":191,"column":25}},"75":{"start":{"line":192,"column":4},"end":{"line":197,"column":7}},"76":{"start":{"line":193,"column":20},"end":{"line":193,"column":74}},"77":{"start":{"line":194,"column":6},"end":{"line":194,"column":53}},"78":{"start":{"line":194,"column":18},"end":{"line":194,"column":53}},"79":{"start":{"line":195,"column":22},"end":{"line":195,"column":86}},"80":{"start":{"line":196,"column":6},"end":{"line":196,"column":21}},"81":{"start":{"line":202,"column":15},"end":{"line":202,"column":25}},"82":{"start":{"line":203,"column":4},"end":{"line":203,"column":57}},"83":{"start":{"line":207,"column":15},"end":{"line":207,"column":25}},"84":{"start":{"line":208,"column":4},"end":{"line":208,"column":107}},"85":{"start":{"line":212,"column":15},"end":{"line":212,"column":25}},"86":{"start":{"line":213,"column":4},"end":{"line":213,"column":71}},"87":{"start":{"line":217,"column":15},"end":{"line":217,"column":25}},"88":{"start":{"line":218,"column":4},"end":{"line":218,"column":57}},"89":{"start":{"line":222,"column":15},"end":{"line":222,"column":25}},"90":{"start":{"line":223,"column":4},"end":{"line":223,"column":103}},"91":{"start":{"line":227,"column":15},"end":{"line":227,"column":25}},"92":{"start":{"l
[...]
nd":{"line":182,"column":5}},"line":179},"20":{"name":"(anonymous_20)","decl":{"start":{"line":185,"column":2},"end":{"line":185,"column":3}},"loc":{"start":{"line":185,"column":34},"end":{"line":188,"column":3}},"line":185},"21":{"name":"(anonymous_21)","decl":{"start":{"line":190,"column":2},"end":{"line":190,"column":3}},"loc":{"start":{"line":190,"column":49},"end":{"line":198,"column":3}},"line":190},"22":{"name":"(anonymous_22)","decl":{"start":{"line":192,"column":33},"end":{"line":192,"column":34}},"loc":{"start":{"line":192,"column":48},"end":{"line":197,"column":5}},"line":192},"23":{"name":"(anonymous_23)","decl":{"start":{"line":201,"column":2},"end":{"line":201,"column":3}},"loc":{"start":{"line":201,"column":30},"end":{"line":204,"column":3}},"line":201},"24":{"name":"(anonymous_24)","decl":{"start":{"line":206,"column":2},"end":{"line":206,"column":3}},"loc":{"start":{"line":206,"column":54},"end":{"line":209,"column":3}},"line":206},"25":{"name":"(anonymous_25)","decl":{"start":{"line":211,"column":2},"end":{"line":211,"column":3}},"loc":{"start":{"line":211,"column":33},"end":{"line":214,"column":3}},"line":211},"26":{"name":"(anonymous_26)","decl":{"start":{"line":216,"column":2},"end":{"line":216,"column":3}},"loc":{"start":{"line":216,"column":33},"end":{"line":219,"column":3}},"line":216},"27":{"name":"(anonymous_27)","decl":{"start":{"line":221,"column":2},"end":{"line":221,"column":3}},"loc":{"start":{"line":221,"column":38},"end":{"line":224,"column":3}},"line":221},"28":{"name":"(anonymous_28)","decl":{"start":{"line":226,"column":2},"end":{"line":226,"column":3}},"loc":{"start":{"line":226,"column":31},"end":{"line":229,"column":3}},"line":226},"29":{"name":"(anonymous_29)","decl":{"start":{"line":231,"column":2},"end":{"line":231,"column":3}},"loc":{"start":{"line":231,"column":43},"end":{"line":234,"column":3}},"line":231},"30":{"name":"(anonymous_30)","decl":{"start":{"line":236,"column":2},"end":{"line":236,"column":3}},"loc":{"start":{"line":236,"column":35},"end":{"line":239,"column":3}},"line":236},"31":{"name":"(anonymous_31)","decl":{"start":{"line":241,"column":2},"end":{"line":241,"column":3}},"loc":{"start":{"line":241,"column":33},"end":{"line":244,"column":3}},"line":241},"32":{"name":"(anonymous_32)","decl":{"start":{"line":246,"column":2},"end":{"line":246,"column":3}},"loc":{"start":{"line":246,"column":33},"end":{"line":249,"column":3}},"line":246},"33":{"name":"(anonymous_33)","decl":{"start":{"line":251,"column":2},"end":{"line":251,"column":3}},"loc":{"start":{"line":251,"column":51},"end":{"line":254,"column":3}},"line":251},"34":{"name":"(anonymous_34)","decl":{"start":{"line":256,"column":2},"end":{"line":256,"column":3}},"loc":{"start":{"line":256,"column":60},"end":{"line":261,"column":3}},"line":256},"35":{"name":"(anonymous_35)","decl":{"start":{"line":264,"column":2},"end":{"line":264,"column":3}},"loc":{"start":{"line":264,"column":44},"end":{"line":271,"column":3}},"line":264},"36":{"name":"(anonymous_36)","decl":{"start":{"line":274,"column":2},"end":{"line":274,"column":3}},"loc":{"start":{"line":274,"column":50},"end":{"line":279,"column":3}},"line":274},"37":{"name":"(anonymous_37)","decl":{"start":{"line":282,"column":2},"end":{"line":282,"column":3}},"loc":{"start":{"line":282,"column":67},"end":{"line":293,"column":3}},"line":282}},"branchMap":{"0":{"loc":{"start":{"line":4,"column":23},"end":{"line":4,"column":35}},"type":"binary-expr","locations":[{"start":{"line":4,"column":23},"end":{"line":4,"column":25}},{"start":{"line":4,"column":29},"end":{"line":4,"column":35}}],"line":4},"1":{"loc":{"start":{"line":22,"column":30},"end":{"line":22,"column":45}},"type":"default-arg","locations":[{"start":{"line":22,"column":43},"end":{"line":22,"column":45}}],"line":22},"2":{"loc":{"start":{"line":22,"column":47},"end":{"line":22,"column":58}},"type":"default-arg","locations":[{"start":{"line":22,"column":56},"end":{"line":22,"column":58}}],"line":22},"3":{"loc":{"start":{"line":37,"column":4},"end":{"line":37,"column":49}},"type":"if","locations":[{"start":{"line":37,"column":4},"end":{"line":37,"column":49}},{"start":{},"end":{}}],"line":37},"4":{"loc":{"start":{"line":41,"column":24},"end":{"line":41,"column":35}},"type":"default-arg","locations":[{"start":{"line":41,"column":33},"end":{"line":41,"column":35}}],"line":41},"5":{"loc":{"start":{"line":56,"column":4},"end":{"line":56,"column":49}},"type":"if","locations":[{"start":{"line":56,"column":4},"end":{"line":56,"column":49}},{"start":{},"end":{}}],"line":56},"6":{"loc":{"start":{"line":63,"column":4},"end":{"line":63,"column":73}},"type":"if","locations":[{"start":{"line":63,"column":4},"end":{"line":63,"column":73}},{"start":{},"end":{}}],"line":63},"7":{"loc":{"start":{"line":69,"column":62},"end":{"line":69,"column":71}},"type":"default-arg","locations":[{"start":{"line":69,"column":69},"end":{"line":69,"column":71}}],"line":69},"8":{"loc":{"start":{"line":73,"column":64},"end":{"line":73,"column":86}},"type":"binary-expr","locations":[{"start":{"line":73,"column":64},"end":{"line":73,"column":78}},{"start":{"line":73,"column":82},"end":{"line":73,"column":86}}],"line":73},"9":{"loc":{"start":{"line":73,"column":92},"end":{"line":73,"column":107}},"type":"binary-expr","locations":[{"start":{"line":73,"column":92},"end":{"line":73,"column":99}},{"start":{"line":73,"column":103},"end":{"line":73,"column":107}}],"line":73},"10":{"loc":{"start":{"line":75,"column":103},"end":{"line":75,"column":128}},"type":"binary-expr","locations":[{"start":{"line":75,"column":103},"end":{"line":75,"column":117}},{"start":{"line":75,"column":121},"end":{"line":75,"column":128}}],"line":75},"11":{"loc":{"start":{"line":92,"column":40},"end":{"line":92,"column":60}},"type":"default-arg","locations":[{"start":{"line":92,"column":58},"end":{"line":92,"column":60}}],"line":92},"12":{"loc":{"start":{"line":122,"column":30},"end":{"line":122,"column":42}},"type":"default-arg","locations":[{"start":{"line":122,"column":40},"end":{"line":122,"column":42}}],"line":122},"13":{"loc":{"start":{"line":133,"column":64},"end":{"line":133,"column":76}},"type":"default-arg","locations":[{"start":{"line":133,"column":72},"end":{"line":133,"column":76}}],"line":133},"14":{"loc":{"start":{"line":162,"column":6},"end":{"line":164,"column":7}},"type":"if","locations":[{"start":{"line":162,"column":6},"end":{"line":164,"column":7}},{"start":{},"end":{}}],"line":162},"15":{"loc":{"start":{"line":165,"column":6},"end":{"line":167,"column":7}},"type":"if","locations":[{"start":{"line":165,"column":6},"end":{"line":167,"column":7}},{"start":{},"end":{}}],"line":165},"16":{"loc":{"start":{"line":177,"column":38},"end":{"line":177,"column":48}},"type":"default-arg","locations":[{"start":{"line":177,"column":46},"end":{"line":177,"column":48}}],"line":177},"17":{"loc":{"start":{"line":194,"column":6},"end":{"line":194,"column":53}},"type":"if","locations":[{"start":{"line":194,"column":6},"end":{"line":194,"column":53}},{"start":{},"end":{}}],"line":194}},"s":{"0":1,"1":19,"2":1,"3":0,"4":0,"5":0,"6":0,"7":0,"8":0,"9":0,"10":0,"11":0,"12":0,"13":0,"14":0,"15":1,"16":1,"17":1,"18":0,"19":1,"20":1,"21":1,"22":1,"23":0,"24":1,"25":1,"26":1,"27":0,"28":0,"29":0,"30":0,"31":0,"32":0,"33":0,"34":0,"35":0,"36":0,"37":0,"38":0,"39":0,"40":0,"41":0,"42":0,"43":0,"44":0,"45":0,"46":0,"47":0,"48":0,"49":0,"50":0,"51":0,"52":0,"53":0,"54":0,"55":0,"56":0,"57":0,"58":1,"59":1,"60":1,"61":1,"62":1,"63":1,"64":1,"65":1,"66":1,"67":1,"68":1,"69":1,"70":1,"71":1,"72":1,"73":1,"74":1,"75":1,"76":1,"77":1,"78":0,"79":1,"80":1,"81":1,"82":1,"83":1,"84":1,"85":1,"86":1,"87":1,"88":1,"89":1,"90":1,"91":1,"92":1,"93":1,"94":1,"95":1,"96":1,"97":1,"98":1,"99":1,"100":1,"101":1,"102":1,"103":1,"104":1,"105":0,"106":0,"107":0,"108":0,"109":0,"110":0,"111":0,"112":0,"113":0,"114":0},"f":{"0":19,"1":0,"2":0,"3":0,"4":1,"5":1,"6":0,"7":0,"8":0,"9":0,"10":0,"11":0,"12":0,"13":0,"14":0,"15":1,"16":1,"17":1,"18":1,"19":1,"20":1,"21":1,"22":1,"23":1,"24":1,"25":1,"26":1,"27":1,"28":1,"29":1,"30":1,"31":1,"32":1,"33":1,"34":1,"35":0,"36":0,"37":0},"b":{"0":[19,19],"1":[0],"2":[0],"3":[0,0],"4":[1],"5":[0,1],"6":[0,1],"7":[0],"8":[0,0],"9":[0,0],"10":[0,0],"11":[0],"12":[0],"13":[0],"14":[1,0],"15":[1,0],"16":[0],"17":[0,1]},"inputSourceMap":null,"_coverageSchema":"1a1c01bbd47fc00a2c39e90264f33305004495a9","hash":"55a040e6a25ea45ce5039f59b33683ac96b4246a"}
,"C:\\Users\\pacoy\\Desktop\\Nouveau dossier (3)\\Nouveau dossier\\my-react-router-app\\server\\utils\\lock.js": {"path":"C:\\Users\\pacoy\\Desktop\\Nouveau dossier (3)\\Nouveau dossier\\my-react-router-app\\server\\utils\\lock.js","statementMap":{"0":{"start":{"line":6,"column":14},"end":{"line":6,"column":54}},"1":{"start":{"line":7,"column":25},"end":{"line":7,"column":73}},"2":{"start":{"line":8,"column":17},"end":{"line":8,"column":36}},"3":{"start":{"line":10,"column":2},"end":{"line":100,"column":3}},"4":{"start":{"line":10,"column":21},"end":{"line":10,"column":22}},"5":{"start":{"line":11,"column":4},"end":{"line":99,"column":5}},"6":{"start":{"line":12,"column":6},"end":{"line":17,"column":9}},"7":{"start":{"line":19,"column":6},"end":{"line":23,"column":9}},"8":{"start":{"line":25,"column":6},"end":{"line":29,"column":9}},"9":{"start":{"line":30,"column":6},"end":{"line":30,"column":18}},"10":{"start":{"line":32,"column":6},"end":{"line":98,"column":7}},"11":{"start":{"line":33,"column":8},"end":{"line":37,"column":11}},"12":{"start":{"line":39,"column":29},"end":{"line":42,"column":10}},"13":{"start":{"line":44,"column":8},"end":{"line":61,"column":9}},"14":{"start":{"line":45,"column":10},"end":{"line":49,"column":13}},"15":{"start":{"line":51,"column":10},"end":{"line":51,"column":60}},"16":{"start":{"line":52,"column":10},"end":{"line":54,"column":13}},"17":{"start":{"line":56,"column":10},"end":{"line":59,"column":13}},"18":{"start":{"line":60,"column":10},"end":{"line":60,"column":22}},"19":{"start":{"line":63,"column":8},"end":{"line":67,"column":11}},"20":{"start":{"line":68,"column":8},"end":{"line":68,"column":21}},"21":{"start":{"line":69,"column":13},"end":{"line":98,"column":7}},"22":{"start":{"line":70,"column":8},"end":{"line":73,"column":11}},"23":{"start":{"line":75,"column":8},"end":{"line":80,"column":9}},"24":{"start":{"line":76,"column":10},"end":{"line":78,"column":13}},"25":{"start":{"line":79,"column":10},"end":{"line":79,"column":23}},"26":{"start":{"line":82,"column":26},"end":{"line":82,"column":53}},"27":{"start":{"line":83,"column":8},"end":{"line":83,"column":69}},"28":{"start":{"line":83,"column":37},"end":{"line":83,"column":67}},"29":{"start":{"line":84,"column":8},"end":{"line":84,"column":17}},"30":{"start":{"line":86,"column":8},"end":{"line":89,"column":11}},"31":{"start":{"line":91,"column":8},"end":{"line":93,"column":9}},"32":{"start":{"line":92,"column":10},"end":{"line":92,"column":22}},"33":{"start":{"line":95,"column":26},"end":{"line":95,"column":52}},"34":{"start":{"line":96,"column":8},"end":{"line":96,"column":69}},"35":{"start":{"line":96,"column":37},"end":{"line":96,"column":67}},"36":{"start":{"line":97,"column":8},"end":{"line":97,"column":17}},"37":{"start":{"line":102,"column":2},"end":{"line":102,"column":15}},"38":{"start":{"line":106,"column":20},"end":{"line":106,"column":74}},"39":{"start":{"line":107,"column":2},"end":{"line":131,"column":3}},"40":{"start":{"line":108,"column":17},"end":{"line":111,"column":6}},"41":{"start":{"line":113,"column":4},"end":{"line":121,"column":5}},"42":{"start":{"line":114,"column":6},"end":{"line":114,"column":56}},"43":{"start":{"line":115,"column":6},"end":{"line":118,"column":9}},"44":{"start":{"line":120,"column":6},"end":{"line":120,"column":93}},"45":{"start":{"line":123,"column":4},"end":{"line":129,"column":5}},"46":{"start":{"line":124,"column":6},"end":{"line":127,"column":9}},"47":{"start":{"line":128,"column":6},"end":{"line":128,"column":18}},"48":{"start":{"line":130,"column":4},"end":{"line":130,"column":91}},"49":{"start":{"line":135,"column":20},"end":{"line":135,"column":74}},"50":{"start":{"line":136,"column":2},"end":{"line":154,"column":3}},"51":{"start":{"line":137,"column":27},"end":{"line":137,"column":72}},"52":{"start":{"line":138,"column":17},"end":{"line":141,"column":6}},"53":{"start":{"line":143,"column":20},"end":{"line":143,"column":58}},"54":{"start":{"line":144,"column":4},"end":{"line":147,"column":7}},"55":{"start":{"line":148,"column":4},"end":{"line":148,"column":19}},"56":{"start":{"line":150,"column":4},"end":{"line":152,"column":7}},"57":{"start":{"line":153,"column":4},"end":{"line":153,"column":17}}},"fnMap":{"0":{"name":"acquireLock","decl":{"start":{"line":5,"column":22},"end":{"line":5,"column":33}},"loc":{"start":{"line":5,"column":93},"end":{"line":103,"column":1}},"line":5},"1":{"name":"(anonymous_1)","decl":{"start":{"line":83,"column":26},"end":{"line":83,"column":27}},"loc":{"start":{"line":83,"column":37},"end":{"line":83,"column":67}},"line":83},"2":{"name":"(anonymous_2)","decl":{"start":{"line":96,"column":26},"end":{"line":96,"column":27}},"loc":{"start":{"line":96,"column":37},"end":{"line":96,"column":67}},"line":96},"3":{"name":"releaseLock","decl":{"start":{"line":105,"column":22},"end":{"line":105,"column":33}},"loc":{"start":{"line":105,"column":48},"end":{"line":132,"column":1}},"line":105},"4":{"name":"isLockStale","decl":{"start":{"line":134,"column":22},"end":{"line":134,"column":33}},"loc":{"start":{"line":134,"column":65},"end":{"line":155,"column":1}},"line":134}},"branchMap":{"0":{"loc":{"start":{"line":5,"column":60},"end":{"line":5,"column":75}},"type":"default-arg","locations":[{"start":{"line":5,"column":73},"end":{"line":5,"column":75}}],"line":5},"1":{"loc":{"start":{"line":5,"column":77},"end":{"line":5,"column":91}},"type":"default-arg","locations":[{"start":{"line":5,"column":90},"end":{"line":5,"column":91}}],"line":5},"2":{"loc":{"start":{"line":32,"column":6},"end":{"line":98,"column":7}},"type":"if","locations":[{"start":{"line":32,"column":6},"end":{"line":98,"column":7}},{"start":{"line":69,"column":13},"end":{"line":98,"column":7}}],"line":32},"3":{"loc":{"start":{"line":44,"column":8},"end":{"line":61,"column":9}},"type":"if","locations":[{"start":{"line":44,"column":8},"end":{"line":61,"column":9}},{"start":{},"end":{}}],"line":44},"4":{"loc":{"start":{"line":44,"column":12},"end":{"line":44,"column":66}},"type":"binary-expr","locations":[{"start":{"line":44,"column":12},"end":{"line":44,"column":24}},{"start":{"line":44,"column":28},"end":{"line":44,"column":66}}],"line":44},"5":{"loc":{"start":{"line":69,"column":13},"end":{"line":98,"column":7}},"type":"if","locations":[{"start":{"line":69,"column":13},"end":{"line":98,"column":7}},{"start":{"line":85,"column":13},"end":{"line":98,"column":7}}],"line":69},"6":{"loc":{"start":{"line":75,"column":8},"end":{"line":80,"column":9}},"type":"if","locations":[{"start":{"line":75,"column":8},"end":{"line":80,"column":9}},{"start":{},"end":{}}],"line":75},"7":{"loc":{"start":{"line":91,"column":8},"end":{"line":93,"column":9}},"type":"if","locations":[{"start":{"line":91,"column":8},"end":{"line":93,"column":9}},{"start":{},"end":{}}],"line":91},"8":{"loc":{"start":{"line":113,"column":4},"end":{"line":121,"column":5}},"type":"if","locations":[{"start":{"line":113,"column":4},"end":{"line":121,"column":5}},{"start":{"line":119,"column":11},"end":{"line":121,"column":5}}],"line":113},"9":{"loc":{"start":{"line":123,"column":4},"end":{"line":129,"column":5}},"type":"if","locations":[{"start":{"line":123,"column":4},"end":{"line":129,"column":5}},{"start":{},"end":{}}],"line":123},"10":{"loc":{"start":{"line":134,"column":48},"end":{"line":134,"column":63}},"type":"default-arg","locations":[{"start":{"line":134,"column":61},"end":{"line":134,"column":63}}],"line":134},"11":{"loc":{"start":{"line":143,"column":20},"end":{"line":143,"column":58}},"type":"binary-expr","locations":[{"start":{"line":143,"column":20},"end":{"line":143,"column":24}},{"start":{"line":143,"column":28},"end":{"line":143,"column":58}}],"line":143}},"s":{"0":0,"1":0,"2":0,"3":0,"4":0,"5":0,"6":0,"7":0,"8":0,"9":0,"10":0,"11":0,"12":0,"13":0,"14":0,"15":0,"16":0,"17":0,"18":0,"19":0,"20":0,"21":0,"22":0,"23":0,"24":0,"25":0,"26":0,"27":0,"28":0,"29":0,"30":0,"31":0,"32":0,"33":0,"34":0,"35":0,"36":0,"37":0,"38":0,"39":0,"40":0,"41":0,"42":0,"43":0,"44":0,"45":0,"46":0,"47":0,"48":0,"49":0,"50":0,"51":0,"52":0,"53":0,"54":0,"55":0,"56":0,"57":0},"f":{"0":0,"1":0,"2":0,"3":0,"4":0},"b":{"0":[0],"1":[0],"2":[0,0],"3":[0,0],"4":[0,0],"5":[0,0],"6":[0,0],"7":[0,0],"8":[0,0],"9":[0,0],"10":[0],"11":[0,0]},"inputSourceMap":null,"_coverageSchema":"1a1c01bbd47fc00a2c39e90264f33305004495a9","hash":"520cc2b06958e9fab789987d6d56e38c49867a95"}
,"C:\\Users\\pacoy\\Desktop\\Nouveau dossier (3)\\Nouveau dossier\\my-react-router-app\\server\\utils\\response.js": {"path":"C:\\Users\\pacoy\\Desktop\\Nouveau dossier (3)\\Nouveau dossier\\my-react-router-app\\server\\utils\\response.js","statementMap":{"0":{"start":{"line":1,"column":27},"end":{"line":13,"column":1}},"1":{"start":{"line":2,"column":19},"end":{"line":11,"column":3}},"2":{"start":{"line":12,"column":2},"end":{"line":12,"column":43}},"3":{"start":{"line":15,"column":30},"end":{"line":22,"column":1}},"4":{"start":{"line":16,"column":2},"end":{"line":21,"column":5}}},"fnMap":{"0":{"name":"(anonymous_0)","decl":{"start":{"line":1,"column":27},"end":{"line":1,"column":28}},"loc":{"start":{"line":1,"column":73},"end":{"line":13,"column":1}},"line":1},"1":{"name":"(anonymous_1)","decl":{"start":{"line":15,"column":30},"end":{"line":15,"column":31}},"loc":{"start":{"line":15,"column":67},"end":{"line":22,"column":1}},"line":15}},"branchMap":{"0":{"loc":{"start":{"line":1,"column":56},"end":{"line":1,"column":68}},"type":"default-arg","locations":[{"start":{"line":1,"column":66},"end":{"line":1,"column":68}}],"line":1},"1":{"loc":{"start":{"line":5,"column":12},"end":{"line":5,"column":35}},"type":"binary-expr","locations":[{"start":{"line":5,"column":12},"end":{"line":5,"column":16}},{"start":{"line":5,"column":20},"end":{"line":5,"column":35}}],"line":5},"2":{"loc":{"start":{"line":6,"column":15},"end":{"line":6,"column":49}},"type":"binary-expr","locations":[{"start":{"line":6,"column":15},"end":{"line":6,"column":22}},{"start":{"line":6,"column":26},"end":{"line":6,"column":49}}],"line":6},"3":{"loc":{"start":{"line":15,"column":53},"end":{"line":15,"column":62}},"type":"default-arg","locations":[{"start":{"line":15,"column":60},"end":{"line":15,"column":62}}],"line":15}},"s":{"0":1,"1":1,"2":1,"3":1,"4":3},"f":{"0":1,"1":3},"b":{"0":[1],"1":[1,0],"2":[1,0],"3":[0]},"inputSourceMap":null,"_coverageSchema":"1a1c01bbd47fc00a2c39e90264f33305004495a9","hash":"4802ee2807c128e1892632dcf10ff9eab0436b69"}
,"C:\\Users\\pacoy\\Desktop\\Nouveau dossier (3)\\Nouveau dossier\\my-react-router-app\\server\\validations\\user.validation.js": {"path":"C:\\Users\\pacoy\\Desktop\\Nouveau dossier (3)\\Nouveau dossier\\my-react-router-app\\server\\validations\\user.validation.js","statementMap":{"0":{"start":{"line":3,"column":30},"end":{"line":8,"column":2}},"1":{"start":{"line":6,"column":20},"end":{"line":6,"column":71}},"2":{"start":{"line":10,"column":36},"end":{"line":19,"column":2}}},"fnMap":{"0":{"name":"(anonymous_0)","decl":{"start":{"line":6,"column":10},"end":{"line":6,"column":11}},"loc":{"start":{"line":6,"column":20},"end":{"line":6,"column":71}},"line":6}},"branchMap":{"0":{"loc":{"start":{"line":6,"column":20},"end":{"line":6,"column":71}},"type":"binary-expr","locations":[{"start":{"line":6,"column":20},"end":{"line":6,"column":43}},{"start":{"line":6,"column":47},"end":{"line":6,"column":71}}],"line":6}},"s":{"0":1,"1":1,"2":1},"f":{"0":1},"b":{"0":[1,0]},"inputSourceMap":null,"_coverageSchema":"1a1c01bbd47fc00a2c39e90264f33305004495a9","hash":"83ee7122401451c5413f1abe773f836b67a368b2"}
}
