{"/workspace/server/services/authService.js": {"path":"/workspace/server/services/authService.js","statementMap":{"0":{"start":{"line":2,"column":25},"end":{"line":2,"column":27}},"1":{"start":{"line":7,"column":19},"end":{"line":7,"column":49}},"2":{"start":{"line":8,"column":18},"end":{"line":8,"column":47}},"3":{"start":{"line":9,"column":32},"end":{"line":9,"column":113}},"4":{"start":{"line":11,"column":0},"end":{"line":13,"column":1}},"5":{"start":{"line":12,"column":2},"end":{"line":12,"column":145}},"6":{"start":{"line":16,"column":31},"end":{"line":28,"column":1}},"7":{"start":{"line":17,"column":15},"end":{"line":17,"column":29}},"8":{"start":{"line":18,"column":16},"end":{"line":18,"column":47}},"9":{"start":{"line":19,"column":2},"end":{"line":19,"column":88}},"10":{"start":{"line":19,"column":34},"end":{"line":19,"column":88}},"11":{"start":{"line":21,"column":2},"end":{"line":27,"column":3}},"12":{"start":{"line":22,"column":14},"end":{"line":22,"column":27}},"13":{"start":{"line":23,"column":14},"end":{"line":23,"column":32}},"14":{"start":{"line":24,"column":14},"end":{"line":24,"column":34}},"15":{"start":{"line":25,"column":14},"end":{"line":25,"column":35}},"16":{"start":{"line":26,"column":13},"end":{"line":26,"column":69}},"17":{"start":{"line":31,"column":29},"end":{"line":52,"column":1}},"18":{"start":{"line":32,"column":27},"end":{"line":32,"column":53}},"19":{"start":{"line":33,"column":18},"end":{"line":33,"column":64}},"20":{"start":{"line":35,"column":18},"end":{"line":41,"column":3}},"21":{"start":{"line":43,"column":2},"end":{"line":47,"column":3}},"22":{"start":{"line":45,"column":18},"end":{"line":45,"column":76}},"23":{"start":{"line":46,"column":4},"end":{"line":46,"column":35}},"24":{"start":{"line":49,"column":2},"end":{"line":49,"column":65}},"25":{"start":{"line":49,"column":19},"end":{"line":49,"column":65}},"26":{"start":{"line":50,"column":16},"end":{"line":50,"column":47}},"27":{"start":{"line":51,"column":2},"end":{"line":51,"column":33}},"28":{"start":{"line":55,"column":27},"end":{"line":75,"column":1}},"29":{"start":{"line":56,"column":2},"end":{"line":74,"column":3}},"30":{"start":{"line":57,"column":4},"end":{"line":63,"column":5}},"31":{"start":{"line":58,"column":19},"end":{"line":58,"column":67}},"32":{"start":{"line":59,"column":22},"end":{"line":59,"column":38}},"33":{"start":{"line":60,"column":6},"end":{"line":60,"column":42}},"34":{"start":{"line":61,"column":6},"end":{"line":61,"column":63}},"35":{"start":{"line":61,"column":36},"end":{"line":61,"column":63}},"36":{"start":{"line":62,"column":6},"end":{"line":62,"column":21}},"37":{"start":{"line":64,"column":4},"end":{"line":64,"column":65}},"38":{"start":{"line":64,"column":20},"end":{"line":64,"column":65}},"39":{"start":{"line":65,"column":20},"end":{"line":65,"column":50}},"40":{"start":{"line":66,"column":4},"end":{"line":66,"column":40}},"41":{"start":{"line":67,"column":4},"end":{"line":67,"column":19}},"42":{"start":{"line":69,"column":4},"end":{"line":69,"column":63}},"43":{"start":{"line":70,"column":4},"end":{"line":72,"column":5}},"44":{"start":{"line":71,"column":6},"end":{"line":71,"column":69}},"45":{"start":{"line":73,"column":4},"end":{"line":73,"column":37}},"46":{"start":{"line":79,"column":2},"end":{"line":79,"column":58}},"47":{"start":{"line":83,"column":34},"end":{"line":85,"column":1}},"48":{"start":{"line":84,"column":2},"end":{"line":84,"column":50}},"49":{"start":{"line":88,"column":34},"end":{"line":92,"column":1}},"50":{"start":{"line":89,"column":20},"end":{"line":89,"column":42}},"51":{"start":{"line":90,"column":22},"end":{"line":90,"column":111}},"52":{"start":{"line":91,"column":2},"end":{"line":91,"column":23}},"53":{"start":{"line":95,"column":30},"end":{"line":106,"column":1}},"54":{"start":{"line":96,"column":2},"end":{"line":105,"column":3}},"55":{"start":{"line":97,"column":22},"end":{"line":97,"column":44}},"56":{"start":{"line":98,"column":4},"end":{"line":98,"column":67}},"57":{"start":{"line":99,"column":19},"end":{"line":99,"column":89}},"58":{"start":{"line":100,"column":4},"end":{"line":100,"column":60}},"59":{"start":{"line":101,"column":4},"end":{"line":101,"column":18}},"60":{"start":{"line":103,"column":4},"end":{"line":103,"column":73}},"61":{"start":{"line":104,"column":4},"end":{"line":104,"column":16}},"62":{"start":{"line":109,"column":26},"end":{"line":115,"column":1}},"63":{"start":{"line":110,"column":23},"end":{"line":110,"column":66}},"64":{"start":{"line":111,"column":2},"end":{"line":111,"column":59}},"65":{"start":{"line":111,"column":20},"end":{"line":111,"column":59}},"66":{"start":{"line":113,"column":15},"end":{"line":113,"column":103}},"67":{"start":{"line":114,"column":2},"end":{"line":114,"column":14}},"68":{"start":{"line":118,"column":21},"end":{"line":131,"column":1}},"69":{"start":{"line":119,"column":15},"end":{"line":119,"column":78}},"70":{"start":{"line":120,"column":2},"end":{"line":122,"column":3}},"71":{"start":{"line":121,"column":4},"end":{"line":121,"column":49}},"72":{"start":{"line":124,"column":22},"end":{"line":124,"column":54}},"73":{"start":{"line":125,"column":23},"end":{"line":125,"column":54}},"74":{"start":{"line":126,"column":29},"end":{"line":126,"column":64}},"75":{"start":{"line":128,"column":2},"end":{"line":128,"column":89}},"76":{"start":{"line":130,"column":2},"end":{"line":130,"column":78}},"77":{"start":{"line":134,"column":28},"end":{"line":160,"column":1}},"78":{"start":{"line":136,"column":28},"end":{"line":136,"column":57}},"79":{"start":{"line":139,"column":22},"end":{"line":139,"column":78}},"80":{"start":{"line":140,"column":2},"end":{"line":142,"column":3}},"81":{"start":{"line":141,"column":4},"end":{"line":141,"column":56}},"82":{"start":{"line":145,"column":18},"end":{"line":145,"column":49}},"83":{"start":{"line":148,"column":15},"end":{"line":148,"column":64}},"84":{"start":{"line":149,"column":2},"end":{"line":149,"column":74}},"85":{"start":{"line":149,"column":40},"end":{"line":149,"column":74}},"86":{"start":{"line":152,"column":25},"end":{"line":152,"column":57}},"87":{"start":{"line":153,"column":26},"end":{"line":153,"column":57}},"88":{"start":{"line":156,"column":32},"end":{"line":156,"column":70}},"89":{"start":{"line":157,"column":2},"end":{"line":157,"column":95}},"90":{"start":{"line":159,"column":2},"end":{"line":159,"column":104}},"91":{"start":{"line":163,"column":22},"end":{"line":167,"column":1}},"92":{"start":{"line":164,"column":18},"end":{"line":164,"column":48}},"93":{"start":{"line":165,"column":20},"end":{"line":165,"column":41}},"94":{"start":{"line":166,"column":2},"end":{"line":166,"column":47}},"95":{"start":{"line":170,"column":27},"end":{"line":174,"column":1}},"96":{"start":{"line":171,"column":15},"end":{"line":171,"column":76}},"97":{"start":{"line":172,"column":2},"end":{"line":172,"column":47}},"98":{"start":{"line":172,"column":13},"end":{"line":172,"column":47}},"99":{"start":{"line":173,"column":2},"end":{"line":173,"column":14}}},"fnMap":{"0":{"name":"(anonymous_0)","decl":{"start":{"line":16,"column":31},"end":{"line":16,"column":32}},"loc":{"start":{"line":16,"column":41},"end":{"line":28,"column":1}},"line":16},"1":{"name":"(anonymous_1)","decl":{"start":{"line":31,"column":29},"end":{"line":31,"column":30}},"loc":{"start":{"line":31,"column":56},"end":{"line":52,"column":1}},"line":31},"2":{"name":"(anonymous_2)","decl":{"start":{"line":55,"column":27},"end":{"line":55,"column":28}},"loc":{"start":{"line":55,"column":44},"end":{"line":75,"column":1}},"line":55},"3":{"name":"hashToken","decl":{"start":{"line":78,"column":22},"end":{"line":78,"column":31}},"loc":{"start":{"line":78,"column":39},"end":{"line":80,"column":1}},"line":78},"4":{"name":"(anonymous_4)","decl":{"start":{"line":83,"column":34},"end":{"line":83,"column":35}},"loc":{"start":{"line":83,"column":64},"end":{"line":85,"column":1}},"line":83},"5":{"name":"(anonymous_5)","decl":{"start":{"line":88,"column":34},"end":{"line":88,"column":35}},"loc":{"start":{"line":88,"column":51},"end":{"line":92,"column":1}},"line":88},"6":{"name":"(anonymous_6)","decl":{"start":{"line":95,"column":30},"end":{"line":95,"column":31}},"loc":{"start":{"line":95,"column":58},"end":{"line":106,"column":1}},"line":95},"7":{"name":"(anonymous_7)","decl":{"start":{"line":109,"column":26},"end":{"line":109,"column":27}},"loc":{"start":{"line":109,"column":76},"end":{"line":115,"column":1}},"line":109},"8":{"name":"(anonymous_8)","decl":{"start":{"line":118,"column":21},"end":{"line":118,"column":22}},"loc":{"start":{"line":118,"column":48},"end":{"line":131,"column":1}},"line":118},"9":{"name":"(anonymous_9)","decl":{"start":{"line":134,"column":28},"end":{"line":134,"column":29}},"loc":{"start":{"line":134,"column":52},"end":{"line":160,"column":1}},"line":134},"10":{"name":"(anonymous_10)","decl":{"start":{"line":163,"column":22},"end":{"line":163,"column":23}},"loc":{"start":{"line":163,"column":45},"end":{"line":167,"column":1}},"line":163},"11":{"name":"(anonymous_11)","decl":{"start":{"line":170,"column":27},"end":{"line":170,"column":28}},"loc":{"start":{"line":170,"column":45},"end":{"line":174,"column":1}},"line":170}},"branchMap":{"0":{"loc":{"start":{"line":9,"column":32},"end":{"line":9,"column":113}},"type":"binary-expr","locations":[{"start":{"line":9,"column":32},"end":{"line":9,"column":63}},{"start":{"line":9,"column":67},"end":{"line":9,"column":113}}],"line":9},"1":{"loc":{"start":{"line":11,"column":0},"end":{"line":13,"column":1}},"type":"if","locations":[{"start":{"line":11,"column":0},"end":{"line":13,"column":1}},{"start":{},"end":{}}],"line":11},"2":{"loc":{"start":{"line":11,"column":4},"end":{"line":11,"column":29}},"type":"binary-expr","locations":[{"start":{"line":11,"column":4},"end":{"line":11,"column":15}},{"start":{"line":11,"column":19},"end":{"line":11,"column":29}}],"line":11},"3":{"loc":{"start":{"line":19,"column":2},"end":{"line":19,"column":88}},"type":"if","locations":[{"start":{"line":19,"column":2},"end":{"line":19,"column":88}},{"start":{},"end":{}}],"line":19},"4":{"loc":{"start":{"line":19,"column":6},"end":{"line":19,"column":32}},"type":"binary-expr","locations":[{"start":{"line":19,"column":6},"end":{"line":19,"column":18}},{"start":{"line":19,"column":22},"end":{"line":19,"column":32}}],"line":19},"5":{"loc":{"start":{"line":21,"column":2},"end":{"line":27,"column":3}},"type":"switch","locations":[{"start":{"line":22,"column":4},"end":{"line":22,"column":27}},{"start":{"line":23,"column":4},"end":{"line":23,"column":32}},{"start":{"line":24,"column":4},"end":{"line":24,"column":34}},{"start":{"line":25,"column":4},"end":{"line":25,"column":35}},{"start":{"line":26,"column":4},"end":{"line":26,"column":69}}],"line":21},"6":{"loc":{"start":{"line":36,"column":12},"end":{"line":36,"column":34}},"type":"binary-expr","locations":[{"start":{"line":36,"column":12},"end":{"line":36,"column":23}},{"start":{"line":36,"column":27},"end":{"line":36,"column":34}}],"line":36},"7":{"loc":{"start":{"line":38,"column":10},"end":{"line":38,"column":37}},"type":"binary-expr","locations":[{"start":{"line":38,"column":10},"end":{"line":38,"column":24}},{"start":{"line":38,"column":28},"end":{"line":38,"column":37}}],"line":38},"8":{"loc":{"start":{"line":43,"column":2},"end":{"line":47,"column":3}},"type":"if","locations":[{"start":{"line":43,"column":2},"end":{"line":47,"column":3}},{"start":{},"end":{}}],"line":43},"9":{"loc":{"start":{"line":43,"column":6},"end":{"line":43,"column":44}},"type":"binary-expr","locations":[{"start":{"line":43,"column":6},"end":{"line":43,"column":17}},{"start":{"line":43,"column":21},"end":{"line":43,"column":44}}],"line":43},"10":{"loc":{"start":{"line":49,"column":2},"end":{"line":49,"column":65}},"type":"if","locations":[{"start":{"line":49,"column":2},"end":{"line":49,"column":65}},{"start":{},"end":{}}],"line":49},"11":{"loc":{"start":{"line":57,"column":4},"end":{"line":63,"column":5}},"type":"if","locations":[{"start":{"line":57,"column":4},"end":{"line":63,"column":5}},{"start":{},"end":{}}],"line":57},"12":{"loc":{"start":{"line":57,"column":8},"end":{"line":57,"column":45}},"type":"binary-expr","locations":[{"start":{"line":57,"column":8},"end":{"line":57,"column":18}},{"start":{"line":57,"column":22},"end":{"line":57,"column":45}}],"line":57},"13":{"loc":{"start":{"line":61,"column":6},"end":{"line":61,"column":63}},"type":"if","locations":[{"start":{"line":61,"column":6},"end":{"line":61,"column":63}},{"start":{},"end":{}}],"line":61},"14":{"loc":{"start":{"line":64,"column":4},"end":{"line":64,"column":65}},"type":"if","locations":[{"start":{"line":64,"column":4},"end":{"line":64,"column":65}},{"start":{},"end":{}}],"line":64},"15":{"loc":{"start":{"line":70,"column":4},"end":{"line":72,"column":5}},"type":"if","locations":[{"start":{"line":70,"column":4},"end":{"line":72,"column":5}},{"start":{},"end":{}}],"line":70},"16":{"loc":{"start":{"line":111,"column":2},"end":{"line":111,"column":59}},"type":"if","locations":[{"start":{"line":111,"column":2},"end":{"line":111,"column":59}},{"start":{},"end":{}}],"line":111},"17":{"loc":{"start":{"line":120,"column":2},"end":{"line":122,"column":3}},"type":"if","locations":[{"start":{"line":120,"column":2},"end":{"line":122,"column":3}},{"start":{},"end":{}}],"line":120},"18":{"loc":{"start":{"line":120,"column":6},"end":{"line":120,"column":63}},"type":"binary-expr","locations":[{"start":{"line":120,"column":6},"end":{"line":120,"column":11}},{"start":{"line":120,"column":15},"end":{"line":120,"column":63}}],"line":120},"19":{"loc":{"start":{"line":140,"column":2},"end":{"line":142,"column":3}},"type":"if","locations":[{"start":{"line":140,"column":2},"end":{"line":142,"column":3}},{"start":{},"end":{}}],"line":140},"20":{"loc":{"start":{"line":140,"column":6},"end":{"line":140,"column":56}},"type":"binary-expr","locations":[{"start":{"line":140,"column":6},"end":{"line":140,"column":18}},{"start":{"line":140,"column":22},"end":{"line":140,"column":56}}],"line":140},"21":{"loc":{"start":{"line":149,"column":2},"end":{"line":149,"column":74}},"type":"if","locations":[{"start":{"line":149,"column":2},"end":{"line":149,"column":74}},{"start":{},"end":{}}],"line":149},"22":{"loc":{"start":{"line":149,"column":6},"end":{"line":149,"column":38}},"type":"binary-expr","locations":[{"start":{"line":149,"column":6},"end":{"line":149,"column":11}},{"start":{"line":149,"column":15},"end":{"line":149,"column":38}}],"line":149},"23":{"loc":{"start":{"line":172,"column":2},"end":{"line":172,"column":47}},"type":"if","locations":[{"start":{"line":172,"column":2},"end":{"line":172,"column":47}},{"start":{},"end":{}}],"line":172}},"s":{"0":1,"1":1,"2":1,"3":1,"4":1,"5":1,"6":1,"7":18,"8":18,"9":18,"10":4,"11":14,"12":1,"13":5,"14":4,"15":3,"16":1,"17":1,"18":9,"19":9,"20":9,"21":7,"22":7,"23":7,"24":0,"25":0,"26":0,"27":0,"28":1,"29":9,"30":9,"31":9,"32":8,"33":6,"34":6,"35":1,"36":5,"37":0,"38":0,"39":0,"40":0,"41":0,"42":4,"43":4,"44":1,"45":3,"46":10,"47":1,"48":0,"49":1,"50":2,"51":2,"52":2,"53":1,"54":2,"55":2,"56":2,"57":2,"58":2,"59":2,"60":0,"61":0,"62":1,"63":2,"64":2,"65":1,"66":1,"67":1,"68":1,"69":3,"70":2,"71":1,"72":1,"73":1,"74":1,"75":1,"76":1,"77":1,"78":2,"79":2,"80":2,"81":1,"82":1,"83":1,"84":1,"85":0,"86":1,"87":1,"88":1,"89":1,"90":1,"91":1,"92":1,"93":1,"94":1,"95":1,"96":1,"97":1,"98":0,"99":1},"f":{"0":18,"1":9,"2":9,"3":10,"4":0,"5":2,"6":2,"7":2,"8":3,"9":2,"10":1,"11":1},"b":{"0":[1,0],"1":[1,0],"2":[1,0],"3":[4,14],"4":[18,16],"5":[1,5,4,3,1],"6":[9,7],"7":[8,6],"8":[7,0],"9":[7,7],"10":[0,0],"11":[9,0],"12":[9,9],"13":[1,5],"14":[0,0],"15":[1,3],"16":[1,1],"17":[1,1],"18":[2,1],"19":[1,1],"20":[2,1],"21":[0,1],"22":[1,1],"23":[0,1]},"inputSourceMap":null,"_coverageSchema":"1a1c01bbd47fc00a2c39e90264f33305004495a9","hash":"a32433d8e5949af77c2c630c02e5c572759663bf"}
}
