TN:
SF:server/config/database.js
FN:5,(anonymous_0)
FN:22,(anonymous_1)
FN:23,(anonymous_2)
FN:24,(anonymous_3)
FN:29,createRealPrismaClient
FNF:5
FNH:2
FNDA:3,(anonymous_0)
FNDA:2,(anonymous_1)
FNDA:0,(anonymous_2)
FNDA:0,(anonymous_3)
FNDA:0,createRealPrismaClient
DA:5,3
DA:6,3
DA:22,2
DA:26,3
DA:30,0
DA:32,0
DA:33,0
DA:41,0
DA:42,0
DA:45,0
DA:46,0
DA:48,0
DA:51,3
LF:13
LH:5
BRDA:33,0,0,0
BRDA:33,0,1,0
BRDA:45,1,0,0
BRDA:45,1,1,0
BRDA:51,2,0,3
BRDA:51,2,1,0
BRF:6
BRH:1
end_of_record
TN:
SF:server/config/retention.js
FNF:0
FNH:0
DA:1,2
DA:2,2
DA:3,2
LF:3
LH:3
BRDA:1,0,0,2
BRDA:1,0,1,2
BRDA:2,1,0,2
BRDA:2,1,1,2
BRDA:3,2,0,2
BRDA:3,2,1,2
BRF:6
BRH:6
end_of_record
TN:
SF:server/controllers/auth.controller.js
FN:16,(anonymous_0)
FN:22,(anonymous_1)
FN:104,(anonymous_2)
FN:137,(anonymous_3)
FN:228,(anonymous_4)
FN:243,(anonymous_5)
FN:274,(anonymous_6)
FN:367,(anonymous_7)
FN:391,(anonymous_8)
FN:428,(anonymous_9)
FN:445,(anonymous_10)
FN:469,(anonymous_11)
FNF:12
FNH:9
FNDA:0,(anonymous_0)
FNDA:0,(anonymous_1)
FNDA:1,(anonymous_2)
FNDA:1,(anonymous_3)
FNDA:1,(anonymous_4)
FNDA:1,(anonymous_5)
FNDA:1,(anonymous_6)
FNDA:2,(anonymous_7)
FNDA:0,(anonymous_8)
FNDA:1,(anonymous_9)
FNDA:1,(anonymous_10)
FNDA:1,(anonymous_11)
DA:16,1
DA:17,0
DA:18,0
DA:19,0
DA:21,0
DA:22,0
DA:23,0
DA:24,0
DA:25,0
DA:26,0
DA:27,0
DA:28,0
DA:31,0
DA:32,0
DA:33,0
DA:34,0
DA:35,0
DA:37,0
DA:38,0
DA:44,0
DA:45,0
DA:51,0
DA:59,0
DA:62,0
DA:69,0
DA:70,0
DA:77,0
DA:86,0
DA:87,0
DA:88,0
DA:90,0
DA:91,0
DA:95,0
DA:96,0
DA:97,0
DA:98,0
DA:99,0
DA:104,1
DA:105,1
DA:106,1
DA:107,0
DA:111,1
DA:112,1
DA:113,1
DA:115,1
DA:116,1
DA:117,1
DA:118,1
DA:120,0
DA:122,0
DA:123,0
DA:124,0
DA:137,1
DA:139,1
DA:140,1
DA:141,1
DA:144,1
DA:145,0
DA:146,0
DA:150,1
DA:151,1
DA:152,1
DA:153,1
DA:154,0
DA:155,0
DA:160,0
DA:161,0
DA:166,1
DA:167,1
DA:169,0
DA:170,0
DA:171,0
DA:178,1
DA:179,1
DA:180,0
DA:181,0
DA:182,0
DA:189,1
DA:190,1
DA:198,1
DA:199,1
DA:200,1
DA:201,1
DA:203,0
DA:204,0
DA:208,1
DA:209,1
DA:216,1
DA:225,1
DA:228,1
DA:229,1
DA:230,1
DA:231,1
DA:232,1
DA:242,1
DA:243,1
DA:245,1
DA:246,1
DA:248,1
DA:249,1
DA:253,1
DA:256,1
DA:257,1
DA:258,1
DA:259,1
DA:260,1
DA:262,1
DA:274,1
DA:275,1
DA:276,1
DA:277,1
DA:278,1
DA:279,1
DA:280,1
DA:281,0
DA:282,0
DA:286,1
DA:288,1
DA:289,0
DA:297,0
DA:298,0
DA:299,0
DA:306,0
DA:309,1
DA:310,1
DA:311,1
DA:312,0
DA:313,0
DA:317,1
DA:318,1
DA:319,0
DA:320,0
DA:324,1
DA:332,1
DA:333,1
DA:336,1
DA:337,1
DA:339,1
DA:340,1
DA:347,1
DA:355,1
DA:356,1
DA:357,1
DA:358,1
DA:360,0
DA:361,0
DA:362,0
DA:367,1
DA:368,2
DA:369,2
DA:370,2
DA:371,1
DA:372,1
DA:375,1
DA:376,1
DA:377,1
DA:379,1
DA:380,1
DA:381,1
DA:382,1
DA:384,0
DA:385,0
DA:386,0
DA:391,1
DA:392,0
DA:393,0
DA:394,0
DA:396,0
DA:397,0
DA:398,0
DA:401,0
DA:402,0
DA:403,0
DA:404,0
DA:407,0
DA:408,0
DA:410,0
DA:411,0
DA:412,0
DA:415,0
DA:416,0
DA:417,0
DA:418,0
DA:420,0
DA:421,0
DA:422,0
DA:428,1
DA:429,1
DA:430,1
DA:431,0
DA:433,1
DA:434,1
DA:435,1
DA:436,1
DA:437,1
DA:439,0
DA:440,0
DA:445,1
DA:446,1
DA:447,1
DA:448,0
DA:451,1
DA:452,1
DA:453,1
DA:456,1
DA:457,1
DA:458,1
DA:460,1
DA:461,1
DA:463,0
DA:464,0
DA:469,1
DA:470,1
DA:471,1
DA:472,0
DA:474,1
DA:475,1
DA:476,0
DA:478,1
DA:479,1
DA:481,1
DA:482,1
DA:484,0
DA:485,0
LF:224
LH:120
BRDA:17,0,0,0
BRDA:17,0,1,0
BRDA:25,1,0,0
BRDA:25,1,1,0
BRDA:37,2,0,0
BRDA:37,2,1,0
BRDA:106,3,0,0
BRDA:106,3,1,1
BRDA:106,4,0,1
BRDA:106,4,1,1
BRDA:106,4,2,1
BRDA:106,4,3,1
BRDA:112,5,0,1
BRDA:112,5,1,1
BRDA:126,6,0,0
BRDA:126,6,1,0
BRDA:126,7,0,0
BRDA:126,7,1,0
BRDA:128,8,0,0
BRDA:128,8,1,0
BRDA:128,9,0,0
BRDA:128,9,1,0
BRDA:129,10,0,0
BRDA:129,10,1,0
BRDA:129,11,0,0
BRDA:129,11,1,0
BRDA:139,12,0,1
BRDA:139,12,1,0
BRDA:140,13,0,1
BRDA:140,13,1,1
BRDA:141,14,0,1
BRDA:141,14,1,0
BRDA:144,15,0,0
BRDA:144,15,1,1
BRDA:144,16,0,1
BRDA:144,16,1,1
BRDA:152,17,0,1
BRDA:152,17,1,1
BRDA:153,18,0,0
BRDA:153,18,1,1
BRDA:172,19,0,0
BRDA:172,19,1,0
BRDA:179,20,0,0
BRDA:179,20,1,1
BRDA:198,21,0,1
BRDA:198,21,1,1
BRDA:199,22,0,1
BRDA:199,22,1,1
BRDA:212,23,0,0
BRDA:212,23,1,1
BRDA:219,24,0,0
BRDA:219,24,1,1
BRDA:225,25,0,1
BRDA:225,25,1,0
BRDA:230,26,0,0
BRDA:230,26,1,1
BRDA:230,27,0,1
BRDA:230,27,1,0
BRDA:231,28,0,1
BRDA:231,28,1,0
BRDA:276,29,0,1
BRDA:276,29,1,1
BRDA:277,30,0,1
BRDA:277,30,1,0
BRDA:278,31,0,1
BRDA:278,31,1,1
BRDA:279,32,0,1
BRDA:279,32,1,1
BRDA:280,33,0,0
BRDA:280,33,1,1
BRDA:288,34,0,0
BRDA:288,34,1,1
BRDA:297,35,0,0
BRDA:297,35,1,0
BRDA:302,36,0,0
BRDA:302,36,1,0
BRDA:311,37,0,0
BRDA:311,37,1,1
BRDA:311,38,0,1
BRDA:311,38,1,1
BRDA:318,39,0,0
BRDA:318,39,1,1
BRDA:332,40,0,1
BRDA:332,40,1,1
BRDA:333,41,0,1
BRDA:333,41,1,1
BRDA:343,42,0,0
BRDA:343,42,1,1
BRDA:350,43,0,0
BRDA:350,43,1,1
BRDA:369,44,0,2
BRDA:369,44,1,1
BRDA:370,45,0,1
BRDA:370,45,1,1
BRDA:393,46,0,0
BRDA:393,46,1,0
BRDA:396,47,0,0
BRDA:396,47,1,0
BRDA:396,48,0,0
BRDA:396,48,1,0
BRDA:402,49,0,0
BRDA:402,49,1,0
BRDA:410,50,0,0
BRDA:410,50,1,0
BRDA:430,51,0,0
BRDA:430,51,1,1
BRDA:433,52,0,1
BRDA:433,52,1,1
BRDA:434,53,0,1
BRDA:434,53,1,1
BRDA:447,54,0,0
BRDA:447,54,1,1
BRDA:451,55,0,1
BRDA:451,55,1,1
BRDA:452,56,0,1
BRDA:452,56,1,0
BRDA:471,57,0,0
BRDA:471,57,1,1
BRDA:474,58,0,1
BRDA:474,58,1,0
BRDA:475,59,0,0
BRDA:475,59,1,1
BRF:122
BRH:63
end_of_record
TN:
SF:server/controllers/user.controller.js
FN:14,sanitizeUser
FN:17,(anonymous_1)
FN:20,(anonymous_2)
FN:33,(anonymous_3)
FN:49,(anonymous_4)
FN:80,(anonymous_5)
FN:97,(anonymous_6)
FNF:7
FNH:5
FNDA:2,sanitizeUser
FNDA:10,(anonymous_1)
FNDA:1,(anonymous_2)
FNDA:1,(anonymous_3)
FNDA:2,(anonymous_4)
FNDA:0,(anonymous_5)
FNDA:0,(anonymous_6)
DA:15,2
DA:16,2
DA:17,10
DA:20,1
DA:21,1
DA:22,1
DA:23,0
DA:25,1
DA:26,1
DA:28,0
DA:29,0
DA:33,1
DA:34,1
DA:35,1
DA:36,0
DA:38,1
DA:39,1
DA:41,1
DA:42,1
DA:44,0
DA:45,0
DA:49,1
DA:50,2
DA:51,2
DA:52,0
DA:54,2
DA:55,2
DA:57,2
DA:58,2
DA:59,1
DA:60,1
DA:63,1
DA:64,1
DA:66,1
DA:67,1
DA:69,0
DA:70,0
DA:80,1
DA:81,0
DA:82,0
DA:83,0
DA:84,0
DA:94,0
DA:96,0
DA:97,0
DA:98,0
DA:99,0
DA:100,0
DA:101,0
DA:102,0
DA:103,0
DA:106,0
DA:107,0
DA:110,0
DA:111,0
DA:112,0
DA:113,0
DA:114,0
DA:115,0
DA:117,0
DA:118,0
DA:119,0
DA:120,0
DA:121,0
DA:122,0
DA:125,0
DA:132,0
DA:136,0
DA:141,0
DA:142,0
DA:143,0
DA:144,0
DA:145,0
DA:146,0
DA:151,0
DA:160,0
DA:162,0
DA:163,0
DA:164,0
DA:165,0
DA:167,0
DA:168,0
DA:169,0
DA:171,0
DA:172,0
DA:176,0
DA:177,0
DA:178,0
DA:179,0
DA:180,0
LF:90
LH:29
BRDA:15,0,0,0
BRDA:15,0,1,2
BRDA:17,1,0,10
BRDA:17,1,1,10
BRDA:22,2,0,0
BRDA:22,2,1,1
BRDA:35,3,0,0
BRDA:35,3,1,1
BRDA:38,4,0,1
BRDA:38,4,1,0
BRDA:51,5,0,0
BRDA:51,5,1,2
BRDA:54,6,0,2
BRDA:54,6,1,0
BRDA:57,7,0,2
BRDA:57,7,1,0
BRDA:58,8,0,1
BRDA:58,8,1,1
BRDA:63,9,0,1
BRDA:63,9,1,1
BRDA:80,10,0,0
BRDA:81,11,0,0
BRDA:81,11,1,0
BRDA:100,12,0,0
BRDA:100,12,1,0
BRDA:144,13,0,0
BRDA:144,13,1,0
BRDA:144,14,0,0
BRDA:144,14,1,0
BRF:29
BRH:13
end_of_record
TN:
SF:server/controllers/webhook.controller.js
FN:8,(anonymous_0)
FN:71,(anonymous_1)
FN:112,(anonymous_2)
FNF:3
FNH:0
FNDA:0,(anonymous_0)
FNDA:0,(anonymous_1)
FNDA:0,(anonymous_2)
DA:8,1
DA:9,0
DA:11,0
DA:12,0
DA:14,0
DA:15,0
DA:18,0
DA:20,0
DA:21,0
DA:22,0
DA:27,0
DA:35,0
DA:41,0
DA:43,0
DA:52,0
DA:58,0
DA:62,0
DA:64,0
DA:65,0
DA:71,1
DA:72,0
DA:73,0
DA:74,0
DA:75,0
DA:78,0
DA:79,0
DA:80,0
DA:85,0
DA:93,0
DA:101,0
DA:105,0
DA:107,0
DA:108,0
DA:112,1
DA:113,0
DA:114,0
DA:115,0
DA:117,0
LF:38
LH:3
BRDA:14,0,0,0
BRDA:14,0,1,0
BRDA:22,1,0,0
BRDA:22,1,1,0
BRDA:74,2,0,0
BRDA:74,2,1,0
BRDA:80,3,0,0
BRDA:80,3,1,0
BRF:8
BRH:0
end_of_record
TN:
SF:server/cron/cleanupOrphans.js
FN:7,cleanupOrphanedAssignments
FN:13,(anonymous_1)
FN:39,(anonymous_2)
FN:46,(anonymous_3)
FNF:4
FNH:4
FNDA:3,cleanupOrphanedAssignments
FNDA:3,(anonymous_1)
FNDA:1,(anonymous_2)
FNDA:1,(anonymous_3)
DA:8,3
DA:9,3
DA:10,3
DA:12,3
DA:13,3
DA:14,3
DA:15,3
DA:16,1
DA:20,1
DA:25,1
DA:28,2
DA:29,2
DA:31,2
DA:38,1
DA:39,1
DA:42,1
DA:44,1
DA:46,1
DA:50,1
DA:55,2
DA:59,1
DA:64,1
DA:68,1
LF:23
LH:23
BRDA:9,0,0,3
BRDA:9,0,1,3
BRDA:15,1,0,1
BRDA:15,1,1,2
BRF:4
BRH:4
end_of_record
TN:
SF:server/cron/flushLogs.js
FN:7,(anonymous_0)
FN:13,(anonymous_1)
FNF:2
FNH:2
FNDA:2,(anonymous_0)
FNDA:2,(anonymous_1)
DA:7,1
DA:8,2
DA:9,2
DA:10,2
DA:12,2
DA:13,2
DA:14,2
DA:15,2
DA:16,1
DA:21,1
DA:25,1
DA:28,1
DA:30,1
DA:31,1
DA:33,1
DA:36,0
DA:37,0
DA:38,0
LF:18
LH:15
BRDA:9,0,0,2
BRDA:9,0,1,2
BRDA:15,1,0,1
BRDA:15,1,1,1
BRF:4
BRH:4
end_of_record
TN:
SF:server/cron/lockCleanup.js
FN:7,cleanupOrphanedLocks
FN:13,(anonymous_1)
FN:58,(anonymous_2)
FNF:3
FNH:3
FNDA:2,cleanupOrphanedLocks
FNDA:2,(anonymous_1)
FNDA:1,(anonymous_2)
DA:8,2
DA:9,2
DA:10,2
DA:12,2
DA:13,2
DA:14,2
DA:15,2
DA:16,0
DA:21,0
DA:25,0
DA:28,2
DA:29,2
DA:30,2
DA:32,2
DA:36,2
DA:37,1
DA:38,1
DA:43,1
DA:46,1
DA:47,1
DA:48,1
DA:56,1
DA:58,1
DA:61,1
DA:67,2
DA:68,2
DA:75,0
DA:80,0
DA:81,0
LF:29
LH:23
BRDA:9,0,0,2
BRDA:9,0,1,2
BRDA:15,1,0,0
BRDA:15,1,1,2
BRDA:36,2,0,1
BRDA:36,2,1,1
BRF:6
BRH:5
end_of_record
TN:
SF:server/cron/retryFailedLogs.js
FN:9,(anonymous_0)
FN:15,(anonymous_1)
FNF:2
FNH:2
FNDA:2,(anonymous_0)
FNDA:2,(anonymous_1)
DA:9,1
DA:10,2
DA:11,2
DA:12,2
DA:14,2
DA:15,2
DA:16,2
DA:17,2
DA:18,0
DA:23,0
DA:27,0
DA:30,2
DA:31,2
DA:32,2
DA:34,2
DA:35,2
DA:36,2
DA:37,2
DA:38,2
DA:39,2
DA:40,2
DA:41,1
DA:42,1
DA:44,1
DA:48,1
DA:49,1
DA:51,1
DA:54,1
DA:55,1
DA:56,1
LF:30
LH:27
BRDA:11,0,0,2
BRDA:11,0,1,2
BRDA:17,1,0,0
BRDA:17,1,1,2
BRDA:35,2,0,2
BRDA:35,2,1,0
BRF:6
BRH:4
end_of_record
TN:
SF:server/middleware/rbac.middleware.js
FN:5,(anonymous_0)
FN:5,(anonymous_1)
FN:17,(anonymous_2)
FN:43,(anonymous_3)
FN:43,(anonymous_4)
FNF:5
FNH:3
FNDA:6,(anonymous_0)
FNDA:7,(anonymous_1)
FNDA:49,(anonymous_2)
FNDA:0,(anonymous_3)
FNDA:0,(anonymous_4)
DA:5,6
DA:6,7
DA:7,7
DA:8,0
DA:13,0
DA:16,7
DA:17,49
DA:19,7
DA:20,7
DA:23,0
DA:30,0
DA:35,0
DA:39,0
DA:43,2
DA:44,0
DA:45,0
DA:46,0
DA:51,0
DA:54,0
DA:55,0
DA:56,0
DA:59,0
DA:61,0
DA:65,0
LF:24
LH:8
BRDA:7,0,0,0
BRDA:7,0,1,7
BRDA:16,1,0,7
BRDA:16,1,1,0
BRDA:17,2,0,49
BRDA:17,2,1,0
BRDA:19,3,0,7
BRDA:19,3,1,0
BRDA:19,4,0,7
BRDA:19,4,1,7
BRDA:23,5,0,0
BRDA:23,5,1,0
BRDA:43,6,0,0
BRDA:43,7,0,0
BRDA:45,8,0,0
BRDA:45,8,1,0
BRDA:54,9,0,0
BRDA:54,9,1,0
BRDA:54,9,2,0
BRDA:55,10,0,0
BRDA:55,10,1,0
BRDA:55,11,0,0
BRDA:55,11,1,0
BRF:23
BRH:6
end_of_record
TN:
SF:server/middleware/validation.middleware.js
FN:10,(anonymous_0)
FN:10,(anonymous_1)
FN:53,(anonymous_2)
FN:88,(anonymous_3)
FN:88,(anonymous_4)
FN:89,(anonymous_5)
FN:89,(anonymous_6)
FN:90,(anonymous_7)
FN:90,(anonymous_8)
FNF:9
FNH:4
FNDA:4,(anonymous_0)
FNDA:5,(anonymous_1)
FNDA:0,(anonymous_2)
FNDA:4,(anonymous_3)
FNDA:5,(anonymous_4)
FNDA:0,(anonymous_5)
FNDA:0,(anonymous_6)
FNDA:0,(anonymous_7)
FNDA:0,(anonymous_8)
DA:7,2
DA:8,2
DA:10,4
DA:11,5
DA:12,5
DA:13,5
DA:15,5
DA:16,5
DA:19,5
DA:20,0
DA:25,0
DA:29,5
DA:30,5
DA:31,5
DA:32,5
DA:33,0
DA:37,0
DA:42,0
DA:45,5
DA:46,5
DA:47,5
DA:49,0
DA:51,0
DA:52,0
DA:53,0
DA:58,0
DA:59,0
DA:60,0
DA:67,0
DA:70,0
DA:76,0
DA:82,0
DA:88,5
DA:89,2
DA:90,2
LF:35
LH:19
BRDA:12,0,0,5
BRDA:12,0,1,0
BRDA:15,1,0,5
BRDA:15,1,1,0
BRDA:19,2,0,0
BRDA:19,2,1,5
BRDA:31,3,0,5
BRDA:31,3,1,5
BRDA:32,4,0,0
BRDA:32,4,1,5
BRDA:51,5,0,0
BRDA:51,5,1,0
BRDA:52,6,0,0
BRDA:52,6,1,0
BRDA:52,7,0,0
BRDA:52,7,1,0
BRDA:54,8,0,0
BRDA:54,8,1,0
BRDA:54,9,0,0
BRDA:54,9,1,0
BRDA:55,10,0,0
BRDA:55,10,1,0
BRDA:71,11,0,0
BRDA:71,11,1,0
BRDA:83,12,0,0
BRDA:83,12,1,0
BRF:26
BRH:6
end_of_record
TN:
SF:server/routes/auth.routes.js
FNF:0
FNH:0
DA:9,1
DA:11,1
DA:12,1
DA:13,1
DA:14,1
DA:15,1
DA:18,1
DA:19,1
DA:20,1
LF:9
LH:9
BRF:0
BRH:0
end_of_record
TN:
SF:server/routes/user.routes.js
FNF:0
FNH:0
DA:8,1
DA:11,1
DA:12,1
DA:13,1
LF:4
LH:4
BRF:0
BRH:0
end_of_record
TN:
SF:server/services/cacheService.js
FN:8,(anonymous_0)
FN:13,(anonymous_1)
FN:24,(anonymous_2)
FN:29,(anonymous_3)
FN:35,(anonymous_4)
FN:62,(anonymous_5)
FN:86,(anonymous_6)
FN:113,(anonymous_7)
FN:132,(anonymous_8)
FN:161,(anonymous_9)
FN:188,(anonymous_10)
FN:218,(anonymous_11)
FNF:12
FNH:7
FNDA:1,(anonymous_0)
FNDA:0,(anonymous_1)
FNDA:1,(anonymous_2)
FNDA:0,(anonymous_3)
FNDA:0,(anonymous_4)
FNDA:3,(anonymous_5)
FNDA:0,(anonymous_6)
FNDA:1,(anonymous_7)
FNDA:0,(anonymous_8)
FNDA:1,(anonymous_9)
FNDA:1,(anonymous_10)
FNDA:1,(anonymous_11)
DA:6,1
DA:9,1
DA:13,1
DA:14,0
DA:15,0
DA:16,0
DA:17,0
DA:18,0
DA:20,0
DA:24,1
DA:25,1
DA:26,1
DA:29,1
DA:30,0
DA:31,0
DA:36,0
DA:37,0
DA:38,0
DA:39,0
DA:41,0
DA:43,0
DA:45,0
DA:46,0
DA:47,0
DA:48,0
DA:50,0
DA:51,0
DA:52,0
DA:53,0
DA:55,0
DA:57,0
DA:63,3
DA:64,0
DA:65,0
DA:66,0
DA:68,0
DA:70,0
DA:72,3
DA:73,3
DA:74,2
DA:75,1
DA:76,1
DA:78,1
DA:79,1
DA:81,1
DA:82,1
DA:87,0
DA:88,0
DA:89,0
DA:90,0
DA:92,0
DA:94,0
DA:96,0
DA:97,0
DA:98,0
DA:100,0
DA:102,0
DA:103,0
DA:104,0
DA:105,0
DA:107,0
DA:109,0
DA:114,1
DA:115,0
DA:116,0
DA:117,0
DA:119,0
DA:121,0
DA:123,1
DA:124,1
DA:125,1
DA:127,0
DA:128,0
DA:133,0
DA:134,0
DA:135,0
DA:136,0
DA:138,0
DA:140,0
DA:142,0
DA:143,0
DA:144,0
DA:145,0
DA:146,0
DA:148,0
DA:150,0
DA:151,0
DA:152,0
DA:153,0
DA:155,0
DA:157,0
DA:162,1
DA:163,0
DA:164,0
DA:165,0
DA:167,0
DA:169,0
DA:171,1
DA:172,1
DA:173,1
DA:175,0
DA:177,0
DA:178,0
DA:179,0
DA:180,0
DA:182,0
DA:184,0
DA:189,1
DA:190,0
DA:191,0
DA:192,0
DA:194,0
DA:196,0
DA:198,1
DA:199,1
DA:200,1
DA:201,1
DA:202,1
DA:205,0
DA:207,0
DA:208,0
DA:209,0
DA:210,0
DA:212,0
DA:214,0
DA:219,1
DA:220,1
DA:221,1
DA:222,1
DA:223,1
DA:225,0
LF:131
LH:36
BRDA:10,0,0,1
BRDA:10,0,1,1
BRDA:15,1,0,0
BRDA:15,1,1,0
BRDA:15,2,0,0
BRDA:15,2,1,0
BRDA:15,2,2,0
BRDA:16,3,0,0
BRDA:16,3,1,0
BRDA:18,4,0,0
BRDA:18,4,1,0
BRDA:30,5,0,0
BRDA:30,5,1,0
BRDA:30,6,0,0
BRDA:30,6,1,0
BRDA:30,6,2,0
BRDA:36,7,0,0
BRDA:36,7,1,0
BRDA:47,8,0,0
BRDA:47,8,1,0
BRDA:48,9,0,0
BRDA:48,9,1,0
BRDA:50,10,0,0
BRDA:50,10,1,0
BRDA:50,11,0,0
BRDA:50,11,1,0
BRDA:50,11,2,0
BRDA:51,12,0,0
BRDA:51,12,1,0
BRDA:53,13,0,0
BRDA:53,13,1,0
BRDA:63,14,0,0
BRDA:63,14,1,3
BRDA:74,15,0,1
BRDA:74,15,1,1
BRDA:81,16,0,1
BRDA:81,16,1,0
BRDA:86,17,0,0
BRDA:87,18,0,0
BRDA:87,18,1,0
BRDA:102,19,0,0
BRDA:102,19,1,0
BRDA:102,20,0,0
BRDA:102,20,1,0
BRDA:102,20,2,0
BRDA:103,21,0,0
BRDA:103,21,1,0
BRDA:105,22,0,0
BRDA:105,22,1,0
BRDA:113,23,0,0
BRDA:114,24,0,0
BRDA:114,24,1,1
BRDA:127,25,0,0
BRDA:127,25,1,0
BRDA:132,26,0,0
BRDA:133,27,0,0
BRDA:133,27,1,0
BRDA:144,28,0,0
BRDA:144,28,1,0
BRDA:150,29,0,0
BRDA:150,29,1,0
BRDA:150,30,0,0
BRDA:150,30,1,0
BRDA:150,30,2,0
BRDA:151,31,0,0
BRDA:151,31,1,0
BRDA:153,32,0,0
BRDA:153,32,1,0
BRDA:162,33,0,0
BRDA:162,33,1,1
BRDA:177,34,0,0
BRDA:177,34,1,0
BRDA:177,35,0,0
BRDA:177,35,1,0
BRDA:177,35,2,0
BRDA:178,36,0,0
BRDA:178,36,1,0
BRDA:180,37,0,0
BRDA:180,37,1,0
BRDA:189,38,0,0
BRDA:189,38,1,1
BRDA:200,39,0,1
BRDA:200,39,1,0
BRDA:207,40,0,0
BRDA:207,40,1,0
BRDA:207,41,0,0
BRDA:207,41,1,0
BRDA:207,41,2,0
BRDA:208,42,0,0
BRDA:208,42,1,0
BRDA:210,43,0,0
BRDA:210,43,1,0
BRDA:219,44,0,1
BRDA:219,44,1,0
BRF:94
BRH:11
end_of_record
TN:
SF:server/services/databaseService.js
FN:4,(anonymous_0)
FN:7,(anonymous_1)
FN:17,(anonymous_2)
FN:22,(anonymous_3)
FN:41,(anonymous_4)
FN:60,(anonymous_5)
FN:69,(anonymous_6)
FN:79,(anonymous_7)
FN:84,(anonymous_8)
FN:92,(anonymous_9)
FN:97,(anonymous_10)
FN:102,(anonymous_11)
FN:108,(anonymous_12)
FN:125,(anonymous_13)
FN:139,(anonymous_14)
FN:150,(anonymous_15)
FN:175,(anonymous_16)
FN:177,(anonymous_17)
FN:189,(anonymous_18)
FN:194,(anonymous_19)
FN:196,(anonymous_20)
FN:202,(anonymous_21)
FN:207,(anonymous_22)
FN:209,(anonymous_23)
FN:218,(anonymous_24)
FN:223,(anonymous_25)
FN:228,(anonymous_26)
FN:233,(anonymous_27)
FN:238,(anonymous_28)
FN:243,(anonymous_29)
FN:257,(anonymous_30)
FN:262,(anonymous_31)
FN:267,(anonymous_32)
FN:272,(anonymous_33)
FN:277,(anonymous_34)
FN:282,(anonymous_35)
FN:287,(anonymous_36)
FN:295,(anonymous_37)
FN:312,(anonymous_38)
FN:320,(anonymous_39)
FNF:40
FNH:23
FNDA:19,(anonymous_0)
FNDA:0,(anonymous_1)
FNDA:0,(anonymous_2)
FNDA:0,(anonymous_3)
FNDA:1,(anonymous_4)
FNDA:1,(anonymous_5)
FNDA:0,(anonymous_6)
FNDA:0,(anonymous_7)
FNDA:0,(anonymous_8)
FNDA:0,(anonymous_9)
FNDA:0,(anonymous_10)
FNDA:0,(anonymous_11)
FNDA:0,(anonymous_12)
FNDA:0,(anonymous_13)
FNDA:0,(anonymous_14)
FNDA:0,(anonymous_15)
FNDA:1,(anonymous_16)
FNDA:1,(anonymous_17)
FNDA:1,(anonymous_18)
FNDA:1,(anonymous_19)
FNDA:1,(anonymous_20)
FNDA:1,(anonymous_21)
FNDA:1,(anonymous_22)
FNDA:1,(anonymous_23)
FNDA:1,(anonymous_24)
FNDA:1,(anonymous_25)
FNDA:1,(anonymous_26)
FNDA:1,(anonymous_27)
FNDA:1,(anonymous_28)
FNDA:0,(anonymous_29)
FNDA:1,(anonymous_30)
FNDA:1,(anonymous_31)
FNDA:1,(anonymous_32)
FNDA:1,(anonymous_33)
FNDA:1,(anonymous_34)
FNDA:1,(anonymous_35)
FNDA:1,(anonymous_36)
FNDA:0,(anonymous_37)
FNDA:0,(anonymous_38)
FNDA:0,(anonymous_39)
DA:4,19
DA:6,1
DA:8,0
DA:9,0
DA:10,0
DA:12,0
DA:13,0
DA:18,0
DA:19,0
DA:23,0
DA:24,0
DA:37,0
DA:38,0
DA:42,1
DA:43,1
DA:56,1
DA:57,1
DA:61,1
DA:62,1
DA:63,1
DA:64,1
DA:65,1
DA:66,1
DA:70,0
DA:71,0
DA:72,0
DA:75,0
DA:76,0
DA:80,0
DA:81,0
DA:85,0
DA:86,0
DA:87,0
DA:88,0
DA:93,0
DA:94,0
DA:98,0
DA:99,0
DA:103,0
DA:104,0
DA:109,0
DA:111,0
DA:112,0
DA:113,0
DA:114,0
DA:117,0
DA:119,0
DA:120,0
DA:121,0
DA:126,0
DA:127,0
DA:132,0
DA:136,0
DA:140,0
DA:141,0
DA:142,0
DA:143,0
DA:146,0
DA:147,0
DA:151,0
DA:153,0
DA:164,0
DA:171,0
DA:176,1
DA:177,1
DA:178,1
DA:179,1
DA:180,1
DA:182,1
DA:183,1
DA:185,1
DA:190,1
DA:191,1
DA:195,1
DA:196,1
DA:197,1
DA:198,1
DA:203,1
DA:204,1
DA:208,1
DA:209,1
DA:210,1
DA:211,1
DA:212,1
DA:213,1
DA:219,1
DA:220,1
DA:224,1
DA:225,1
DA:229,1
DA:230,1
DA:234,1
DA:235,1
DA:239,1
DA:240,1
DA:244,0
DA:246,0
DA:247,0
DA:248,0
DA:251,0
DA:253,0
DA:254,0
DA:255,0
DA:258,1
DA:259,1
DA:263,1
DA:264,1
DA:268,1
DA:269,1
DA:273,1
DA:274,1
DA:278,1
DA:279,1
DA:283,1
DA:284,1
DA:288,1
DA:289,1
DA:296,0
DA:297,0
DA:298,0
DA:299,0
DA:300,0
DA:301,0
DA:302,0
DA:313,0
DA:314,0
DA:315,0
DA:316,0
DA:321,0
DA:322,0
DA:325,0
DA:330,0
LF:132
LH:58
BRDA:4,0,0,19
BRDA:4,0,1,19
BRDA:22,1,0,0
BRDA:22,2,0,0
BRDA:37,3,0,0
BRDA:37,3,1,0
BRDA:41,4,0,1
BRDA:56,5,0,0
BRDA:56,5,1,1
BRDA:63,6,0,0
BRDA:63,6,1,1
BRDA:69,7,0,0
BRDA:73,8,0,0
BRDA:73,8,1,0
BRDA:73,9,0,0
BRDA:73,9,1,0
BRDA:75,10,0,0
BRDA:75,10,1,0
BRDA:92,11,0,0
BRDA:139,12,0,0
BRDA:150,13,0,0
BRDA:179,14,0,1
BRDA:179,14,1,0
BRDA:182,15,0,1
BRDA:182,15,1,0
BRDA:194,16,0,0
BRDA:211,17,0,0
BRDA:211,17,1,1
BRDA:296,18,0,0
BRDA:296,18,1,0
BRDA:296,19,0,0
BRDA:296,19,1,0
BRDA:297,20,0,0
BRDA:297,20,1,0
BRDA:297,21,0,0
BRDA:297,21,1,0
BRDA:297,22,0,0
BRDA:297,22,1,0
BRDA:299,23,0,0
BRDA:299,23,1,0
BRDA:300,24,0,0
BRDA:300,24,1,0
BRF:42
BRH:8
end_of_record
TN:
SF:server/utils/lock.js
FN:5,acquireLock
FN:83,(anonymous_1)
FN:96,(anonymous_2)
FN:105,releaseLock
FN:134,isLockStale
FNF:5
FNH:0
FNDA:0,acquireLock
FNDA:0,(anonymous_1)
FNDA:0,(anonymous_2)
FNDA:0,releaseLock
FNDA:0,isLockStale
DA:6,0
DA:7,0
DA:8,0
DA:10,0
DA:11,0
DA:12,0
DA:19,0
DA:25,0
DA:30,0
DA:32,0
DA:33,0
DA:39,0
DA:44,0
DA:45,0
DA:51,0
DA:52,0
DA:56,0
DA:60,0
DA:63,0
DA:68,0
DA:69,0
DA:70,0
DA:75,0
DA:76,0
DA:79,0
DA:82,0
DA:83,0
DA:84,0
DA:86,0
DA:91,0
DA:92,0
DA:95,0
DA:96,0
DA:97,0
DA:102,0
DA:106,0
DA:107,0
DA:108,0
DA:113,0
DA:114,0
DA:115,0
DA:120,0
DA:123,0
DA:124,0
DA:128,0
DA:130,0
DA:135,0
DA:136,0
DA:137,0
DA:138,0
DA:143,0
DA:144,0
DA:148,0
DA:150,0
DA:153,0
LF:55
LH:0
BRDA:5,0,0,0
BRDA:5,1,0,0
BRDA:32,2,0,0
BRDA:32,2,1,0
BRDA:44,3,0,0
BRDA:44,3,1,0
BRDA:44,4,0,0
BRDA:44,4,1,0
BRDA:69,5,0,0
BRDA:69,5,1,0
BRDA:75,6,0,0
BRDA:75,6,1,0
BRDA:91,7,0,0
BRDA:91,7,1,0
BRDA:113,8,0,0
BRDA:113,8,1,0
BRDA:123,9,0,0
BRDA:123,9,1,0
BRDA:134,10,0,0
BRDA:143,11,0,0
BRDA:143,11,1,0
BRF:21
BRH:0
end_of_record
TN:
SF:server/utils/response.js
FN:1,(anonymous_0)
FN:15,(anonymous_1)
FNF:2
FNH:2
FNDA:2,(anonymous_0)
FNDA:10,(anonymous_1)
DA:1,2
DA:2,2
DA:12,2
DA:15,2
DA:16,10
LF:5
LH:5
BRDA:1,0,0,1
BRDA:5,1,0,2
BRDA:5,1,1,0
BRDA:6,2,0,2
BRDA:6,2,1,0
BRDA:15,3,0,0
BRF:6
BRH:3
end_of_record
TN:
SF:server/validations/auth.validation.js
FNF:0
FNH:0
DA:4,1
DA:17,1
LF:2
LH:2
BRF:0
BRH:0
end_of_record
TN:
SF:server/validations/user.validation.js
FN:6,(anonymous_0)
FNF:1
FNH:1
FNDA:1,(anonymous_0)
DA:3,1
DA:6,1
DA:10,1
LF:3
LH:3
BRDA:6,0,0,1
BRDA:6,0,1,0
BRF:2
BRH:1
end_of_record
