TN:
SF:server\config\database.js
FN:5,(anonymous_0)
FN:22,(anonymous_1)
FN:23,(anonymous_2)
FN:24,(anonymous_3)
FN:29,createRealPrismaClient
FNF:5
FNH:2
FNDA:2,(anonymous_0)
FNDA:2,(anonymous_1)
FNDA:0,(anonymous_2)
FNDA:0,(anonymous_3)
FNDA:0,createRealPrismaClient
DA:5,2
DA:6,2
DA:22,2
DA:26,2
DA:30,0
DA:32,0
DA:33,0
DA:41,0
DA:42,0
DA:45,0
DA:46,0
DA:48,0
DA:51,2
LF:13
LH:5
BRDA:33,0,0,0
BRDA:33,0,1,0
BRDA:45,1,0,0
BRDA:45,1,1,0
BRDA:51,2,0,2
BRDA:51,2,1,0
BRF:6
BRH:1
end_of_record
TN:
SF:server\controllers\user.controller.js
FN:13,sanitizeUser
FN:16,(anonymous_1)
FN:19,(anonymous_2)
FN:32,(anonymous_3)
FN:48,(anonymous_4)
FN:79,(anonymous_5)
FN:96,(anonymous_6)
FNF:7
FNH:5
FNDA:2,sanitizeUser
FNDA:10,(anonymous_1)
FNDA:1,(anonymous_2)
FNDA:1,(anonymous_3)
FNDA:2,(anonymous_4)
FNDA:0,(anonymous_5)
FNDA:0,(anonymous_6)
DA:14,2
DA:15,2
DA:16,10
DA:19,1
DA:20,1
DA:21,1
DA:22,0
DA:24,1
DA:25,1
DA:27,0
DA:28,0
DA:32,1
DA:33,1
DA:34,1
DA:35,0
DA:37,1
DA:38,1
DA:40,1
DA:41,1
DA:43,0
DA:44,0
DA:48,1
DA:49,2
DA:50,2
DA:51,0
DA:53,2
DA:54,2
DA:56,2
DA:57,2
DA:58,1
DA:59,1
DA:62,1
DA:63,1
DA:65,1
DA:66,1
DA:68,0
DA:69,0
DA:79,1
DA:80,0
DA:81,0
DA:82,0
DA:83,0
DA:93,0
DA:95,0
DA:96,0
DA:97,0
DA:98,0
DA:99,0
DA:100,0
DA:101,0
DA:102,0
DA:105,0
DA:106,0
DA:109,0
DA:110,0
DA:111,0
DA:112,0
DA:113,0
DA:114,0
DA:116,0
DA:117,0
DA:118,0
DA:119,0
DA:120,0
DA:121,0
DA:124,0
DA:131,0
DA:135,0
DA:140,0
DA:141,0
DA:142,0
DA:143,0
DA:144,0
DA:145,0
DA:150,0
DA:159,0
DA:161,0
DA:162,0
DA:163,0
DA:164,0
DA:166,0
DA:167,0
DA:168,0
DA:170,0
DA:171,0
DA:175,0
DA:176,0
DA:177,0
DA:178,0
DA:179,0
LF:90
LH:29
BRDA:14,0,0,0
BRDA:14,0,1,2
BRDA:16,1,0,10
BRDA:16,1,1,10
BRDA:21,2,0,0
BRDA:21,2,1,1
BRDA:34,3,0,0
BRDA:34,3,1,1
BRDA:37,4,0,1
BRDA:37,4,1,0
BRDA:50,5,0,0
BRDA:50,5,1,2
BRDA:53,6,0,2
BRDA:53,6,1,0
BRDA:56,7,0,2
BRDA:56,7,1,0
BRDA:57,8,0,1
BRDA:57,8,1,1
BRDA:62,9,0,1
BRDA:62,9,1,0
BRDA:79,10,0,0
BRDA:80,11,0,0
BRDA:80,11,1,0
BRDA:99,12,0,0
BRDA:99,12,1,0
BRDA:143,13,0,0
BRDA:143,13,1,0
BRDA:143,14,0,0
BRDA:143,14,1,0
BRF:29
BRH:12
end_of_record
TN:
SF:server\controllers\webhook.controller.js
FN:7,(anonymous_0)
FN:70,(anonymous_1)
FN:111,(anonymous_2)
FNF:3
FNH:0
FNDA:0,(anonymous_0)
FNDA:0,(anonymous_1)
FNDA:0,(anonymous_2)
DA:7,1
DA:8,0
DA:10,0
DA:11,0
DA:13,0
DA:14,0
DA:17,0
DA:19,0
DA:20,0
DA:21,0
DA:26,0
DA:34,0
DA:40,0
DA:42,0
DA:51,0
DA:57,0
DA:61,0
DA:63,0
DA:64,0
DA:70,1
DA:71,0
DA:72,0
DA:73,0
DA:74,0
DA:77,0
DA:78,0
DA:79,0
DA:84,0
DA:92,0
DA:100,0
DA:104,0
DA:106,0
DA:107,0
DA:111,1
DA:112,0
DA:113,0
DA:114,0
DA:116,0
LF:38
LH:3
BRDA:13,0,0,0
BRDA:13,0,1,0
BRDA:21,1,0,0
BRDA:21,1,1,0
BRDA:73,2,0,0
BRDA:73,2,1,0
BRDA:79,3,0,0
BRDA:79,3,1,0
BRF:8
BRH:0
end_of_record
TN:
SF:server\cron\cleanupOrphans.js
FN:7,cleanupOrphanedAssignments
FN:13,(anonymous_1)
FN:39,(anonymous_2)
FN:46,(anonymous_3)
FNF:4
FNH:4
FNDA:3,cleanupOrphanedAssignments
FNDA:3,(anonymous_1)
FNDA:1,(anonymous_2)
FNDA:1,(anonymous_3)
DA:8,3
DA:9,3
DA:10,3
DA:12,3
DA:13,3
DA:14,3
DA:15,3
DA:16,1
DA:20,1
DA:25,1
DA:28,2
DA:29,2
DA:31,2
DA:38,1
DA:39,1
DA:42,1
DA:44,1
DA:46,1
DA:50,1
DA:55,2
DA:59,1
DA:64,1
DA:68,1
LF:23
LH:23
BRDA:9,0,0,3
BRDA:9,0,1,3
BRDA:15,1,0,1
BRDA:15,1,1,2
BRF:4
BRH:4
end_of_record
TN:
SF:server\cron\flushLogs.js
FN:7,(anonymous_0)
FN:13,(anonymous_1)
FNF:2
FNH:2
FNDA:2,(anonymous_0)
FNDA:2,(anonymous_1)
DA:7,1
DA:8,2
DA:9,2
DA:10,2
DA:12,2
DA:13,2
DA:14,2
DA:15,2
DA:16,1
DA:21,1
DA:25,1
DA:28,1
DA:30,1
DA:31,1
DA:33,1
DA:36,0
DA:37,0
DA:38,0
LF:18
LH:15
BRDA:9,0,0,2
BRDA:9,0,1,2
BRDA:15,1,0,1
BRDA:15,1,1,1
BRF:4
BRH:4
end_of_record
TN:
SF:server\cron\lockCleanup.js
FN:7,cleanupOrphanedLocks
FN:13,(anonymous_1)
FN:58,(anonymous_2)
FNF:3
FNH:3
FNDA:2,cleanupOrphanedLocks
FNDA:2,(anonymous_1)
FNDA:1,(anonymous_2)
DA:8,2
DA:9,2
DA:10,2
DA:12,2
DA:13,2
DA:14,2
DA:15,2
DA:16,0
DA:21,0
DA:25,0
DA:28,2
DA:29,2
DA:30,2
DA:32,2
DA:36,2
DA:37,1
DA:38,1
DA:43,1
DA:46,1
DA:47,1
DA:48,1
DA:56,1
DA:58,1
DA:61,1
DA:67,2
DA:68,2
DA:75,0
DA:80,0
DA:81,0
LF:29
LH:23
BRDA:9,0,0,2
BRDA:9,0,1,2
BRDA:15,1,0,0
BRDA:15,1,1,2
BRDA:36,2,0,1
BRDA:36,2,1,1
BRF:6
BRH:5
end_of_record
TN:
SF:server\cron\retryFailedLogs.js
FN:9,(anonymous_0)
FN:15,(anonymous_1)
FNF:2
FNH:2
FNDA:2,(anonymous_0)
FNDA:2,(anonymous_1)
DA:9,1
DA:10,2
DA:11,2
DA:12,2
DA:14,2
DA:15,2
DA:16,2
DA:17,2
DA:18,0
DA:23,0
DA:27,0
DA:30,2
DA:31,2
DA:32,2
DA:34,2
DA:35,2
DA:36,2
DA:37,2
DA:38,2
DA:39,2
DA:40,2
DA:41,1
DA:42,1
DA:44,1
DA:48,1
DA:49,1
DA:51,1
DA:54,1
DA:55,1
DA:56,1
LF:30
LH:27
BRDA:11,0,0,2
BRDA:11,0,1,2
BRDA:17,1,0,0
BRDA:17,1,1,2
BRDA:35,2,0,2
BRDA:35,2,1,0
BRF:6
BRH:4
end_of_record
TN:
SF:server\middleware\rbac.middleware.js
FN:5,(anonymous_0)
FN:5,(anonymous_1)
FN:17,(anonymous_2)
FN:43,(anonymous_3)
FN:43,(anonymous_4)
FNF:5
FNH:3
FNDA:3,(anonymous_0)
FNDA:4,(anonymous_1)
FNDA:28,(anonymous_2)
FNDA:0,(anonymous_3)
FNDA:0,(anonymous_4)
DA:5,3
DA:6,4
DA:7,4
DA:8,0
DA:13,0
DA:16,4
DA:17,28
DA:19,4
DA:20,4
DA:23,0
DA:30,0
DA:35,0
DA:39,0
DA:43,1
DA:44,0
DA:45,0
DA:46,0
DA:51,0
DA:54,0
DA:55,0
DA:56,0
DA:59,0
DA:61,0
DA:65,0
LF:24
LH:8
BRDA:7,0,0,0
BRDA:7,0,1,4
BRDA:16,1,0,4
BRDA:16,1,1,0
BRDA:17,2,0,28
BRDA:17,2,1,0
BRDA:19,3,0,4
BRDA:19,3,1,0
BRDA:19,4,0,4
BRDA:19,4,1,4
BRDA:23,5,0,0
BRDA:23,5,1,0
BRDA:43,6,0,0
BRDA:43,7,0,0
BRDA:45,8,0,0
BRDA:45,8,1,0
BRDA:54,9,0,0
BRDA:54,9,1,0
BRDA:54,9,2,0
BRDA:55,10,0,0
BRDA:55,10,1,0
BRDA:55,11,0,0
BRDA:55,11,1,0
BRF:23
BRH:6
end_of_record
TN:
SF:server\middleware\validation.middleware.js
FN:10,(anonymous_0)
FN:10,(anonymous_1)
FN:53,(anonymous_2)
FN:88,(anonymous_3)
FN:88,(anonymous_4)
FN:89,(anonymous_5)
FN:89,(anonymous_6)
FN:90,(anonymous_7)
FN:90,(anonymous_8)
FNF:9
FNH:4
FNDA:2,(anonymous_0)
FNDA:3,(anonymous_1)
FNDA:0,(anonymous_2)
FNDA:2,(anonymous_3)
FNDA:3,(anonymous_4)
FNDA:0,(anonymous_5)
FNDA:0,(anonymous_6)
FNDA:0,(anonymous_7)
FNDA:0,(anonymous_8)
DA:7,1
DA:8,1
DA:10,2
DA:11,3
DA:12,3
DA:13,3
DA:15,3
DA:16,3
DA:19,3
DA:20,0
DA:25,0
DA:29,3
DA:30,3
DA:31,3
DA:32,3
DA:33,0
DA:37,0
DA:42,0
DA:45,3
DA:46,3
DA:47,3
DA:49,0
DA:51,0
DA:52,0
DA:53,0
DA:58,0
DA:59,0
DA:60,0
DA:67,0
DA:70,0
DA:76,0
DA:82,0
DA:88,3
DA:89,1
DA:90,1
LF:35
LH:19
BRDA:12,0,0,3
BRDA:12,0,1,0
BRDA:15,1,0,3
BRDA:15,1,1,0
BRDA:19,2,0,0
BRDA:19,2,1,3
BRDA:31,3,0,3
BRDA:31,3,1,3
BRDA:32,4,0,0
BRDA:32,4,1,3
BRDA:51,5,0,0
BRDA:51,5,1,0
BRDA:52,6,0,0
BRDA:52,6,1,0
BRDA:52,7,0,0
BRDA:52,7,1,0
BRDA:54,8,0,0
BRDA:54,8,1,0
BRDA:54,9,0,0
BRDA:54,9,1,0
BRDA:55,10,0,0
BRDA:55,10,1,0
BRDA:71,11,0,0
BRDA:71,11,1,0
BRDA:83,12,0,0
BRDA:83,12,1,0
BRF:26
BRH:6
end_of_record
TN:
SF:server\routes\user.routes.js
FNF:0
FNH:0
DA:8,1
DA:11,1
DA:12,1
DA:13,1
LF:4
LH:4
BRF:0
BRH:0
end_of_record
TN:
SF:server\services\cacheService.js
FN:8,(anonymous_0)
FN:13,(anonymous_1)
FN:24,(anonymous_2)
FN:29,(anonymous_3)
FN:35,(anonymous_4)
FN:62,(anonymous_5)
FN:86,(anonymous_6)
FN:113,(anonymous_7)
FN:132,(anonymous_8)
FN:161,(anonymous_9)
FN:188,(anonymous_10)
FN:218,(anonymous_11)
FNF:12
FNH:7
FNDA:1,(anonymous_0)
FNDA:0,(anonymous_1)
FNDA:1,(anonymous_2)
FNDA:0,(anonymous_3)
FNDA:0,(anonymous_4)
FNDA:3,(anonymous_5)
FNDA:0,(anonymous_6)
FNDA:1,(anonymous_7)
FNDA:0,(anonymous_8)
FNDA:1,(anonymous_9)
FNDA:1,(anonymous_10)
FNDA:1,(anonymous_11)
DA:6,1
DA:9,1
DA:13,1
DA:14,0
DA:15,0
DA:16,0
DA:17,0
DA:18,0
DA:20,0
DA:24,1
DA:25,1
DA:26,1
DA:29,1
DA:30,0
DA:31,0
DA:36,0
DA:37,0
DA:38,0
DA:39,0
DA:41,0
DA:43,0
DA:45,0
DA:46,0
DA:47,0
DA:48,0
DA:50,0
DA:51,0
DA:52,0
DA:53,0
DA:55,0
DA:57,0
DA:63,3
DA:64,0
DA:65,0
DA:66,0
DA:68,0
DA:70,0
DA:72,3
DA:73,3
DA:74,2
DA:75,1
DA:76,1
DA:78,1
DA:79,1
DA:81,1
DA:82,1
DA:87,0
DA:88,0
DA:89,0
DA:90,0
DA:92,0
DA:94,0
DA:96,0
DA:97,0
DA:98,0
DA:100,0
DA:102,0
DA:103,0
DA:104,0
DA:105,0
DA:107,0
DA:109,0
DA:114,1
DA:115,0
DA:116,0
DA:117,0
DA:119,0
DA:121,0
DA:123,1
DA:124,1
DA:125,1
DA:127,0
DA:128,0
DA:133,0
DA:134,0
DA:135,0
DA:136,0
DA:138,0
DA:140,0
DA:142,0
DA:143,0
DA:144,0
DA:145,0
DA:146,0
DA:148,0
DA:150,0
DA:151,0
DA:152,0
DA:153,0
DA:155,0
DA:157,0
DA:162,1
DA:163,0
DA:164,0
DA:165,0
DA:167,0
DA:169,0
DA:171,1
DA:172,1
DA:173,1
DA:175,0
DA:177,0
DA:178,0
DA:179,0
DA:180,0
DA:182,0
DA:184,0
DA:189,1
DA:190,0
DA:191,0
DA:192,0
DA:194,0
DA:196,0
DA:198,1
DA:199,1
DA:200,1
DA:201,1
DA:202,1
DA:205,0
DA:207,0
DA:208,0
DA:209,0
DA:210,0
DA:212,0
DA:214,0
DA:219,1
DA:220,1
DA:221,1
DA:222,1
DA:223,1
DA:225,0
LF:131
LH:36
BRDA:10,0,0,1
BRDA:10,0,1,1
BRDA:15,1,0,0
BRDA:15,1,1,0
BRDA:15,2,0,0
BRDA:15,2,1,0
BRDA:15,2,2,0
BRDA:16,3,0,0
BRDA:16,3,1,0
BRDA:18,4,0,0
BRDA:18,4,1,0
BRDA:30,5,0,0
BRDA:30,5,1,0
BRDA:30,6,0,0
BRDA:30,6,1,0
BRDA:30,6,2,0
BRDA:36,7,0,0
BRDA:36,7,1,0
BRDA:47,8,0,0
BRDA:47,8,1,0
BRDA:48,9,0,0
BRDA:48,9,1,0
BRDA:50,10,0,0
BRDA:50,10,1,0
BRDA:50,11,0,0
BRDA:50,11,1,0
BRDA:50,11,2,0
BRDA:51,12,0,0
BRDA:51,12,1,0
BRDA:53,13,0,0
BRDA:53,13,1,0
BRDA:63,14,0,0
BRDA:63,14,1,3
BRDA:74,15,0,1
BRDA:74,15,1,1
BRDA:81,16,0,1
BRDA:81,16,1,0
BRDA:86,17,0,0
BRDA:87,18,0,0
BRDA:87,18,1,0
BRDA:102,19,0,0
BRDA:102,19,1,0
BRDA:102,20,0,0
BRDA:102,20,1,0
BRDA:102,20,2,0
BRDA:103,21,0,0
BRDA:103,21,1,0
BRDA:105,22,0,0
BRDA:105,22,1,0
BRDA:113,23,0,0
BRDA:114,24,0,0
BRDA:114,24,1,1
BRDA:127,25,0,0
BRDA:127,25,1,0
BRDA:132,26,0,0
BRDA:133,27,0,0
BRDA:133,27,1,0
BRDA:144,28,0,0
BRDA:144,28,1,0
BRDA:150,29,0,0
BRDA:150,29,1,0
BRDA:150,30,0,0
BRDA:150,30,1,0
BRDA:150,30,2,0
BRDA:151,31,0,0
BRDA:151,31,1,0
BRDA:153,32,0,0
BRDA:153,32,1,0
BRDA:162,33,0,0
BRDA:162,33,1,1
BRDA:177,34,0,0
BRDA:177,34,1,0
BRDA:177,35,0,0
BRDA:177,35,1,0
BRDA:177,35,2,0
BRDA:178,36,0,0
BRDA:178,36,1,0
BRDA:180,37,0,0
BRDA:180,37,1,0
BRDA:189,38,0,0
BRDA:189,38,1,1
BRDA:200,39,0,1
BRDA:200,39,1,0
BRDA:207,40,0,0
BRDA:207,40,1,0
BRDA:207,41,0,0
BRDA:207,41,1,0
BRDA:207,41,2,0
BRDA:208,42,0,0
BRDA:208,42,1,0
BRDA:210,43,0,0
BRDA:210,43,1,0
BRDA:219,44,0,1
BRDA:219,44,1,0
BRF:94
BRH:11
end_of_record
TN:
SF:server\services\databaseService.js
FN:4,(anonymous_0)
FN:7,(anonymous_1)
FN:17,(anonymous_2)
FN:22,(anonymous_3)
FN:41,(anonymous_4)
FN:60,(anonymous_5)
FN:69,(anonymous_6)
FN:79,(anonymous_7)
FN:84,(anonymous_8)
FN:92,(anonymous_9)
FN:97,(anonymous_10)
FN:102,(anonymous_11)
FN:108,(anonymous_12)
FN:122,(anonymous_13)
FN:133,(anonymous_14)
FN:158,(anonymous_15)
FN:160,(anonymous_16)
FN:172,(anonymous_17)
FN:177,(anonymous_18)
FN:179,(anonymous_19)
FN:185,(anonymous_20)
FN:190,(anonymous_21)
FN:192,(anonymous_22)
FN:201,(anonymous_23)
FN:206,(anonymous_24)
FN:211,(anonymous_25)
FN:216,(anonymous_26)
FN:221,(anonymous_27)
FN:226,(anonymous_28)
FN:231,(anonymous_29)
FN:236,(anonymous_30)
FN:241,(anonymous_31)
FN:246,(anonymous_32)
FN:251,(anonymous_33)
FN:256,(anonymous_34)
FN:264,(anonymous_35)
FN:274,(anonymous_36)
FN:282,(anonymous_37)
FNF:38
FNH:23
FNDA:19,(anonymous_0)
FNDA:0,(anonymous_1)
FNDA:0,(anonymous_2)
FNDA:0,(anonymous_3)
FNDA:1,(anonymous_4)
FNDA:1,(anonymous_5)
FNDA:0,(anonymous_6)
FNDA:0,(anonymous_7)
FNDA:0,(anonymous_8)
FNDA:0,(anonymous_9)
FNDA:0,(anonymous_10)
FNDA:0,(anonymous_11)
FNDA:0,(anonymous_12)
FNDA:0,(anonymous_13)
FNDA:0,(anonymous_14)
FNDA:1,(anonymous_15)
FNDA:1,(anonymous_16)
FNDA:1,(anonymous_17)
FNDA:1,(anonymous_18)
FNDA:1,(anonymous_19)
FNDA:1,(anonymous_20)
FNDA:1,(anonymous_21)
FNDA:1,(anonymous_22)
FNDA:1,(anonymous_23)
FNDA:1,(anonymous_24)
FNDA:1,(anonymous_25)
FNDA:1,(anonymous_26)
FNDA:1,(anonymous_27)
FNDA:1,(anonymous_28)
FNDA:1,(anonymous_29)
FNDA:1,(anonymous_30)
FNDA:1,(anonymous_31)
FNDA:1,(anonymous_32)
FNDA:1,(anonymous_33)
FNDA:1,(anonymous_34)
FNDA:0,(anonymous_35)
FNDA:0,(anonymous_36)
FNDA:0,(anonymous_37)
DA:4,19
DA:6,1
DA:8,0
DA:9,0
DA:10,0
DA:12,0
DA:13,0
DA:18,0
DA:19,0
DA:23,0
DA:24,0
DA:37,0
DA:38,0
DA:42,1
DA:43,1
DA:56,1
DA:57,1
DA:61,1
DA:62,1
DA:63,1
DA:64,1
DA:65,1
DA:66,1
DA:70,0
DA:71,0
DA:72,0
DA:75,0
DA:76,0
DA:80,0
DA:81,0
DA:85,0
DA:86,0
DA:87,0
DA:88,0
DA:93,0
DA:94,0
DA:98,0
DA:99,0
DA:103,0
DA:104,0
DA:109,0
DA:110,0
DA:115,0
DA:119,0
DA:123,0
DA:124,0
DA:125,0
DA:126,0
DA:129,0
DA:130,0
DA:134,0
DA:136,0
DA:147,0
DA:154,0
DA:159,1
DA:160,1
DA:161,1
DA:162,1
DA:163,1
DA:165,1
DA:166,1
DA:168,1
DA:173,1
DA:174,1
DA:178,1
DA:179,1
DA:180,1
DA:181,1
DA:186,1
DA:187,1
DA:191,1
DA:192,1
DA:193,1
DA:194,1
DA:195,1
DA:196,1
DA:202,1
DA:203,1
DA:207,1
DA:208,1
DA:212,1
DA:213,1
DA:217,1
DA:218,1
DA:222,1
DA:223,1
DA:227,1
DA:228,1
DA:232,1
DA:233,1
DA:237,1
DA:238,1
DA:242,1
DA:243,1
DA:247,1
DA:248,1
DA:252,1
DA:253,1
DA:257,1
DA:258,1
DA:265,0
DA:266,0
DA:275,0
DA:276,0
DA:277,0
DA:278,0
DA:283,0
DA:284,0
DA:287,0
DA:292,0
LF:110
LH:58
BRDA:4,0,0,19
BRDA:4,0,1,19
BRDA:22,1,0,0
BRDA:22,2,0,0
BRDA:37,3,0,0
BRDA:37,3,1,0
BRDA:41,4,0,1
BRDA:56,5,0,0
BRDA:56,5,1,1
BRDA:63,6,0,0
BRDA:63,6,1,1
BRDA:69,7,0,0
BRDA:73,8,0,0
BRDA:73,8,1,0
BRDA:73,9,0,0
BRDA:73,9,1,0
BRDA:75,10,0,0
BRDA:75,10,1,0
BRDA:92,11,0,0
BRDA:122,12,0,0
BRDA:133,13,0,0
BRDA:162,14,0,1
BRDA:162,14,1,0
BRDA:165,15,0,1
BRDA:165,15,1,0
BRDA:177,16,0,0
BRDA:194,17,0,0
BRDA:194,17,1,1
BRF:28
BRH:8
end_of_record
TN:
SF:server\utils\lock.js
FN:5,acquireLock
FN:83,(anonymous_1)
FN:96,(anonymous_2)
FN:105,releaseLock
FN:134,isLockStale
FNF:5
FNH:0
FNDA:0,acquireLock
FNDA:0,(anonymous_1)
FNDA:0,(anonymous_2)
FNDA:0,releaseLock
FNDA:0,isLockStale
DA:6,0
DA:7,0
DA:8,0
DA:10,0
DA:11,0
DA:12,0
DA:19,0
DA:25,0
DA:30,0
DA:32,0
DA:33,0
DA:39,0
DA:44,0
DA:45,0
DA:51,0
DA:52,0
DA:56,0
DA:60,0
DA:63,0
DA:68,0
DA:69,0
DA:70,0
DA:75,0
DA:76,0
DA:79,0
DA:82,0
DA:83,0
DA:84,0
DA:86,0
DA:91,0
DA:92,0
DA:95,0
DA:96,0
DA:97,0
DA:102,0
DA:106,0
DA:107,0
DA:108,0
DA:113,0
DA:114,0
DA:115,0
DA:120,0
DA:123,0
DA:124,0
DA:128,0
DA:130,0
DA:135,0
DA:136,0
DA:137,0
DA:138,0
DA:143,0
DA:144,0
DA:148,0
DA:150,0
DA:153,0
LF:55
LH:0
BRDA:5,0,0,0
BRDA:5,1,0,0
BRDA:32,2,0,0
BRDA:32,2,1,0
BRDA:44,3,0,0
BRDA:44,3,1,0
BRDA:44,4,0,0
BRDA:44,4,1,0
BRDA:69,5,0,0
BRDA:69,5,1,0
BRDA:75,6,0,0
BRDA:75,6,1,0
BRDA:91,7,0,0
BRDA:91,7,1,0
BRDA:113,8,0,0
BRDA:113,8,1,0
BRDA:123,9,0,0
BRDA:123,9,1,0
BRDA:134,10,0,0
BRDA:143,11,0,0
BRDA:143,11,1,0
BRF:21
BRH:0
end_of_record
TN:
SF:server\utils\response.js
FN:1,(anonymous_0)
FN:15,(anonymous_1)
FNF:2
FNH:2
FNDA:1,(anonymous_0)
FNDA:3,(anonymous_1)
DA:1,1
DA:2,1
DA:12,1
DA:15,1
DA:16,3
LF:5
LH:5
BRDA:1,0,0,1
BRDA:5,1,0,1
BRDA:5,1,1,0
BRDA:6,2,0,1
BRDA:6,2,1,0
BRDA:15,3,0,0
BRF:6
BRH:3
end_of_record
TN:
SF:server\validations\user.validation.js
FN:6,(anonymous_0)
FNF:1
FNH:1
FNDA:1,(anonymous_0)
DA:3,1
DA:6,1
DA:10,1
LF:3
LH:3
BRDA:6,0,0,1
BRDA:6,0,1,0
BRF:2
BRH:1
end_of_record
